<?xml version="1.0" encoding="UTF-8"?>
<testsuites name="Change Password" time="395.544" tests="19" failures="0" errors="19">
   <testsuite name="Change Password" tests="19" failures="0" errors="19" time="395.544" skipped="0" timestamp="2022-10-07 22:58:08" hostname="nhu.tqnguyen - 192.168.1.8" id="Test Suites/Change Password">
      <properties>
         <property name="deviceName" value=""/>
         <property name="devicePlatform" value=""/>
         <property name="logFolder" value="/Users/nhu.tqnguyen/Documents/QUALITY ENGINEERING - SOURCE/LastCode_QE Automation/katalon-platform-qengineer-automation/Reports/20221007_225758/Change Password/20221007_225758"/>
         <property name="logFiles" value="/Users/nhu.tqnguyen/Documents/QUALITY ENGINEERING - SOURCE/LastCode_QE Automation/katalon-platform-qengineer-automation/Reports/20221007_225758/Change Password/20221007_225758/execution0.log"/>
         <property name="attachments" value="/Users/nhu.tqnguyen/Documents/QUALITY ENGINEERING - SOURCE/LastCode_QE Automation/katalon-platform-qengineer-automation/Reports/20221007_225758/Change Password/20221007_225758/1665158293054.png, /Users/nhu.tqnguyen/Documents/QUALITY ENGINEERING - SOURCE/LastCode_QE Automation/katalon-platform-qengineer-automation/Reports/20221007_225758/Change Password/20221007_225758/1665158295302.png, /Users/nhu.tqnguyen/Documents/QUALITY ENGINEERING - SOURCE/LastCode_QE Automation/katalon-platform-qengineer-automation/Reports/20221007_225758/Change Password/20221007_225758/1665158297432.png, /Users/nhu.tqnguyen/Documents/QUALITY ENGINEERING - SOURCE/LastCode_QE Automation/katalon-platform-qengineer-automation/Reports/20221007_225758/Change Password/20221007_225758/1665158299537.png, /Users/nhu.tqnguyen/Documents/QUALITY ENGINEERING - SOURCE/LastCode_QE Automation/katalon-platform-qengineer-automation/Reports/20221007_225758/Change Password/20221007_225758/1665158301719.png, /Users/nhu.tqnguyen/Documents/QUALITY ENGINEERING - SOURCE/LastCode_QE Automation/katalon-platform-qengineer-automation/Reports/20221007_225758/Change Password/20221007_225758/1665158303726.png, /Users/nhu.tqnguyen/Documents/QUALITY ENGINEERING - SOURCE/LastCode_QE Automation/katalon-platform-qengineer-automation/Reports/20221007_225758/Change Password/20221007_225758/1665158305924.png, /Users/nhu.tqnguyen/Documents/QUALITY ENGINEERING - SOURCE/LastCode_QE Automation/katalon-platform-qengineer-automation/Reports/20221007_225758/Change Password/20221007_225758/1665158307939.png, /Users/nhu.tqnguyen/Documents/QUALITY ENGINEERING - SOURCE/LastCode_QE Automation/katalon-platform-qengineer-automation/Reports/20221007_225758/Change Password/20221007_225758/1665158310039.png, /Users/nhu.tqnguyen/Documents/QUALITY ENGINEERING - SOURCE/LastCode_QE Automation/katalon-platform-qengineer-automation/Reports/20221007_225758/Change Password/20221007_225758/1665158312169.png, /Users/nhu.tqnguyen/Documents/QUALITY ENGINEERING - SOURCE/LastCode_QE Automation/katalon-platform-qengineer-automation/Reports/20221007_225758/Change Password/20221007_225758/1665158314129.png, /Users/nhu.tqnguyen/Documents/QUALITY ENGINEERING - SOURCE/LastCode_QE Automation/katalon-platform-qengineer-automation/Reports/20221007_225758/Change Password/20221007_225758/1665158316184.png, /Users/nhu.tqnguyen/Documents/QUALITY ENGINEERING - SOURCE/LastCode_QE Automation/katalon-platform-qengineer-automation/Reports/20221007_225758/Change Password/20221007_225758/1665158318222.png, /Users/nhu.tqnguyen/Documents/QUALITY ENGINEERING - SOURCE/LastCode_QE Automation/katalon-platform-qengineer-automation/Reports/20221007_225758/Change Password/20221007_225758/1665158320284.png, /Users/nhu.tqnguyen/Documents/QUALITY ENGINEERING - SOURCE/LastCode_QE Automation/katalon-platform-qengineer-automation/Reports/20221007_225758/Change Password/20221007_225758/1665158322336.png, /Users/nhu.tqnguyen/Documents/QUALITY ENGINEERING - SOURCE/LastCode_QE Automation/katalon-platform-qengineer-automation/Reports/20221007_225758/Change Password/20221007_225758/1665158324309.png, /Users/nhu.tqnguyen/Documents/QUALITY ENGINEERING - SOURCE/LastCode_QE Automation/katalon-platform-qengineer-automation/Reports/20221007_225758/Change Password/20221007_225758/1665158326343.png, /Users/nhu.tqnguyen/Documents/QUALITY ENGINEERING - SOURCE/LastCode_QE Automation/katalon-platform-qengineer-automation/Reports/20221007_225758/Change Password/20221007_225758/1665158328376.png, /Users/nhu.tqnguyen/Documents/QUALITY ENGINEERING - SOURCE/LastCode_QE Automation/katalon-platform-qengineer-automation/Reports/20221007_225758/Change Password/20221007_225758/1665158330352.png, /Users/nhu.tqnguyen/Documents/QUALITY ENGINEERING - SOURCE/LastCode_QE Automation/katalon-platform-qengineer-automation/Reports/20221007_225758/Change Password/20221007_225758/1665158332360.png, /Users/nhu.tqnguyen/Documents/QUALITY ENGINEERING - SOURCE/LastCode_QE Automation/katalon-platform-qengineer-automation/Reports/20221007_225758/Change Password/20221007_225758/1665158334597.png, /Users/nhu.tqnguyen/Documents/QUALITY ENGINEERING - SOURCE/LastCode_QE Automation/katalon-platform-qengineer-automation/Reports/20221007_225758/Change Password/20221007_225758/1665158336553.png, /Users/nhu.tqnguyen/Documents/QUALITY ENGINEERING - SOURCE/LastCode_QE Automation/katalon-platform-qengineer-automation/Reports/20221007_225758/Change Password/20221007_225758/1665158338493.png, /Users/nhu.tqnguyen/Documents/QUALITY ENGINEERING - SOURCE/LastCode_QE Automation/katalon-platform-qengineer-automation/Reports/20221007_225758/Change Password/20221007_225758/1665158340667.png, /Users/nhu.tqnguyen/Documents/QUALITY ENGINEERING - SOURCE/LastCode_QE Automation/katalon-platform-qengineer-automation/Reports/20221007_225758/Change Password/20221007_225758/1665158342677.png, /Users/nhu.tqnguyen/Documents/QUALITY ENGINEERING - SOURCE/LastCode_QE Automation/katalon-platform-qengineer-automation/Reports/20221007_225758/Change Password/20221007_225758/1665158344640.png, /Users/nhu.tqnguyen/Documents/QUALITY ENGINEERING - SOURCE/LastCode_QE Automation/katalon-platform-qengineer-automation/Reports/20221007_225758/Change Password/20221007_225758/1665158346799.png, /Users/nhu.tqnguyen/Documents/QUALITY ENGINEERING - SOURCE/LastCode_QE Automation/katalon-platform-qengineer-automation/Reports/20221007_225758/Change Password/20221007_225758/1665158348813.png, /Users/nhu.tqnguyen/Documents/QUALITY ENGINEERING - SOURCE/LastCode_QE Automation/katalon-platform-qengineer-automation/Reports/20221007_225758/Change Password/20221007_225758/1665158350884.png, /Users/nhu.tqnguyen/Documents/QUALITY ENGINEERING - SOURCE/LastCode_QE Automation/katalon-platform-qengineer-automation/Reports/20221007_225758/Change Password/20221007_225758/1665158352840.png, /Users/nhu.tqnguyen/Documents/QUALITY ENGINEERING - SOURCE/LastCode_QE Automation/katalon-platform-qengineer-automation/Reports/20221007_225758/Change Password/20221007_225758/1665158354866.png, /Users/nhu.tqnguyen/Documents/QUALITY ENGINEERING - SOURCE/LastCode_QE Automation/katalon-platform-qengineer-automation/Reports/20221007_225758/Change Password/20221007_225758/1665158356867.png, /Users/nhu.tqnguyen/Documents/QUALITY ENGINEERING - SOURCE/LastCode_QE Automation/katalon-platform-qengineer-automation/Reports/20221007_225758/Change Password/20221007_225758/1665158358891.png, /Users/nhu.tqnguyen/Documents/QUALITY ENGINEERING - SOURCE/LastCode_QE Automation/katalon-platform-qengineer-automation/Reports/20221007_225758/Change Password/20221007_225758/1665158360888.png, /Users/nhu.tqnguyen/Documents/QUALITY ENGINEERING - SOURCE/LastCode_QE Automation/katalon-platform-qengineer-automation/Reports/20221007_225758/Change Password/20221007_225758/1665158362938.png, /Users/nhu.tqnguyen/Documents/QUALITY ENGINEERING - SOURCE/LastCode_QE Automation/katalon-platform-qengineer-automation/Reports/20221007_225758/Change Password/20221007_225758/1665158364887.png, /Users/nhu.tqnguyen/Documents/QUALITY ENGINEERING - SOURCE/LastCode_QE Automation/katalon-platform-qengineer-automation/Reports/20221007_225758/Change Password/20221007_225758/1665158366840.png, /Users/nhu.tqnguyen/Documents/QUALITY ENGINEERING - SOURCE/LastCode_QE Automation/katalon-platform-qengineer-automation/Reports/20221007_225758/Change Password/20221007_225758/1665158368880.png, /Users/nhu.tqnguyen/Documents/QUALITY ENGINEERING - SOURCE/LastCode_QE Automation/katalon-platform-qengineer-automation/Reports/20221007_225758/Change Password/20221007_225758/1665158370848.png, /Users/nhu.tqnguyen/Documents/QUALITY ENGINEERING - SOURCE/LastCode_QE Automation/katalon-platform-qengineer-automation/Reports/20221007_225758/Change Password/20221007_225758/1665158372826.png, /Users/nhu.tqnguyen/Documents/QUALITY ENGINEERING - SOURCE/LastCode_QE Automation/katalon-platform-qengineer-automation/Reports/20221007_225758/Change Password/20221007_225758/1665158414181.png, /Users/nhu.tqnguyen/Documents/QUALITY ENGINEERING - SOURCE/LastCode_QE Automation/katalon-platform-qengineer-automation/Reports/20221007_225758/Change Password/20221007_225758/1665158416163.png, /Users/nhu.tqnguyen/Documents/QUALITY ENGINEERING - SOURCE/LastCode_QE Automation/katalon-platform-qengineer-automation/Reports/20221007_225758/Change Password/20221007_225758/1665158418042.png, /Users/nhu.tqnguyen/Documents/QUALITY ENGINEERING - SOURCE/LastCode_QE Automation/katalon-platform-qengineer-automation/Reports/20221007_225758/Change Password/20221007_225758/1665158419861.png, /Users/nhu.tqnguyen/Documents/QUALITY ENGINEERING - SOURCE/LastCode_QE Automation/katalon-platform-qengineer-automation/Reports/20221007_225758/Change Password/20221007_225758/1665158421731.png, /Users/nhu.tqnguyen/Documents/QUALITY ENGINEERING - SOURCE/LastCode_QE Automation/katalon-platform-qengineer-automation/Reports/20221007_225758/Change Password/20221007_225758/1665158423577.png, /Users/nhu.tqnguyen/Documents/QUALITY ENGINEERING - SOURCE/LastCode_QE Automation/katalon-platform-qengineer-automation/Reports/20221007_225758/Change Password/20221007_225758/1665158425445.png, /Users/nhu.tqnguyen/Documents/QUALITY ENGINEERING - SOURCE/LastCode_QE Automation/katalon-platform-qengineer-automation/Reports/20221007_225758/Change Password/20221007_225758/1665158427371.png, /Users/nhu.tqnguyen/Documents/QUALITY ENGINEERING - SOURCE/LastCode_QE Automation/katalon-platform-qengineer-automation/Reports/20221007_225758/Change Password/20221007_225758/1665158429313.png, /Users/nhu.tqnguyen/Documents/QUALITY ENGINEERING - SOURCE/LastCode_QE Automation/katalon-platform-qengineer-automation/Reports/20221007_225758/Change Password/20221007_225758/1665158431181.png, /Users/nhu.tqnguyen/Documents/QUALITY ENGINEERING - SOURCE/LastCode_QE Automation/katalon-platform-qengineer-automation/Reports/20221007_225758/Change Password/20221007_225758/1665158433095.png, /Users/nhu.tqnguyen/Documents/QUALITY ENGINEERING - SOURCE/LastCode_QE Automation/katalon-platform-qengineer-automation/Reports/20221007_225758/Change Password/20221007_225758/1665158476408.png, /Users/nhu.tqnguyen/Documents/QUALITY ENGINEERING - SOURCE/LastCode_QE Automation/katalon-platform-qengineer-automation/Reports/20221007_225758/Change Password/20221007_225758/1665158478353.png, /Users/nhu.tqnguyen/Documents/QUALITY ENGINEERING - SOURCE/LastCode_QE Automation/katalon-platform-qengineer-automation/Reports/20221007_225758/Change Password/20221007_225758/1665158480161.png, /Users/nhu.tqnguyen/Documents/QUALITY ENGINEERING - SOURCE/LastCode_QE Automation/katalon-platform-qengineer-automation/Reports/20221007_225758/Change Password/20221007_225758/1665158481974.png, /Users/nhu.tqnguyen/Documents/QUALITY ENGINEERING - SOURCE/LastCode_QE Automation/katalon-platform-qengineer-automation/Reports/20221007_225758/Change Password/20221007_225758/1665158483828.png, /Users/nhu.tqnguyen/Documents/QUALITY ENGINEERING - SOURCE/LastCode_QE Automation/katalon-platform-qengineer-automation/Reports/20221007_225758/Change Password/20221007_225758/1665158485723.png, /Users/nhu.tqnguyen/Documents/QUALITY ENGINEERING - SOURCE/LastCode_QE Automation/katalon-platform-qengineer-automation/Reports/20221007_225758/Change Password/20221007_225758/1665158487568.png, /Users/nhu.tqnguyen/Documents/QUALITY ENGINEERING - SOURCE/LastCode_QE Automation/katalon-platform-qengineer-automation/Reports/20221007_225758/Change Password/20221007_225758/1665158489508.png, /Users/nhu.tqnguyen/Documents/QUALITY ENGINEERING - SOURCE/LastCode_QE Automation/katalon-platform-qengineer-automation/Reports/20221007_225758/Change Password/20221007_225758/1665158491362.png, /Users/nhu.tqnguyen/Documents/QUALITY ENGINEERING - SOURCE/LastCode_QE Automation/katalon-platform-qengineer-automation/Reports/20221007_225758/Change Password/20221007_225758/1665158493260.png, /Users/nhu.tqnguyen/Documents/QUALITY ENGINEERING - SOURCE/LastCode_QE Automation/katalon-platform-qengineer-automation/Reports/20221007_225758/Change Password/20221007_225758/1665158495078.png, /Users/nhu.tqnguyen/Documents/QUALITY ENGINEERING - SOURCE/LastCode_QE Automation/katalon-platform-qengineer-automation/Reports/20221007_225758/Change Password/20221007_225758/1665158540868.png, /Users/nhu.tqnguyen/Documents/QUALITY ENGINEERING - SOURCE/LastCode_QE Automation/katalon-platform-qengineer-automation/Reports/20221007_225758/Change Password/20221007_225758/1665158542753.png, /Users/nhu.tqnguyen/Documents/QUALITY ENGINEERING - SOURCE/LastCode_QE Automation/katalon-platform-qengineer-automation/Reports/20221007_225758/Change Password/20221007_225758/1665158544746.png, /Users/nhu.tqnguyen/Documents/QUALITY ENGINEERING - SOURCE/LastCode_QE Automation/katalon-platform-qengineer-automation/Reports/20221007_225758/Change Password/20221007_225758/1665158546627.png, /Users/nhu.tqnguyen/Documents/QUALITY ENGINEERING - SOURCE/LastCode_QE Automation/katalon-platform-qengineer-automation/Reports/20221007_225758/Change Password/20221007_225758/1665158548450.png, /Users/nhu.tqnguyen/Documents/QUALITY ENGINEERING - SOURCE/LastCode_QE Automation/katalon-platform-qengineer-automation/Reports/20221007_225758/Change Password/20221007_225758/1665158550282.png, /Users/nhu.tqnguyen/Documents/QUALITY ENGINEERING - SOURCE/LastCode_QE Automation/katalon-platform-qengineer-automation/Reports/20221007_225758/Change Password/20221007_225758/1665158552214.png, /Users/nhu.tqnguyen/Documents/QUALITY ENGINEERING - SOURCE/LastCode_QE Automation/katalon-platform-qengineer-automation/Reports/20221007_225758/Change Password/20221007_225758/1665158554028.png, /Users/nhu.tqnguyen/Documents/QUALITY ENGINEERING - SOURCE/LastCode_QE Automation/katalon-platform-qengineer-automation/Reports/20221007_225758/Change Password/20221007_225758/1665158555909.png, /Users/nhu.tqnguyen/Documents/QUALITY ENGINEERING - SOURCE/LastCode_QE Automation/katalon-platform-qengineer-automation/Reports/20221007_225758/Change Password/20221007_225758/1665158557778.png, /Users/nhu.tqnguyen/Documents/QUALITY ENGINEERING - SOURCE/LastCode_QE Automation/katalon-platform-qengineer-automation/Reports/20221007_225758/Change Password/20221007_225758/1665158559749.png, /Users/nhu.tqnguyen/Documents/QUALITY ENGINEERING - SOURCE/LastCode_QE Automation/katalon-platform-qengineer-automation/Reports/20221007_225758/Change Password/20221007_225758/1665158680302.png, /Users/nhu.tqnguyen/Documents/QUALITY ENGINEERING - SOURCE/LastCode_QE Automation/katalon-platform-qengineer-automation/Reports/20221007_225758/Change Password/20221007_225758/1665158682348.png, /Users/nhu.tqnguyen/Documents/QUALITY ENGINEERING - SOURCE/LastCode_QE Automation/katalon-platform-qengineer-automation/Reports/20221007_225758/Change Password/20221007_225758/1665158684160.png"/>
         <property name="hostName" value="nhu.tqnguyen - 192.168.1.8"/>
         <property name="os" value="Mac OS X 64bit"/>
         <property name="katalonVersion" value="8.5.0.208"/>
         <property name="browser" value="Chrome 105.0.0.0"/>
         <property name="hostAddress" value="192.168.1.8"/>
         <property name="sessionId" value="f6c1b6c69d0b67cb45a5f2706e62d187"/>
         <property name="seleniumVersion" value="3.141.59"/>
         <property name="proxyInformation" value="ProxyInformation { proxyOption=NO_PROXY, proxyServerType=HTTP, username=, password=********, proxyServerAddress=, proxyServerPort=0, executionList=&quot;&quot;, isApplyToDesiredCapabilities=true }"/>
         <property name="platform" value="Mac OS X"/>
      </properties>
      <testcase name="Test Cases/MyAdmin/Profile/KO-3214 Verify change password successfully" time="2.084" classname="Test Cases/MyAdmin/Profile/KO-3214 Verify change password successfully" status="ERROR">
         <error type="ERROR" message="Test Cases/MyAdmin/Profile/KO-3214 Verify change password successfully FAILED.
Reason:
org.codehaus.groovy.control.MultipleCompilationErrorsException: startup failed:
file:/Users/nhu.tqnguyen/Documents/QUALITY%20ENGINEERING%20-%20SOURCE/LastCode_QE%20Automation/katalon-platform-qengineer-automation/Scripts/MyAdmin/Profile/KO-3214%20Verify%20change%20password%20successfully/Script1665054504862.groovy: 17: unable to resolve class katalon.common.ProfilePage
 @ line 17, column 1.
   import katalon.common.ProfilePage
   ^

1 error

	at com.kms.katalon.core.main.ScriptEngine.getScript(ScriptEngine.java:199)
	at com.kms.katalon.core.main.ScriptEngine.run(ScriptEngine.java:194)
	at com.kms.katalon.core.main.ScriptEngine.runScriptAsRawText(ScriptEngine.java:119)
	at com.kms.katalon.core.main.TestCaseExecutor.runScript(TestCaseExecutor.java:448)
	at com.kms.katalon.core.main.TestCaseExecutor.doExecute(TestCaseExecutor.java:439)
	at com.kms.katalon.core.main.TestCaseExecutor.processExecutionPhase(TestCaseExecutor.java:418)
	at com.kms.katalon.core.main.TestCaseExecutor.accessMainPhase(TestCaseExecutor.java:410)
	at com.kms.katalon.core.main.TestCaseExecutor.execute(TestCaseExecutor.java:285)
	at com.kms.katalon.core.main.TestCaseExecutor.execute(TestCaseExecutor.java:369)
	at com.kms.katalon.core.main.TestCaseExecutor.execute(TestCaseExecutor.java:369)
	at com.kms.katalon.core.main.TestCaseExecutor.execute(TestCaseExecutor.java:369)
	at com.kms.katalon.core.common.CommonExecutor.accessTestCaseMainPhase(CommonExecutor.java:65)
	at com.kms.katalon.core.main.TestSuiteExecutor.accessTestSuiteMainPhase(TestSuiteExecutor.java:151)
	at com.kms.katalon.core.main.TestSuiteExecutor.execute(TestSuiteExecutor.java:106)
	at com.kms.katalon.core.main.TestCaseMain.startTestSuite(TestCaseMain.java:185)
	at com.kms.katalon.core.main.TestCaseMain$startTestSuite$0.call(Unknown Source)
	at TempTestSuite1665158278242.run(TempTestSuite1665158278242.groovy:36)
"/>
         <system-out><![CDATA[2022-10-07 22:58:17 - [TEST_CASE][ERROR] - Test Cases/MyAdmin/Profile/KO-3214 Verify change password successfully: Test Cases/MyAdmin/Profile/KO-3214 Verify change password successfully FAILED.
Reason:
org.codehaus.groovy.control.MultipleCompilationErrorsException: startup failed:
file:/Users/nhu.tqnguyen/Documents/QUALITY%20ENGINEERING%20-%20SOURCE/LastCode_QE%20Automation/katalon-platform-qengineer-automation/Scripts/MyAdmin/Profile/KO-3214%20Verify%20change%20password%20successfully/Script1665054504862.groovy: 17: unable to resolve class katalon.common.ProfilePage
 @ line 17, column 1.
   import katalon.common.ProfilePage
   ^

1 error

	at com.kms.katalon.core.main.ScriptEngine.getScript(ScriptEngine.java:199)
	at com.kms.katalon.core.main.ScriptEngine.run(ScriptEngine.java:194)
	at com.kms.katalon.core.main.ScriptEngine.runScriptAsRawText(ScriptEngine.java:119)
	at com.kms.katalon.core.main.TestCaseExecutor.runScript(TestCaseExecutor.java:448)
	at com.kms.katalon.core.main.TestCaseExecutor.doExecute(TestCaseExecutor.java:439)
	at com.kms.katalon.core.main.TestCaseExecutor.processExecutionPhase(TestCaseExecutor.java:418)
	at com.kms.katalon.core.main.TestCaseExecutor.accessMainPhase(TestCaseExecutor.java:410)
	at com.kms.katalon.core.main.TestCaseExecutor.execute(TestCaseExecutor.java:285)
	at com.kms.katalon.core.main.TestCaseExecutor.execute(TestCaseExecutor.java:369)
	at com.kms.katalon.core.main.TestCaseExecutor.execute(TestCaseExecutor.java:369)
	at com.kms.katalon.core.main.TestCaseExecutor.execute(TestCaseExecutor.java:369)
	at com.kms.katalon.core.common.CommonExecutor.accessTestCaseMainPhase(CommonExecutor.java:65)
	at com.kms.katalon.core.main.TestSuiteExecutor.accessTestSuiteMainPhase(TestSuiteExecutor.java:151)
	at com.kms.katalon.core.main.TestSuiteExecutor.execute(TestSuiteExecutor.java:106)
	at com.kms.katalon.core.main.TestCaseMain.startTestSuite(TestCaseMain.java:185)
	at com.kms.katalon.core.main.TestCaseMain$startTestSuite$0.call(Unknown Source)
	at TempTestSuite1665158278242.run(TempTestSuite1665158278242.groovy:36)


2022-10-07 22:58:17 - [TEST_STEP][PASSED] - Start listener action : sampleBeforeTestCase: Current window maximized

2022-10-07 22:58:17 - [TEST_STEP][PASSED] - openBrowser(null): Browser is opened with url: 'null'

2022-10-07 22:58:17 - [MESSAGE][INFO] - Starting 'Chrome' driver

2022-10-07 22:58:17 - [MESSAGE][INFO] - Action delay is set to 0 milliseconds

2022-10-07 22:58:19 - [MESSAGE][PASSED] - Browser is opened with url: 'null'

2022-10-07 22:58:19 - [TEST_STEP][PASSED] - maximizeWindow(): Current window maximized

2022-10-07 22:58:19 - [MESSAGE][PASSED] - Current window maximized

2022-10-07 22:58:19 - [TEST_STEP][PASSED] - Start listener action : sampleAfterTestCase: Browser is closed

2022-10-07 22:58:19 - [TEST_STEP][PASSED] - if (!(getTestCaseStatus().equalsIgnoreCase("PASSED"))): Browser is closed

2022-10-07 22:58:19 - [TEST_STEP][PASSED] - takeScreenshot(): Taking screenshot successfully

2022-10-07 22:58:19 - [MESSAGE][PASSED] - Taking screenshot successfully
[[ATTACHMENT|/Users/nhu.tqnguyen/Documents/QUALITY ENGINEERING - SOURCE/LastCode_QE Automation/katalon-platform-qengineer-automation/Reports/20221007_225758/Change Password/20221007_225758/1665158299537.png]]

2022-10-07 22:58:19 - [TEST_STEP][PASSED] - closeBrowser(): Browser is closed

2022-10-07 22:58:19 - [MESSAGE][PASSED] - Browser is closed

2022-10-07 22:58:19 - [TEST_STEP][PASSED] - closeBrowser(): Browser is closed

2022-10-07 22:58:19 - [MESSAGE][PASSED] - Browser is closed]]></system-out>
         <system-err><![CDATA[2022-10-07 22:58:17 - [TEST_CASE][ERROR] - Test Cases/MyAdmin/Profile/KO-3214 Verify change password successfully: Test Cases/MyAdmin/Profile/KO-3214 Verify change password successfully FAILED.
Reason:
org.codehaus.groovy.control.MultipleCompilationErrorsException: startup failed:
file:/Users/nhu.tqnguyen/Documents/QUALITY%20ENGINEERING%20-%20SOURCE/LastCode_QE%20Automation/katalon-platform-qengineer-automation/Scripts/MyAdmin/Profile/KO-3214%20Verify%20change%20password%20successfully/Script1665054504862.groovy: 17: unable to resolve class katalon.common.ProfilePage
 @ line 17, column 1.
   import katalon.common.ProfilePage
   ^

1 error

	at com.kms.katalon.core.main.ScriptEngine.getScript(ScriptEngine.java:199)
	at com.kms.katalon.core.main.ScriptEngine.run(ScriptEngine.java:194)
	at com.kms.katalon.core.main.ScriptEngine.runScriptAsRawText(ScriptEngine.java:119)
	at com.kms.katalon.core.main.TestCaseExecutor.runScript(TestCaseExecutor.java:448)
	at com.kms.katalon.core.main.TestCaseExecutor.doExecute(TestCaseExecutor.java:439)
	at com.kms.katalon.core.main.TestCaseExecutor.processExecutionPhase(TestCaseExecutor.java:418)
	at com.kms.katalon.core.main.TestCaseExecutor.accessMainPhase(TestCaseExecutor.java:410)
	at com.kms.katalon.core.main.TestCaseExecutor.execute(TestCaseExecutor.java:285)
	at com.kms.katalon.core.main.TestCaseExecutor.execute(TestCaseExecutor.java:369)
	at com.kms.katalon.core.main.TestCaseExecutor.execute(TestCaseExecutor.java:369)
	at com.kms.katalon.core.main.TestCaseExecutor.execute(TestCaseExecutor.java:369)
	at com.kms.katalon.core.common.CommonExecutor.accessTestCaseMainPhase(CommonExecutor.java:65)
	at com.kms.katalon.core.main.TestSuiteExecutor.accessTestSuiteMainPhase(TestSuiteExecutor.java:151)
	at com.kms.katalon.core.main.TestSuiteExecutor.execute(TestSuiteExecutor.java:106)
	at com.kms.katalon.core.main.TestCaseMain.startTestSuite(TestCaseMain.java:185)
	at com.kms.katalon.core.main.TestCaseMain$startTestSuite$0.call(Unknown Source)
	at TempTestSuite1665158278242.run(TempTestSuite1665158278242.groovy:36)]]></system-err>
      </testcase>
      <testcase name="Test Cases/MyAdmin/Profile/KO-3215 Verify change password failed" time="2.003" classname="Test Cases/MyAdmin/Profile/KO-3215 Verify change password failed" status="ERROR">
         <error type="ERROR" message="Test Cases/MyAdmin/Profile/KO-3215 Verify change password failed FAILED.
Reason:
org.codehaus.groovy.control.MultipleCompilationErrorsException: startup failed:
file:/Users/nhu.tqnguyen/Documents/QUALITY%20ENGINEERING%20-%20SOURCE/LastCode_QE%20Automation/katalon-platform-qengineer-automation/Scripts/MyAdmin/Profile/KO-3215%20Verify%20change%20password%20failed/Script1664699021746.groovy: 18: unable to resolve class katalon.common.ChangePasswordPopup
 @ line 18, column 1.
   import katalon.common.ChangePasswordPopup
   ^

file:/Users/nhu.tqnguyen/Documents/QUALITY%20ENGINEERING%20-%20SOURCE/LastCode_QE%20Automation/katalon-platform-qengineer-automation/Scripts/MyAdmin/Profile/KO-3215%20Verify%20change%20password%20failed/Script1664699021746.groovy: 17: unable to resolve class katalon.common.ProfilePage
 @ line 17, column 1.
   import katalon.common.ProfilePage
   ^

2 errors

	at com.kms.katalon.core.main.ScriptEngine.getScript(ScriptEngine.java:199)
	at com.kms.katalon.core.main.ScriptEngine.run(ScriptEngine.java:194)
	at com.kms.katalon.core.main.ScriptEngine.runScriptAsRawText(ScriptEngine.java:119)
	at com.kms.katalon.core.main.TestCaseExecutor.runScript(TestCaseExecutor.java:448)
	at com.kms.katalon.core.main.TestCaseExecutor.doExecute(TestCaseExecutor.java:439)
	at com.kms.katalon.core.main.TestCaseExecutor.processExecutionPhase(TestCaseExecutor.java:418)
	at com.kms.katalon.core.main.TestCaseExecutor.accessMainPhase(TestCaseExecutor.java:410)
	at com.kms.katalon.core.main.TestCaseExecutor.execute(TestCaseExecutor.java:285)
	at com.kms.katalon.core.main.TestCaseExecutor.execute(TestCaseExecutor.java:369)
	at com.kms.katalon.core.main.TestCaseExecutor.execute(TestCaseExecutor.java:369)
	at com.kms.katalon.core.main.TestCaseExecutor.execute(TestCaseExecutor.java:369)
	at com.kms.katalon.core.common.CommonExecutor.accessTestCaseMainPhase(CommonExecutor.java:65)
	at com.kms.katalon.core.main.TestSuiteExecutor.accessTestSuiteMainPhase(TestSuiteExecutor.java:151)
	at com.kms.katalon.core.main.TestSuiteExecutor.execute(TestSuiteExecutor.java:106)
	at com.kms.katalon.core.main.TestCaseMain.startTestSuite(TestCaseMain.java:185)
	at com.kms.katalon.core.main.TestCaseMain$startTestSuite$0.call(Unknown Source)
	at TempTestSuite1665158278242.run(TempTestSuite1665158278242.groovy:36)
"/>
         <system-out><![CDATA[2022-10-07 22:58:26 - [TEST_CASE][ERROR] - Test Cases/MyAdmin/Profile/KO-3215 Verify change password failed: Test Cases/MyAdmin/Profile/KO-3215 Verify change password failed FAILED.
Reason:
org.codehaus.groovy.control.MultipleCompilationErrorsException: startup failed:
file:/Users/nhu.tqnguyen/Documents/QUALITY%20ENGINEERING%20-%20SOURCE/LastCode_QE%20Automation/katalon-platform-qengineer-automation/Scripts/MyAdmin/Profile/KO-3215%20Verify%20change%20password%20failed/Script1664699021746.groovy: 18: unable to resolve class katalon.common.ChangePasswordPopup
 @ line 18, column 1.
   import katalon.common.ChangePasswordPopup
   ^

file:/Users/nhu.tqnguyen/Documents/QUALITY%20ENGINEERING%20-%20SOURCE/LastCode_QE%20Automation/katalon-platform-qengineer-automation/Scripts/MyAdmin/Profile/KO-3215%20Verify%20change%20password%20failed/Script1664699021746.groovy: 17: unable to resolve class katalon.common.ProfilePage
 @ line 17, column 1.
   import katalon.common.ProfilePage
   ^

2 errors

	at com.kms.katalon.core.main.ScriptEngine.getScript(ScriptEngine.java:199)
	at com.kms.katalon.core.main.ScriptEngine.run(ScriptEngine.java:194)
	at com.kms.katalon.core.main.ScriptEngine.runScriptAsRawText(ScriptEngine.java:119)
	at com.kms.katalon.core.main.TestCaseExecutor.runScript(TestCaseExecutor.java:448)
	at com.kms.katalon.core.main.TestCaseExecutor.doExecute(TestCaseExecutor.java:439)
	at com.kms.katalon.core.main.TestCaseExecutor.processExecutionPhase(TestCaseExecutor.java:418)
	at com.kms.katalon.core.main.TestCaseExecutor.accessMainPhase(TestCaseExecutor.java:410)
	at com.kms.katalon.core.main.TestCaseExecutor.execute(TestCaseExecutor.java:285)
	at com.kms.katalon.core.main.TestCaseExecutor.execute(TestCaseExecutor.java:369)
	at com.kms.katalon.core.main.TestCaseExecutor.execute(TestCaseExecutor.java:369)
	at com.kms.katalon.core.main.TestCaseExecutor.execute(TestCaseExecutor.java:369)
	at com.kms.katalon.core.common.CommonExecutor.accessTestCaseMainPhase(CommonExecutor.java:65)
	at com.kms.katalon.core.main.TestSuiteExecutor.accessTestSuiteMainPhase(TestSuiteExecutor.java:151)
	at com.kms.katalon.core.main.TestSuiteExecutor.execute(TestSuiteExecutor.java:106)
	at com.kms.katalon.core.main.TestCaseMain.startTestSuite(TestCaseMain.java:185)
	at com.kms.katalon.core.main.TestCaseMain$startTestSuite$0.call(Unknown Source)
	at TempTestSuite1665158278242.run(TempTestSuite1665158278242.groovy:36)


2022-10-07 22:58:26 - [TEST_STEP][PASSED] - Start listener action : sampleBeforeTestCase: Current window maximized

2022-10-07 22:58:26 - [TEST_STEP][PASSED] - openBrowser(null): Browser is opened with url: 'null'

2022-10-07 22:58:26 - [MESSAGE][INFO] - Starting 'Chrome' driver

2022-10-07 22:58:26 - [MESSAGE][INFO] - Action delay is set to 0 milliseconds

2022-10-07 22:58:27 - [MESSAGE][PASSED] - Browser is opened with url: 'null'

2022-10-07 22:58:27 - [TEST_STEP][PASSED] - maximizeWindow(): Current window maximized

2022-10-07 22:58:27 - [MESSAGE][PASSED] - Current window maximized

2022-10-07 22:58:27 - [TEST_STEP][PASSED] - Start listener action : sampleAfterTestCase: Browser is closed

2022-10-07 22:58:27 - [TEST_STEP][PASSED] - if (!(getTestCaseStatus().equalsIgnoreCase("PASSED"))): Browser is closed

2022-10-07 22:58:27 - [TEST_STEP][PASSED] - takeScreenshot(): Taking screenshot successfully

2022-10-07 22:58:28 - [MESSAGE][PASSED] - Taking screenshot successfully
[[ATTACHMENT|/Users/nhu.tqnguyen/Documents/QUALITY ENGINEERING - SOURCE/LastCode_QE Automation/katalon-platform-qengineer-automation/Reports/20221007_225758/Change Password/20221007_225758/1665158307939.png]]

2022-10-07 22:58:28 - [TEST_STEP][PASSED] - closeBrowser(): Browser is closed

2022-10-07 22:58:28 - [MESSAGE][PASSED] - Browser is closed

2022-10-07 22:58:28 - [TEST_STEP][PASSED] - closeBrowser(): Browser is closed

2022-10-07 22:58:28 - [MESSAGE][PASSED] - Browser is closed]]></system-out>
         <system-err><![CDATA[2022-10-07 22:58:26 - [TEST_CASE][ERROR] - Test Cases/MyAdmin/Profile/KO-3215 Verify change password failed: Test Cases/MyAdmin/Profile/KO-3215 Verify change password failed FAILED.
Reason:
org.codehaus.groovy.control.MultipleCompilationErrorsException: startup failed:
file:/Users/nhu.tqnguyen/Documents/QUALITY%20ENGINEERING%20-%20SOURCE/LastCode_QE%20Automation/katalon-platform-qengineer-automation/Scripts/MyAdmin/Profile/KO-3215%20Verify%20change%20password%20failed/Script1664699021746.groovy: 18: unable to resolve class katalon.common.ChangePasswordPopup
 @ line 18, column 1.
   import katalon.common.ChangePasswordPopup
   ^

file:/Users/nhu.tqnguyen/Documents/QUALITY%20ENGINEERING%20-%20SOURCE/LastCode_QE%20Automation/katalon-platform-qengineer-automation/Scripts/MyAdmin/Profile/KO-3215%20Verify%20change%20password%20failed/Script1664699021746.groovy: 17: unable to resolve class katalon.common.ProfilePage
 @ line 17, column 1.
   import katalon.common.ProfilePage
   ^

2 errors

	at com.kms.katalon.core.main.ScriptEngine.getScript(ScriptEngine.java:199)
	at com.kms.katalon.core.main.ScriptEngine.run(ScriptEngine.java:194)
	at com.kms.katalon.core.main.ScriptEngine.runScriptAsRawText(ScriptEngine.java:119)
	at com.kms.katalon.core.main.TestCaseExecutor.runScript(TestCaseExecutor.java:448)
	at com.kms.katalon.core.main.TestCaseExecutor.doExecute(TestCaseExecutor.java:439)
	at com.kms.katalon.core.main.TestCaseExecutor.processExecutionPhase(TestCaseExecutor.java:418)
	at com.kms.katalon.core.main.TestCaseExecutor.accessMainPhase(TestCaseExecutor.java:410)
	at com.kms.katalon.core.main.TestCaseExecutor.execute(TestCaseExecutor.java:285)
	at com.kms.katalon.core.main.TestCaseExecutor.execute(TestCaseExecutor.java:369)
	at com.kms.katalon.core.main.TestCaseExecutor.execute(TestCaseExecutor.java:369)
	at com.kms.katalon.core.main.TestCaseExecutor.execute(TestCaseExecutor.java:369)
	at com.kms.katalon.core.common.CommonExecutor.accessTestCaseMainPhase(CommonExecutor.java:65)
	at com.kms.katalon.core.main.TestSuiteExecutor.accessTestSuiteMainPhase(TestSuiteExecutor.java:151)
	at com.kms.katalon.core.main.TestSuiteExecutor.execute(TestSuiteExecutor.java:106)
	at com.kms.katalon.core.main.TestCaseMain.startTestSuite(TestCaseMain.java:185)
	at com.kms.katalon.core.main.TestCaseMain$startTestSuite$0.call(Unknown Source)
	at TempTestSuite1665158278242.run(TempTestSuite1665158278242.groovy:36)]]></system-err>
      </testcase>
      <testcase name="Test Cases/MyAdmin/Profile/KO-3215 Verify change password failed" time="2.053" classname="Test Cases/MyAdmin/Profile/KO-3215 Verify change password failed" status="ERROR">
         <error type="ERROR" message="Test Cases/MyAdmin/Profile/KO-3215 Verify change password failed FAILED.
Reason:
org.codehaus.groovy.control.MultipleCompilationErrorsException: startup failed:
file:/Users/nhu.tqnguyen/Documents/QUALITY%20ENGINEERING%20-%20SOURCE/LastCode_QE%20Automation/katalon-platform-qengineer-automation/Scripts/MyAdmin/Profile/KO-3215%20Verify%20change%20password%20failed/Script1664699021746.groovy: 18: unable to resolve class katalon.common.ChangePasswordPopup
 @ line 18, column 1.
   import katalon.common.ChangePasswordPopup
   ^

file:/Users/nhu.tqnguyen/Documents/QUALITY%20ENGINEERING%20-%20SOURCE/LastCode_QE%20Automation/katalon-platform-qengineer-automation/Scripts/MyAdmin/Profile/KO-3215%20Verify%20change%20password%20failed/Script1664699021746.groovy: 17: unable to resolve class katalon.common.ProfilePage
 @ line 17, column 1.
   import katalon.common.ProfilePage
   ^

2 errors

	at com.kms.katalon.core.main.ScriptEngine.getScript(ScriptEngine.java:199)
	at com.kms.katalon.core.main.ScriptEngine.run(ScriptEngine.java:194)
	at com.kms.katalon.core.main.ScriptEngine.runScriptAsRawText(ScriptEngine.java:119)
	at com.kms.katalon.core.main.TestCaseExecutor.runScript(TestCaseExecutor.java:448)
	at com.kms.katalon.core.main.TestCaseExecutor.doExecute(TestCaseExecutor.java:439)
	at com.kms.katalon.core.main.TestCaseExecutor.processExecutionPhase(TestCaseExecutor.java:418)
	at com.kms.katalon.core.main.TestCaseExecutor.accessMainPhase(TestCaseExecutor.java:410)
	at com.kms.katalon.core.main.TestCaseExecutor.execute(TestCaseExecutor.java:285)
	at com.kms.katalon.core.main.TestCaseExecutor.execute(TestCaseExecutor.java:369)
	at com.kms.katalon.core.main.TestCaseExecutor.execute(TestCaseExecutor.java:369)
	at com.kms.katalon.core.main.TestCaseExecutor.execute(TestCaseExecutor.java:369)
	at com.kms.katalon.core.common.CommonExecutor.accessTestCaseMainPhase(CommonExecutor.java:65)
	at com.kms.katalon.core.main.TestSuiteExecutor.accessTestSuiteMainPhase(TestSuiteExecutor.java:151)
	at com.kms.katalon.core.main.TestSuiteExecutor.execute(TestSuiteExecutor.java:106)
	at com.kms.katalon.core.main.TestCaseMain.startTestSuite(TestCaseMain.java:185)
	at com.kms.katalon.core.main.TestCaseMain$startTestSuite$0.call(Unknown Source)
	at TempTestSuite1665158278242.run(TempTestSuite1665158278242.groovy:36)
"/>
         <system-out><![CDATA[2022-10-07 22:58:34 - [TEST_CASE][ERROR] - Test Cases/MyAdmin/Profile/KO-3215 Verify change password failed: Test Cases/MyAdmin/Profile/KO-3215 Verify change password failed FAILED.
Reason:
org.codehaus.groovy.control.MultipleCompilationErrorsException: startup failed:
file:/Users/nhu.tqnguyen/Documents/QUALITY%20ENGINEERING%20-%20SOURCE/LastCode_QE%20Automation/katalon-platform-qengineer-automation/Scripts/MyAdmin/Profile/KO-3215%20Verify%20change%20password%20failed/Script1664699021746.groovy: 18: unable to resolve class katalon.common.ChangePasswordPopup
 @ line 18, column 1.
   import katalon.common.ChangePasswordPopup
   ^

file:/Users/nhu.tqnguyen/Documents/QUALITY%20ENGINEERING%20-%20SOURCE/LastCode_QE%20Automation/katalon-platform-qengineer-automation/Scripts/MyAdmin/Profile/KO-3215%20Verify%20change%20password%20failed/Script1664699021746.groovy: 17: unable to resolve class katalon.common.ProfilePage
 @ line 17, column 1.
   import katalon.common.ProfilePage
   ^

2 errors

	at com.kms.katalon.core.main.ScriptEngine.getScript(ScriptEngine.java:199)
	at com.kms.katalon.core.main.ScriptEngine.run(ScriptEngine.java:194)
	at com.kms.katalon.core.main.ScriptEngine.runScriptAsRawText(ScriptEngine.java:119)
	at com.kms.katalon.core.main.TestCaseExecutor.runScript(TestCaseExecutor.java:448)
	at com.kms.katalon.core.main.TestCaseExecutor.doExecute(TestCaseExecutor.java:439)
	at com.kms.katalon.core.main.TestCaseExecutor.processExecutionPhase(TestCaseExecutor.java:418)
	at com.kms.katalon.core.main.TestCaseExecutor.accessMainPhase(TestCaseExecutor.java:410)
	at com.kms.katalon.core.main.TestCaseExecutor.execute(TestCaseExecutor.java:285)
	at com.kms.katalon.core.main.TestCaseExecutor.execute(TestCaseExecutor.java:369)
	at com.kms.katalon.core.main.TestCaseExecutor.execute(TestCaseExecutor.java:369)
	at com.kms.katalon.core.main.TestCaseExecutor.execute(TestCaseExecutor.java:369)
	at com.kms.katalon.core.common.CommonExecutor.accessTestCaseMainPhase(CommonExecutor.java:65)
	at com.kms.katalon.core.main.TestSuiteExecutor.accessTestSuiteMainPhase(TestSuiteExecutor.java:151)
	at com.kms.katalon.core.main.TestSuiteExecutor.execute(TestSuiteExecutor.java:106)
	at com.kms.katalon.core.main.TestCaseMain.startTestSuite(TestCaseMain.java:185)
	at com.kms.katalon.core.main.TestCaseMain$startTestSuite$0.call(Unknown Source)
	at TempTestSuite1665158278242.run(TempTestSuite1665158278242.groovy:36)


2022-10-07 22:58:34 - [TEST_STEP][PASSED] - Start listener action : sampleBeforeTestCase: Current window maximized

2022-10-07 22:58:34 - [TEST_STEP][PASSED] - openBrowser(null): Browser is opened with url: 'null'

2022-10-07 22:58:34 - [MESSAGE][INFO] - Starting 'Chrome' driver

2022-10-07 22:58:34 - [MESSAGE][INFO] - Action delay is set to 0 milliseconds

2022-10-07 22:58:35 - [MESSAGE][PASSED] - Browser is opened with url: 'null'

2022-10-07 22:58:35 - [TEST_STEP][PASSED] - maximizeWindow(): Current window maximized

2022-10-07 22:58:35 - [MESSAGE][PASSED] - Current window maximized

2022-10-07 22:58:36 - [TEST_STEP][PASSED] - Start listener action : sampleAfterTestCase: Browser is closed

2022-10-07 22:58:36 - [TEST_STEP][PASSED] - if (!(getTestCaseStatus().equalsIgnoreCase("PASSED"))): Browser is closed

2022-10-07 22:58:36 - [TEST_STEP][PASSED] - takeScreenshot(): Taking screenshot successfully

2022-10-07 22:58:36 - [MESSAGE][PASSED] - Taking screenshot successfully
[[ATTACHMENT|/Users/nhu.tqnguyen/Documents/QUALITY ENGINEERING - SOURCE/LastCode_QE Automation/katalon-platform-qengineer-automation/Reports/20221007_225758/Change Password/20221007_225758/1665158316184.png]]

2022-10-07 22:58:36 - [TEST_STEP][PASSED] - closeBrowser(): Browser is closed

2022-10-07 22:58:36 - [MESSAGE][PASSED] - Browser is closed

2022-10-07 22:58:36 - [TEST_STEP][PASSED] - closeBrowser(): Browser is closed

2022-10-07 22:58:36 - [MESSAGE][PASSED] - Browser is closed]]></system-out>
         <system-err><![CDATA[2022-10-07 22:58:34 - [TEST_CASE][ERROR] - Test Cases/MyAdmin/Profile/KO-3215 Verify change password failed: Test Cases/MyAdmin/Profile/KO-3215 Verify change password failed FAILED.
Reason:
org.codehaus.groovy.control.MultipleCompilationErrorsException: startup failed:
file:/Users/nhu.tqnguyen/Documents/QUALITY%20ENGINEERING%20-%20SOURCE/LastCode_QE%20Automation/katalon-platform-qengineer-automation/Scripts/MyAdmin/Profile/KO-3215%20Verify%20change%20password%20failed/Script1664699021746.groovy: 18: unable to resolve class katalon.common.ChangePasswordPopup
 @ line 18, column 1.
   import katalon.common.ChangePasswordPopup
   ^

file:/Users/nhu.tqnguyen/Documents/QUALITY%20ENGINEERING%20-%20SOURCE/LastCode_QE%20Automation/katalon-platform-qengineer-automation/Scripts/MyAdmin/Profile/KO-3215%20Verify%20change%20password%20failed/Script1664699021746.groovy: 17: unable to resolve class katalon.common.ProfilePage
 @ line 17, column 1.
   import katalon.common.ProfilePage
   ^

2 errors

	at com.kms.katalon.core.main.ScriptEngine.getScript(ScriptEngine.java:199)
	at com.kms.katalon.core.main.ScriptEngine.run(ScriptEngine.java:194)
	at com.kms.katalon.core.main.ScriptEngine.runScriptAsRawText(ScriptEngine.java:119)
	at com.kms.katalon.core.main.TestCaseExecutor.runScript(TestCaseExecutor.java:448)
	at com.kms.katalon.core.main.TestCaseExecutor.doExecute(TestCaseExecutor.java:439)
	at com.kms.katalon.core.main.TestCaseExecutor.processExecutionPhase(TestCaseExecutor.java:418)
	at com.kms.katalon.core.main.TestCaseExecutor.accessMainPhase(TestCaseExecutor.java:410)
	at com.kms.katalon.core.main.TestCaseExecutor.execute(TestCaseExecutor.java:285)
	at com.kms.katalon.core.main.TestCaseExecutor.execute(TestCaseExecutor.java:369)
	at com.kms.katalon.core.main.TestCaseExecutor.execute(TestCaseExecutor.java:369)
	at com.kms.katalon.core.main.TestCaseExecutor.execute(TestCaseExecutor.java:369)
	at com.kms.katalon.core.common.CommonExecutor.accessTestCaseMainPhase(CommonExecutor.java:65)
	at com.kms.katalon.core.main.TestSuiteExecutor.accessTestSuiteMainPhase(TestSuiteExecutor.java:151)
	at com.kms.katalon.core.main.TestSuiteExecutor.execute(TestSuiteExecutor.java:106)
	at com.kms.katalon.core.main.TestCaseMain.startTestSuite(TestCaseMain.java:185)
	at com.kms.katalon.core.main.TestCaseMain$startTestSuite$0.call(Unknown Source)
	at TempTestSuite1665158278242.run(TempTestSuite1665158278242.groovy:36)]]></system-err>
      </testcase>
      <testcase name="Test Cases/MyAdmin/Profile/KO-3215 Verify change password failed" time="1.963" classname="Test Cases/MyAdmin/Profile/KO-3215 Verify change password failed" status="ERROR">
         <error type="ERROR" message="Test Cases/MyAdmin/Profile/KO-3215 Verify change password failed FAILED.
Reason:
org.codehaus.groovy.control.MultipleCompilationErrorsException: startup failed:
file:/Users/nhu.tqnguyen/Documents/QUALITY%20ENGINEERING%20-%20SOURCE/LastCode_QE%20Automation/katalon-platform-qengineer-automation/Scripts/MyAdmin/Profile/KO-3215%20Verify%20change%20password%20failed/Script1664699021746.groovy: 18: unable to resolve class katalon.common.ChangePasswordPopup
 @ line 18, column 1.
   import katalon.common.ChangePasswordPopup
   ^

file:/Users/nhu.tqnguyen/Documents/QUALITY%20ENGINEERING%20-%20SOURCE/LastCode_QE%20Automation/katalon-platform-qengineer-automation/Scripts/MyAdmin/Profile/KO-3215%20Verify%20change%20password%20failed/Script1664699021746.groovy: 17: unable to resolve class katalon.common.ProfilePage
 @ line 17, column 1.
   import katalon.common.ProfilePage
   ^

2 errors

	at com.kms.katalon.core.main.ScriptEngine.getScript(ScriptEngine.java:199)
	at com.kms.katalon.core.main.ScriptEngine.run(ScriptEngine.java:194)
	at com.kms.katalon.core.main.ScriptEngine.runScriptAsRawText(ScriptEngine.java:119)
	at com.kms.katalon.core.main.TestCaseExecutor.runScript(TestCaseExecutor.java:448)
	at com.kms.katalon.core.main.TestCaseExecutor.doExecute(TestCaseExecutor.java:439)
	at com.kms.katalon.core.main.TestCaseExecutor.processExecutionPhase(TestCaseExecutor.java:418)
	at com.kms.katalon.core.main.TestCaseExecutor.accessMainPhase(TestCaseExecutor.java:410)
	at com.kms.katalon.core.main.TestCaseExecutor.execute(TestCaseExecutor.java:285)
	at com.kms.katalon.core.main.TestCaseExecutor.execute(TestCaseExecutor.java:369)
	at com.kms.katalon.core.main.TestCaseExecutor.execute(TestCaseExecutor.java:369)
	at com.kms.katalon.core.main.TestCaseExecutor.execute(TestCaseExecutor.java:369)
	at com.kms.katalon.core.common.CommonExecutor.accessTestCaseMainPhase(CommonExecutor.java:65)
	at com.kms.katalon.core.main.TestSuiteExecutor.accessTestSuiteMainPhase(TestSuiteExecutor.java:151)
	at com.kms.katalon.core.main.TestSuiteExecutor.execute(TestSuiteExecutor.java:106)
	at com.kms.katalon.core.main.TestCaseMain.startTestSuite(TestCaseMain.java:185)
	at com.kms.katalon.core.main.TestCaseMain$startTestSuite$0.call(Unknown Source)
	at TempTestSuite1665158278242.run(TempTestSuite1665158278242.groovy:36)
"/>
         <system-out><![CDATA[2022-10-07 22:58:42 - [TEST_CASE][ERROR] - Test Cases/MyAdmin/Profile/KO-3215 Verify change password failed: Test Cases/MyAdmin/Profile/KO-3215 Verify change password failed FAILED.
Reason:
org.codehaus.groovy.control.MultipleCompilationErrorsException: startup failed:
file:/Users/nhu.tqnguyen/Documents/QUALITY%20ENGINEERING%20-%20SOURCE/LastCode_QE%20Automation/katalon-platform-qengineer-automation/Scripts/MyAdmin/Profile/KO-3215%20Verify%20change%20password%20failed/Script1664699021746.groovy: 18: unable to resolve class katalon.common.ChangePasswordPopup
 @ line 18, column 1.
   import katalon.common.ChangePasswordPopup
   ^

file:/Users/nhu.tqnguyen/Documents/QUALITY%20ENGINEERING%20-%20SOURCE/LastCode_QE%20Automation/katalon-platform-qengineer-automation/Scripts/MyAdmin/Profile/KO-3215%20Verify%20change%20password%20failed/Script1664699021746.groovy: 17: unable to resolve class katalon.common.ProfilePage
 @ line 17, column 1.
   import katalon.common.ProfilePage
   ^

2 errors

	at com.kms.katalon.core.main.ScriptEngine.getScript(ScriptEngine.java:199)
	at com.kms.katalon.core.main.ScriptEngine.run(ScriptEngine.java:194)
	at com.kms.katalon.core.main.ScriptEngine.runScriptAsRawText(ScriptEngine.java:119)
	at com.kms.katalon.core.main.TestCaseExecutor.runScript(TestCaseExecutor.java:448)
	at com.kms.katalon.core.main.TestCaseExecutor.doExecute(TestCaseExecutor.java:439)
	at com.kms.katalon.core.main.TestCaseExecutor.processExecutionPhase(TestCaseExecutor.java:418)
	at com.kms.katalon.core.main.TestCaseExecutor.accessMainPhase(TestCaseExecutor.java:410)
	at com.kms.katalon.core.main.TestCaseExecutor.execute(TestCaseExecutor.java:285)
	at com.kms.katalon.core.main.TestCaseExecutor.execute(TestCaseExecutor.java:369)
	at com.kms.katalon.core.main.TestCaseExecutor.execute(TestCaseExecutor.java:369)
	at com.kms.katalon.core.main.TestCaseExecutor.execute(TestCaseExecutor.java:369)
	at com.kms.katalon.core.common.CommonExecutor.accessTestCaseMainPhase(CommonExecutor.java:65)
	at com.kms.katalon.core.main.TestSuiteExecutor.accessTestSuiteMainPhase(TestSuiteExecutor.java:151)
	at com.kms.katalon.core.main.TestSuiteExecutor.execute(TestSuiteExecutor.java:106)
	at com.kms.katalon.core.main.TestCaseMain.startTestSuite(TestCaseMain.java:185)
	at com.kms.katalon.core.main.TestCaseMain$startTestSuite$0.call(Unknown Source)
	at TempTestSuite1665158278242.run(TempTestSuite1665158278242.groovy:36)


2022-10-07 22:58:42 - [TEST_STEP][PASSED] - Start listener action : sampleBeforeTestCase: Current window maximized

2022-10-07 22:58:42 - [TEST_STEP][PASSED] - openBrowser(null): Browser is opened with url: 'null'

2022-10-07 22:58:42 - [MESSAGE][INFO] - Starting 'Chrome' driver

2022-10-07 22:58:42 - [MESSAGE][INFO] - Action delay is set to 0 milliseconds

2022-10-07 22:58:43 - [MESSAGE][PASSED] - Browser is opened with url: 'null'

2022-10-07 22:58:44 - [TEST_STEP][PASSED] - maximizeWindow(): Current window maximized

2022-10-07 22:58:44 - [MESSAGE][PASSED] - Current window maximized

2022-10-07 22:58:44 - [TEST_STEP][PASSED] - Start listener action : sampleAfterTestCase: Browser is closed

2022-10-07 22:58:44 - [TEST_STEP][PASSED] - if (!(getTestCaseStatus().equalsIgnoreCase("PASSED"))): Browser is closed

2022-10-07 22:58:44 - [TEST_STEP][PASSED] - takeScreenshot(): Taking screenshot successfully

2022-10-07 22:58:44 - [MESSAGE][PASSED] - Taking screenshot successfully
[[ATTACHMENT|/Users/nhu.tqnguyen/Documents/QUALITY ENGINEERING - SOURCE/LastCode_QE Automation/katalon-platform-qengineer-automation/Reports/20221007_225758/Change Password/20221007_225758/1665158324309.png]]

2022-10-07 22:58:44 - [TEST_STEP][PASSED] - closeBrowser(): Browser is closed

2022-10-07 22:58:44 - [MESSAGE][PASSED] - Browser is closed

2022-10-07 22:58:44 - [TEST_STEP][PASSED] - closeBrowser(): Browser is closed

2022-10-07 22:58:44 - [MESSAGE][PASSED] - Browser is closed]]></system-out>
         <system-err><![CDATA[2022-10-07 22:58:42 - [TEST_CASE][ERROR] - Test Cases/MyAdmin/Profile/KO-3215 Verify change password failed: Test Cases/MyAdmin/Profile/KO-3215 Verify change password failed FAILED.
Reason:
org.codehaus.groovy.control.MultipleCompilationErrorsException: startup failed:
file:/Users/nhu.tqnguyen/Documents/QUALITY%20ENGINEERING%20-%20SOURCE/LastCode_QE%20Automation/katalon-platform-qengineer-automation/Scripts/MyAdmin/Profile/KO-3215%20Verify%20change%20password%20failed/Script1664699021746.groovy: 18: unable to resolve class katalon.common.ChangePasswordPopup
 @ line 18, column 1.
   import katalon.common.ChangePasswordPopup
   ^

file:/Users/nhu.tqnguyen/Documents/QUALITY%20ENGINEERING%20-%20SOURCE/LastCode_QE%20Automation/katalon-platform-qengineer-automation/Scripts/MyAdmin/Profile/KO-3215%20Verify%20change%20password%20failed/Script1664699021746.groovy: 17: unable to resolve class katalon.common.ProfilePage
 @ line 17, column 1.
   import katalon.common.ProfilePage
   ^

2 errors

	at com.kms.katalon.core.main.ScriptEngine.getScript(ScriptEngine.java:199)
	at com.kms.katalon.core.main.ScriptEngine.run(ScriptEngine.java:194)
	at com.kms.katalon.core.main.ScriptEngine.runScriptAsRawText(ScriptEngine.java:119)
	at com.kms.katalon.core.main.TestCaseExecutor.runScript(TestCaseExecutor.java:448)
	at com.kms.katalon.core.main.TestCaseExecutor.doExecute(TestCaseExecutor.java:439)
	at com.kms.katalon.core.main.TestCaseExecutor.processExecutionPhase(TestCaseExecutor.java:418)
	at com.kms.katalon.core.main.TestCaseExecutor.accessMainPhase(TestCaseExecutor.java:410)
	at com.kms.katalon.core.main.TestCaseExecutor.execute(TestCaseExecutor.java:285)
	at com.kms.katalon.core.main.TestCaseExecutor.execute(TestCaseExecutor.java:369)
	at com.kms.katalon.core.main.TestCaseExecutor.execute(TestCaseExecutor.java:369)
	at com.kms.katalon.core.main.TestCaseExecutor.execute(TestCaseExecutor.java:369)
	at com.kms.katalon.core.common.CommonExecutor.accessTestCaseMainPhase(CommonExecutor.java:65)
	at com.kms.katalon.core.main.TestSuiteExecutor.accessTestSuiteMainPhase(TestSuiteExecutor.java:151)
	at com.kms.katalon.core.main.TestSuiteExecutor.execute(TestSuiteExecutor.java:106)
	at com.kms.katalon.core.main.TestCaseMain.startTestSuite(TestCaseMain.java:185)
	at com.kms.katalon.core.main.TestCaseMain$startTestSuite$0.call(Unknown Source)
	at TempTestSuite1665158278242.run(TempTestSuite1665158278242.groovy:36)]]></system-err>
      </testcase>
      <testcase name="Test Cases/MyAdmin/Profile/KO-3215 Verify change password failed" time="2.002" classname="Test Cases/MyAdmin/Profile/KO-3215 Verify change password failed" status="ERROR">
         <error type="ERROR" message="Test Cases/MyAdmin/Profile/KO-3215 Verify change password failed FAILED.
Reason:
org.codehaus.groovy.control.MultipleCompilationErrorsException: startup failed:
file:/Users/nhu.tqnguyen/Documents/QUALITY%20ENGINEERING%20-%20SOURCE/LastCode_QE%20Automation/katalon-platform-qengineer-automation/Scripts/MyAdmin/Profile/KO-3215%20Verify%20change%20password%20failed/Script1664699021746.groovy: 18: unable to resolve class katalon.common.ChangePasswordPopup
 @ line 18, column 1.
   import katalon.common.ChangePasswordPopup
   ^

file:/Users/nhu.tqnguyen/Documents/QUALITY%20ENGINEERING%20-%20SOURCE/LastCode_QE%20Automation/katalon-platform-qengineer-automation/Scripts/MyAdmin/Profile/KO-3215%20Verify%20change%20password%20failed/Script1664699021746.groovy: 17: unable to resolve class katalon.common.ProfilePage
 @ line 17, column 1.
   import katalon.common.ProfilePage
   ^

2 errors

	at com.kms.katalon.core.main.ScriptEngine.getScript(ScriptEngine.java:199)
	at com.kms.katalon.core.main.ScriptEngine.run(ScriptEngine.java:194)
	at com.kms.katalon.core.main.ScriptEngine.runScriptAsRawText(ScriptEngine.java:119)
	at com.kms.katalon.core.main.TestCaseExecutor.runScript(TestCaseExecutor.java:448)
	at com.kms.katalon.core.main.TestCaseExecutor.doExecute(TestCaseExecutor.java:439)
	at com.kms.katalon.core.main.TestCaseExecutor.processExecutionPhase(TestCaseExecutor.java:418)
	at com.kms.katalon.core.main.TestCaseExecutor.accessMainPhase(TestCaseExecutor.java:410)
	at com.kms.katalon.core.main.TestCaseExecutor.execute(TestCaseExecutor.java:285)
	at com.kms.katalon.core.main.TestCaseExecutor.execute(TestCaseExecutor.java:369)
	at com.kms.katalon.core.main.TestCaseExecutor.execute(TestCaseExecutor.java:369)
	at com.kms.katalon.core.main.TestCaseExecutor.execute(TestCaseExecutor.java:369)
	at com.kms.katalon.core.common.CommonExecutor.accessTestCaseMainPhase(CommonExecutor.java:65)
	at com.kms.katalon.core.main.TestSuiteExecutor.accessTestSuiteMainPhase(TestSuiteExecutor.java:151)
	at com.kms.katalon.core.main.TestSuiteExecutor.execute(TestSuiteExecutor.java:106)
	at com.kms.katalon.core.main.TestCaseMain.startTestSuite(TestCaseMain.java:185)
	at com.kms.katalon.core.main.TestCaseMain$startTestSuite$0.call(Unknown Source)
	at TempTestSuite1665158278242.run(TempTestSuite1665158278242.groovy:36)
"/>
         <system-out><![CDATA[2022-10-07 22:58:50 - [TEST_CASE][ERROR] - Test Cases/MyAdmin/Profile/KO-3215 Verify change password failed: Test Cases/MyAdmin/Profile/KO-3215 Verify change password failed FAILED.
Reason:
org.codehaus.groovy.control.MultipleCompilationErrorsException: startup failed:
file:/Users/nhu.tqnguyen/Documents/QUALITY%20ENGINEERING%20-%20SOURCE/LastCode_QE%20Automation/katalon-platform-qengineer-automation/Scripts/MyAdmin/Profile/KO-3215%20Verify%20change%20password%20failed/Script1664699021746.groovy: 18: unable to resolve class katalon.common.ChangePasswordPopup
 @ line 18, column 1.
   import katalon.common.ChangePasswordPopup
   ^

file:/Users/nhu.tqnguyen/Documents/QUALITY%20ENGINEERING%20-%20SOURCE/LastCode_QE%20Automation/katalon-platform-qengineer-automation/Scripts/MyAdmin/Profile/KO-3215%20Verify%20change%20password%20failed/Script1664699021746.groovy: 17: unable to resolve class katalon.common.ProfilePage
 @ line 17, column 1.
   import katalon.common.ProfilePage
   ^

2 errors

	at com.kms.katalon.core.main.ScriptEngine.getScript(ScriptEngine.java:199)
	at com.kms.katalon.core.main.ScriptEngine.run(ScriptEngine.java:194)
	at com.kms.katalon.core.main.ScriptEngine.runScriptAsRawText(ScriptEngine.java:119)
	at com.kms.katalon.core.main.TestCaseExecutor.runScript(TestCaseExecutor.java:448)
	at com.kms.katalon.core.main.TestCaseExecutor.doExecute(TestCaseExecutor.java:439)
	at com.kms.katalon.core.main.TestCaseExecutor.processExecutionPhase(TestCaseExecutor.java:418)
	at com.kms.katalon.core.main.TestCaseExecutor.accessMainPhase(TestCaseExecutor.java:410)
	at com.kms.katalon.core.main.TestCaseExecutor.execute(TestCaseExecutor.java:285)
	at com.kms.katalon.core.main.TestCaseExecutor.execute(TestCaseExecutor.java:369)
	at com.kms.katalon.core.main.TestCaseExecutor.execute(TestCaseExecutor.java:369)
	at com.kms.katalon.core.main.TestCaseExecutor.execute(TestCaseExecutor.java:369)
	at com.kms.katalon.core.common.CommonExecutor.accessTestCaseMainPhase(CommonExecutor.java:65)
	at com.kms.katalon.core.main.TestSuiteExecutor.accessTestSuiteMainPhase(TestSuiteExecutor.java:151)
	at com.kms.katalon.core.main.TestSuiteExecutor.execute(TestSuiteExecutor.java:106)
	at com.kms.katalon.core.main.TestCaseMain.startTestSuite(TestCaseMain.java:185)
	at com.kms.katalon.core.main.TestCaseMain$startTestSuite$0.call(Unknown Source)
	at TempTestSuite1665158278242.run(TempTestSuite1665158278242.groovy:36)


2022-10-07 22:58:50 - [TEST_STEP][PASSED] - Start listener action : sampleBeforeTestCase: Current window maximized

2022-10-07 22:58:50 - [TEST_STEP][PASSED] - openBrowser(null): Browser is opened with url: 'null'

2022-10-07 22:58:50 - [MESSAGE][INFO] - Starting 'Chrome' driver

2022-10-07 22:58:50 - [MESSAGE][INFO] - Action delay is set to 0 milliseconds

2022-10-07 22:58:52 - [MESSAGE][PASSED] - Browser is opened with url: 'null'

2022-10-07 22:58:52 - [TEST_STEP][PASSED] - maximizeWindow(): Current window maximized

2022-10-07 22:58:52 - [MESSAGE][PASSED] - Current window maximized

2022-10-07 22:58:52 - [TEST_STEP][PASSED] - Start listener action : sampleAfterTestCase: Browser is closed

2022-10-07 22:58:52 - [TEST_STEP][PASSED] - if (!(getTestCaseStatus().equalsIgnoreCase("PASSED"))): Browser is closed

2022-10-07 22:58:52 - [TEST_STEP][PASSED] - takeScreenshot(): Taking screenshot successfully

2022-10-07 22:58:52 - [MESSAGE][PASSED] - Taking screenshot successfully
[[ATTACHMENT|/Users/nhu.tqnguyen/Documents/QUALITY ENGINEERING - SOURCE/LastCode_QE Automation/katalon-platform-qengineer-automation/Reports/20221007_225758/Change Password/20221007_225758/1665158332360.png]]

2022-10-07 22:58:52 - [TEST_STEP][PASSED] - closeBrowser(): Browser is closed

2022-10-07 22:58:52 - [MESSAGE][PASSED] - Browser is closed

2022-10-07 22:58:52 - [TEST_STEP][PASSED] - closeBrowser(): Browser is closed

2022-10-07 22:58:52 - [MESSAGE][PASSED] - Browser is closed]]></system-out>
         <system-err><![CDATA[2022-10-07 22:58:50 - [TEST_CASE][ERROR] - Test Cases/MyAdmin/Profile/KO-3215 Verify change password failed: Test Cases/MyAdmin/Profile/KO-3215 Verify change password failed FAILED.
Reason:
org.codehaus.groovy.control.MultipleCompilationErrorsException: startup failed:
file:/Users/nhu.tqnguyen/Documents/QUALITY%20ENGINEERING%20-%20SOURCE/LastCode_QE%20Automation/katalon-platform-qengineer-automation/Scripts/MyAdmin/Profile/KO-3215%20Verify%20change%20password%20failed/Script1664699021746.groovy: 18: unable to resolve class katalon.common.ChangePasswordPopup
 @ line 18, column 1.
   import katalon.common.ChangePasswordPopup
   ^

file:/Users/nhu.tqnguyen/Documents/QUALITY%20ENGINEERING%20-%20SOURCE/LastCode_QE%20Automation/katalon-platform-qengineer-automation/Scripts/MyAdmin/Profile/KO-3215%20Verify%20change%20password%20failed/Script1664699021746.groovy: 17: unable to resolve class katalon.common.ProfilePage
 @ line 17, column 1.
   import katalon.common.ProfilePage
   ^

2 errors

	at com.kms.katalon.core.main.ScriptEngine.getScript(ScriptEngine.java:199)
	at com.kms.katalon.core.main.ScriptEngine.run(ScriptEngine.java:194)
	at com.kms.katalon.core.main.ScriptEngine.runScriptAsRawText(ScriptEngine.java:119)
	at com.kms.katalon.core.main.TestCaseExecutor.runScript(TestCaseExecutor.java:448)
	at com.kms.katalon.core.main.TestCaseExecutor.doExecute(TestCaseExecutor.java:439)
	at com.kms.katalon.core.main.TestCaseExecutor.processExecutionPhase(TestCaseExecutor.java:418)
	at com.kms.katalon.core.main.TestCaseExecutor.accessMainPhase(TestCaseExecutor.java:410)
	at com.kms.katalon.core.main.TestCaseExecutor.execute(TestCaseExecutor.java:285)
	at com.kms.katalon.core.main.TestCaseExecutor.execute(TestCaseExecutor.java:369)
	at com.kms.katalon.core.main.TestCaseExecutor.execute(TestCaseExecutor.java:369)
	at com.kms.katalon.core.main.TestCaseExecutor.execute(TestCaseExecutor.java:369)
	at com.kms.katalon.core.common.CommonExecutor.accessTestCaseMainPhase(CommonExecutor.java:65)
	at com.kms.katalon.core.main.TestSuiteExecutor.accessTestSuiteMainPhase(TestSuiteExecutor.java:151)
	at com.kms.katalon.core.main.TestSuiteExecutor.execute(TestSuiteExecutor.java:106)
	at com.kms.katalon.core.main.TestCaseMain.startTestSuite(TestCaseMain.java:185)
	at com.kms.katalon.core.main.TestCaseMain$startTestSuite$0.call(Unknown Source)
	at TempTestSuite1665158278242.run(TempTestSuite1665158278242.groovy:36)]]></system-err>
      </testcase>
      <testcase name="Test Cases/MyAdmin/Profile/KO-3215 Verify change password failed" time="2.168" classname="Test Cases/MyAdmin/Profile/KO-3215 Verify change password failed" status="ERROR">
         <error type="ERROR" message="Test Cases/MyAdmin/Profile/KO-3215 Verify change password failed FAILED.
Reason:
org.codehaus.groovy.control.MultipleCompilationErrorsException: startup failed:
file:/Users/nhu.tqnguyen/Documents/QUALITY%20ENGINEERING%20-%20SOURCE/LastCode_QE%20Automation/katalon-platform-qengineer-automation/Scripts/MyAdmin/Profile/KO-3215%20Verify%20change%20password%20failed/Script1664699021746.groovy: 18: unable to resolve class katalon.common.ChangePasswordPopup
 @ line 18, column 1.
   import katalon.common.ChangePasswordPopup
   ^

file:/Users/nhu.tqnguyen/Documents/QUALITY%20ENGINEERING%20-%20SOURCE/LastCode_QE%20Automation/katalon-platform-qengineer-automation/Scripts/MyAdmin/Profile/KO-3215%20Verify%20change%20password%20failed/Script1664699021746.groovy: 17: unable to resolve class katalon.common.ProfilePage
 @ line 17, column 1.
   import katalon.common.ProfilePage
   ^

2 errors

	at com.kms.katalon.core.main.ScriptEngine.getScript(ScriptEngine.java:199)
	at com.kms.katalon.core.main.ScriptEngine.run(ScriptEngine.java:194)
	at com.kms.katalon.core.main.ScriptEngine.runScriptAsRawText(ScriptEngine.java:119)
	at com.kms.katalon.core.main.TestCaseExecutor.runScript(TestCaseExecutor.java:448)
	at com.kms.katalon.core.main.TestCaseExecutor.doExecute(TestCaseExecutor.java:439)
	at com.kms.katalon.core.main.TestCaseExecutor.processExecutionPhase(TestCaseExecutor.java:418)
	at com.kms.katalon.core.main.TestCaseExecutor.accessMainPhase(TestCaseExecutor.java:410)
	at com.kms.katalon.core.main.TestCaseExecutor.execute(TestCaseExecutor.java:285)
	at com.kms.katalon.core.main.TestCaseExecutor.execute(TestCaseExecutor.java:369)
	at com.kms.katalon.core.main.TestCaseExecutor.execute(TestCaseExecutor.java:369)
	at com.kms.katalon.core.main.TestCaseExecutor.execute(TestCaseExecutor.java:369)
	at com.kms.katalon.core.common.CommonExecutor.accessTestCaseMainPhase(CommonExecutor.java:65)
	at com.kms.katalon.core.main.TestSuiteExecutor.accessTestSuiteMainPhase(TestSuiteExecutor.java:151)
	at com.kms.katalon.core.main.TestSuiteExecutor.execute(TestSuiteExecutor.java:106)
	at com.kms.katalon.core.main.TestCaseMain.startTestSuite(TestCaseMain.java:185)
	at com.kms.katalon.core.main.TestCaseMain$startTestSuite$0.call(Unknown Source)
	at TempTestSuite1665158278242.run(TempTestSuite1665158278242.groovy:36)
"/>
         <system-out><![CDATA[2022-10-07 22:58:58 - [TEST_CASE][ERROR] - Test Cases/MyAdmin/Profile/KO-3215 Verify change password failed: Test Cases/MyAdmin/Profile/KO-3215 Verify change password failed FAILED.
Reason:
org.codehaus.groovy.control.MultipleCompilationErrorsException: startup failed:
file:/Users/nhu.tqnguyen/Documents/QUALITY%20ENGINEERING%20-%20SOURCE/LastCode_QE%20Automation/katalon-platform-qengineer-automation/Scripts/MyAdmin/Profile/KO-3215%20Verify%20change%20password%20failed/Script1664699021746.groovy: 18: unable to resolve class katalon.common.ChangePasswordPopup
 @ line 18, column 1.
   import katalon.common.ChangePasswordPopup
   ^

file:/Users/nhu.tqnguyen/Documents/QUALITY%20ENGINEERING%20-%20SOURCE/LastCode_QE%20Automation/katalon-platform-qengineer-automation/Scripts/MyAdmin/Profile/KO-3215%20Verify%20change%20password%20failed/Script1664699021746.groovy: 17: unable to resolve class katalon.common.ProfilePage
 @ line 17, column 1.
   import katalon.common.ProfilePage
   ^

2 errors

	at com.kms.katalon.core.main.ScriptEngine.getScript(ScriptEngine.java:199)
	at com.kms.katalon.core.main.ScriptEngine.run(ScriptEngine.java:194)
	at com.kms.katalon.core.main.ScriptEngine.runScriptAsRawText(ScriptEngine.java:119)
	at com.kms.katalon.core.main.TestCaseExecutor.runScript(TestCaseExecutor.java:448)
	at com.kms.katalon.core.main.TestCaseExecutor.doExecute(TestCaseExecutor.java:439)
	at com.kms.katalon.core.main.TestCaseExecutor.processExecutionPhase(TestCaseExecutor.java:418)
	at com.kms.katalon.core.main.TestCaseExecutor.accessMainPhase(TestCaseExecutor.java:410)
	at com.kms.katalon.core.main.TestCaseExecutor.execute(TestCaseExecutor.java:285)
	at com.kms.katalon.core.main.TestCaseExecutor.execute(TestCaseExecutor.java:369)
	at com.kms.katalon.core.main.TestCaseExecutor.execute(TestCaseExecutor.java:369)
	at com.kms.katalon.core.main.TestCaseExecutor.execute(TestCaseExecutor.java:369)
	at com.kms.katalon.core.common.CommonExecutor.accessTestCaseMainPhase(CommonExecutor.java:65)
	at com.kms.katalon.core.main.TestSuiteExecutor.accessTestSuiteMainPhase(TestSuiteExecutor.java:151)
	at com.kms.katalon.core.main.TestSuiteExecutor.execute(TestSuiteExecutor.java:106)
	at com.kms.katalon.core.main.TestCaseMain.startTestSuite(TestCaseMain.java:185)
	at com.kms.katalon.core.main.TestCaseMain$startTestSuite$0.call(Unknown Source)
	at TempTestSuite1665158278242.run(TempTestSuite1665158278242.groovy:36)


2022-10-07 22:58:58 - [TEST_STEP][PASSED] - Start listener action : sampleBeforeTestCase: Current window maximized

2022-10-07 22:58:58 - [TEST_STEP][PASSED] - openBrowser(null): Browser is opened with url: 'null'

2022-10-07 22:58:58 - [MESSAGE][INFO] - Starting 'Chrome' driver

2022-10-07 22:58:58 - [MESSAGE][INFO] - Action delay is set to 0 milliseconds

2022-10-07 22:59:00 - [MESSAGE][PASSED] - Browser is opened with url: 'null'

2022-10-07 22:59:00 - [TEST_STEP][PASSED] - maximizeWindow(): Current window maximized

2022-10-07 22:59:00 - [MESSAGE][PASSED] - Current window maximized

2022-10-07 22:59:00 - [TEST_STEP][PASSED] - Start listener action : sampleAfterTestCase: Browser is closed

2022-10-07 22:59:00 - [TEST_STEP][PASSED] - if (!(getTestCaseStatus().equalsIgnoreCase("PASSED"))): Browser is closed

2022-10-07 22:59:00 - [TEST_STEP][PASSED] - takeScreenshot(): Taking screenshot successfully

2022-10-07 22:59:00 - [MESSAGE][PASSED] - Taking screenshot successfully
[[ATTACHMENT|/Users/nhu.tqnguyen/Documents/QUALITY ENGINEERING - SOURCE/LastCode_QE Automation/katalon-platform-qengineer-automation/Reports/20221007_225758/Change Password/20221007_225758/1665158340667.png]]

2022-10-07 22:59:00 - [TEST_STEP][PASSED] - closeBrowser(): Browser is closed

2022-10-07 22:59:01 - [MESSAGE][PASSED] - Browser is closed

2022-10-07 22:59:01 - [TEST_STEP][PASSED] - closeBrowser(): Browser is closed

2022-10-07 22:59:01 - [MESSAGE][PASSED] - Browser is closed]]></system-out>
         <system-err><![CDATA[2022-10-07 22:58:58 - [TEST_CASE][ERROR] - Test Cases/MyAdmin/Profile/KO-3215 Verify change password failed: Test Cases/MyAdmin/Profile/KO-3215 Verify change password failed FAILED.
Reason:
org.codehaus.groovy.control.MultipleCompilationErrorsException: startup failed:
file:/Users/nhu.tqnguyen/Documents/QUALITY%20ENGINEERING%20-%20SOURCE/LastCode_QE%20Automation/katalon-platform-qengineer-automation/Scripts/MyAdmin/Profile/KO-3215%20Verify%20change%20password%20failed/Script1664699021746.groovy: 18: unable to resolve class katalon.common.ChangePasswordPopup
 @ line 18, column 1.
   import katalon.common.ChangePasswordPopup
   ^

file:/Users/nhu.tqnguyen/Documents/QUALITY%20ENGINEERING%20-%20SOURCE/LastCode_QE%20Automation/katalon-platform-qengineer-automation/Scripts/MyAdmin/Profile/KO-3215%20Verify%20change%20password%20failed/Script1664699021746.groovy: 17: unable to resolve class katalon.common.ProfilePage
 @ line 17, column 1.
   import katalon.common.ProfilePage
   ^

2 errors

	at com.kms.katalon.core.main.ScriptEngine.getScript(ScriptEngine.java:199)
	at com.kms.katalon.core.main.ScriptEngine.run(ScriptEngine.java:194)
	at com.kms.katalon.core.main.ScriptEngine.runScriptAsRawText(ScriptEngine.java:119)
	at com.kms.katalon.core.main.TestCaseExecutor.runScript(TestCaseExecutor.java:448)
	at com.kms.katalon.core.main.TestCaseExecutor.doExecute(TestCaseExecutor.java:439)
	at com.kms.katalon.core.main.TestCaseExecutor.processExecutionPhase(TestCaseExecutor.java:418)
	at com.kms.katalon.core.main.TestCaseExecutor.accessMainPhase(TestCaseExecutor.java:410)
	at com.kms.katalon.core.main.TestCaseExecutor.execute(TestCaseExecutor.java:285)
	at com.kms.katalon.core.main.TestCaseExecutor.execute(TestCaseExecutor.java:369)
	at com.kms.katalon.core.main.TestCaseExecutor.execute(TestCaseExecutor.java:369)
	at com.kms.katalon.core.main.TestCaseExecutor.execute(TestCaseExecutor.java:369)
	at com.kms.katalon.core.common.CommonExecutor.accessTestCaseMainPhase(CommonExecutor.java:65)
	at com.kms.katalon.core.main.TestSuiteExecutor.accessTestSuiteMainPhase(TestSuiteExecutor.java:151)
	at com.kms.katalon.core.main.TestSuiteExecutor.execute(TestSuiteExecutor.java:106)
	at com.kms.katalon.core.main.TestCaseMain.startTestSuite(TestCaseMain.java:185)
	at com.kms.katalon.core.main.TestCaseMain$startTestSuite$0.call(Unknown Source)
	at TempTestSuite1665158278242.run(TempTestSuite1665158278242.groovy:36)]]></system-err>
      </testcase>
      <testcase name="Test Cases/MyAdmin/Profile/KO-3215 Verify change password failed" time="2.021" classname="Test Cases/MyAdmin/Profile/KO-3215 Verify change password failed" status="ERROR">
         <error type="ERROR" message="Test Cases/MyAdmin/Profile/KO-3215 Verify change password failed FAILED.
Reason:
org.codehaus.groovy.control.MultipleCompilationErrorsException: startup failed:
file:/Users/nhu.tqnguyen/Documents/QUALITY%20ENGINEERING%20-%20SOURCE/LastCode_QE%20Automation/katalon-platform-qengineer-automation/Scripts/MyAdmin/Profile/KO-3215%20Verify%20change%20password%20failed/Script1664699021746.groovy: 18: unable to resolve class katalon.common.ChangePasswordPopup
 @ line 18, column 1.
   import katalon.common.ChangePasswordPopup
   ^

file:/Users/nhu.tqnguyen/Documents/QUALITY%20ENGINEERING%20-%20SOURCE/LastCode_QE%20Automation/katalon-platform-qengineer-automation/Scripts/MyAdmin/Profile/KO-3215%20Verify%20change%20password%20failed/Script1664699021746.groovy: 17: unable to resolve class katalon.common.ProfilePage
 @ line 17, column 1.
   import katalon.common.ProfilePage
   ^

2 errors

	at com.kms.katalon.core.main.ScriptEngine.getScript(ScriptEngine.java:199)
	at com.kms.katalon.core.main.ScriptEngine.run(ScriptEngine.java:194)
	at com.kms.katalon.core.main.ScriptEngine.runScriptAsRawText(ScriptEngine.java:119)
	at com.kms.katalon.core.main.TestCaseExecutor.runScript(TestCaseExecutor.java:448)
	at com.kms.katalon.core.main.TestCaseExecutor.doExecute(TestCaseExecutor.java:439)
	at com.kms.katalon.core.main.TestCaseExecutor.processExecutionPhase(TestCaseExecutor.java:418)
	at com.kms.katalon.core.main.TestCaseExecutor.accessMainPhase(TestCaseExecutor.java:410)
	at com.kms.katalon.core.main.TestCaseExecutor.execute(TestCaseExecutor.java:285)
	at com.kms.katalon.core.main.TestCaseExecutor.execute(TestCaseExecutor.java:369)
	at com.kms.katalon.core.main.TestCaseExecutor.execute(TestCaseExecutor.java:369)
	at com.kms.katalon.core.main.TestCaseExecutor.execute(TestCaseExecutor.java:369)
	at com.kms.katalon.core.common.CommonExecutor.accessTestCaseMainPhase(CommonExecutor.java:65)
	at com.kms.katalon.core.main.TestSuiteExecutor.accessTestSuiteMainPhase(TestSuiteExecutor.java:151)
	at com.kms.katalon.core.main.TestSuiteExecutor.execute(TestSuiteExecutor.java:106)
	at com.kms.katalon.core.main.TestCaseMain.startTestSuite(TestCaseMain.java:185)
	at com.kms.katalon.core.main.TestCaseMain$startTestSuite$0.call(Unknown Source)
	at TempTestSuite1665158278242.run(TempTestSuite1665158278242.groovy:36)
"/>
         <system-out><![CDATA[2022-10-07 22:59:07 - [TEST_CASE][ERROR] - Test Cases/MyAdmin/Profile/KO-3215 Verify change password failed: Test Cases/MyAdmin/Profile/KO-3215 Verify change password failed FAILED.
Reason:
org.codehaus.groovy.control.MultipleCompilationErrorsException: startup failed:
file:/Users/nhu.tqnguyen/Documents/QUALITY%20ENGINEERING%20-%20SOURCE/LastCode_QE%20Automation/katalon-platform-qengineer-automation/Scripts/MyAdmin/Profile/KO-3215%20Verify%20change%20password%20failed/Script1664699021746.groovy: 18: unable to resolve class katalon.common.ChangePasswordPopup
 @ line 18, column 1.
   import katalon.common.ChangePasswordPopup
   ^

file:/Users/nhu.tqnguyen/Documents/QUALITY%20ENGINEERING%20-%20SOURCE/LastCode_QE%20Automation/katalon-platform-qengineer-automation/Scripts/MyAdmin/Profile/KO-3215%20Verify%20change%20password%20failed/Script1664699021746.groovy: 17: unable to resolve class katalon.common.ProfilePage
 @ line 17, column 1.
   import katalon.common.ProfilePage
   ^

2 errors

	at com.kms.katalon.core.main.ScriptEngine.getScript(ScriptEngine.java:199)
	at com.kms.katalon.core.main.ScriptEngine.run(ScriptEngine.java:194)
	at com.kms.katalon.core.main.ScriptEngine.runScriptAsRawText(ScriptEngine.java:119)
	at com.kms.katalon.core.main.TestCaseExecutor.runScript(TestCaseExecutor.java:448)
	at com.kms.katalon.core.main.TestCaseExecutor.doExecute(TestCaseExecutor.java:439)
	at com.kms.katalon.core.main.TestCaseExecutor.processExecutionPhase(TestCaseExecutor.java:418)
	at com.kms.katalon.core.main.TestCaseExecutor.accessMainPhase(TestCaseExecutor.java:410)
	at com.kms.katalon.core.main.TestCaseExecutor.execute(TestCaseExecutor.java:285)
	at com.kms.katalon.core.main.TestCaseExecutor.execute(TestCaseExecutor.java:369)
	at com.kms.katalon.core.main.TestCaseExecutor.execute(TestCaseExecutor.java:369)
	at com.kms.katalon.core.main.TestCaseExecutor.execute(TestCaseExecutor.java:369)
	at com.kms.katalon.core.common.CommonExecutor.accessTestCaseMainPhase(CommonExecutor.java:65)
	at com.kms.katalon.core.main.TestSuiteExecutor.accessTestSuiteMainPhase(TestSuiteExecutor.java:151)
	at com.kms.katalon.core.main.TestSuiteExecutor.execute(TestSuiteExecutor.java:106)
	at com.kms.katalon.core.main.TestCaseMain.startTestSuite(TestCaseMain.java:185)
	at com.kms.katalon.core.main.TestCaseMain$startTestSuite$0.call(Unknown Source)
	at TempTestSuite1665158278242.run(TempTestSuite1665158278242.groovy:36)


2022-10-07 22:59:07 - [TEST_STEP][PASSED] - Start listener action : sampleBeforeTestCase: Current window maximized

2022-10-07 22:59:07 - [TEST_STEP][PASSED] - openBrowser(null): Browser is opened with url: 'null'

2022-10-07 22:59:07 - [MESSAGE][INFO] - Starting 'Chrome' driver

2022-10-07 22:59:07 - [MESSAGE][INFO] - Action delay is set to 0 milliseconds

2022-10-07 22:59:08 - [MESSAGE][PASSED] - Browser is opened with url: 'null'

2022-10-07 22:59:08 - [TEST_STEP][PASSED] - maximizeWindow(): Current window maximized

2022-10-07 22:59:08 - [MESSAGE][PASSED] - Current window maximized

2022-10-07 22:59:08 - [TEST_STEP][PASSED] - Start listener action : sampleAfterTestCase: Browser is closed

2022-10-07 22:59:08 - [TEST_STEP][PASSED] - if (!(getTestCaseStatus().equalsIgnoreCase("PASSED"))): Browser is closed

2022-10-07 22:59:08 - [TEST_STEP][PASSED] - takeScreenshot(): Taking screenshot successfully

2022-10-07 22:59:09 - [MESSAGE][PASSED] - Taking screenshot successfully
[[ATTACHMENT|/Users/nhu.tqnguyen/Documents/QUALITY ENGINEERING - SOURCE/LastCode_QE Automation/katalon-platform-qengineer-automation/Reports/20221007_225758/Change Password/20221007_225758/1665158348813.png]]

2022-10-07 22:59:09 - [TEST_STEP][PASSED] - closeBrowser(): Browser is closed

2022-10-07 22:59:09 - [MESSAGE][PASSED] - Browser is closed

2022-10-07 22:59:09 - [TEST_STEP][PASSED] - closeBrowser(): Browser is closed

2022-10-07 22:59:09 - [MESSAGE][PASSED] - Browser is closed]]></system-out>
         <system-err><![CDATA[2022-10-07 22:59:07 - [TEST_CASE][ERROR] - Test Cases/MyAdmin/Profile/KO-3215 Verify change password failed: Test Cases/MyAdmin/Profile/KO-3215 Verify change password failed FAILED.
Reason:
org.codehaus.groovy.control.MultipleCompilationErrorsException: startup failed:
file:/Users/nhu.tqnguyen/Documents/QUALITY%20ENGINEERING%20-%20SOURCE/LastCode_QE%20Automation/katalon-platform-qengineer-automation/Scripts/MyAdmin/Profile/KO-3215%20Verify%20change%20password%20failed/Script1664699021746.groovy: 18: unable to resolve class katalon.common.ChangePasswordPopup
 @ line 18, column 1.
   import katalon.common.ChangePasswordPopup
   ^

file:/Users/nhu.tqnguyen/Documents/QUALITY%20ENGINEERING%20-%20SOURCE/LastCode_QE%20Automation/katalon-platform-qengineer-automation/Scripts/MyAdmin/Profile/KO-3215%20Verify%20change%20password%20failed/Script1664699021746.groovy: 17: unable to resolve class katalon.common.ProfilePage
 @ line 17, column 1.
   import katalon.common.ProfilePage
   ^

2 errors

	at com.kms.katalon.core.main.ScriptEngine.getScript(ScriptEngine.java:199)
	at com.kms.katalon.core.main.ScriptEngine.run(ScriptEngine.java:194)
	at com.kms.katalon.core.main.ScriptEngine.runScriptAsRawText(ScriptEngine.java:119)
	at com.kms.katalon.core.main.TestCaseExecutor.runScript(TestCaseExecutor.java:448)
	at com.kms.katalon.core.main.TestCaseExecutor.doExecute(TestCaseExecutor.java:439)
	at com.kms.katalon.core.main.TestCaseExecutor.processExecutionPhase(TestCaseExecutor.java:418)
	at com.kms.katalon.core.main.TestCaseExecutor.accessMainPhase(TestCaseExecutor.java:410)
	at com.kms.katalon.core.main.TestCaseExecutor.execute(TestCaseExecutor.java:285)
	at com.kms.katalon.core.main.TestCaseExecutor.execute(TestCaseExecutor.java:369)
	at com.kms.katalon.core.main.TestCaseExecutor.execute(TestCaseExecutor.java:369)
	at com.kms.katalon.core.main.TestCaseExecutor.execute(TestCaseExecutor.java:369)
	at com.kms.katalon.core.common.CommonExecutor.accessTestCaseMainPhase(CommonExecutor.java:65)
	at com.kms.katalon.core.main.TestSuiteExecutor.accessTestSuiteMainPhase(TestSuiteExecutor.java:151)
	at com.kms.katalon.core.main.TestSuiteExecutor.execute(TestSuiteExecutor.java:106)
	at com.kms.katalon.core.main.TestCaseMain.startTestSuite(TestCaseMain.java:185)
	at com.kms.katalon.core.main.TestCaseMain$startTestSuite$0.call(Unknown Source)
	at TempTestSuite1665158278242.run(TempTestSuite1665158278242.groovy:36)]]></system-err>
      </testcase>
      <testcase name="Test Cases/MyAdmin/Profile/KO-3215 Verify change password failed" time="2.003" classname="Test Cases/MyAdmin/Profile/KO-3215 Verify change password failed" status="ERROR">
         <error type="ERROR" message="Test Cases/MyAdmin/Profile/KO-3215 Verify change password failed FAILED.
Reason:
org.codehaus.groovy.control.MultipleCompilationErrorsException: startup failed:
file:/Users/nhu.tqnguyen/Documents/QUALITY%20ENGINEERING%20-%20SOURCE/LastCode_QE%20Automation/katalon-platform-qengineer-automation/Scripts/MyAdmin/Profile/KO-3215%20Verify%20change%20password%20failed/Script1664699021746.groovy: 18: unable to resolve class katalon.common.ChangePasswordPopup
 @ line 18, column 1.
   import katalon.common.ChangePasswordPopup
   ^

file:/Users/nhu.tqnguyen/Documents/QUALITY%20ENGINEERING%20-%20SOURCE/LastCode_QE%20Automation/katalon-platform-qengineer-automation/Scripts/MyAdmin/Profile/KO-3215%20Verify%20change%20password%20failed/Script1664699021746.groovy: 17: unable to resolve class katalon.common.ProfilePage
 @ line 17, column 1.
   import katalon.common.ProfilePage
   ^

2 errors

	at com.kms.katalon.core.main.ScriptEngine.getScript(ScriptEngine.java:199)
	at com.kms.katalon.core.main.ScriptEngine.run(ScriptEngine.java:194)
	at com.kms.katalon.core.main.ScriptEngine.runScriptAsRawText(ScriptEngine.java:119)
	at com.kms.katalon.core.main.TestCaseExecutor.runScript(TestCaseExecutor.java:448)
	at com.kms.katalon.core.main.TestCaseExecutor.doExecute(TestCaseExecutor.java:439)
	at com.kms.katalon.core.main.TestCaseExecutor.processExecutionPhase(TestCaseExecutor.java:418)
	at com.kms.katalon.core.main.TestCaseExecutor.accessMainPhase(TestCaseExecutor.java:410)
	at com.kms.katalon.core.main.TestCaseExecutor.execute(TestCaseExecutor.java:285)
	at com.kms.katalon.core.main.TestCaseExecutor.execute(TestCaseExecutor.java:369)
	at com.kms.katalon.core.main.TestCaseExecutor.execute(TestCaseExecutor.java:369)
	at com.kms.katalon.core.main.TestCaseExecutor.execute(TestCaseExecutor.java:369)
	at com.kms.katalon.core.common.CommonExecutor.accessTestCaseMainPhase(CommonExecutor.java:65)
	at com.kms.katalon.core.main.TestSuiteExecutor.accessTestSuiteMainPhase(TestSuiteExecutor.java:151)
	at com.kms.katalon.core.main.TestSuiteExecutor.execute(TestSuiteExecutor.java:106)
	at com.kms.katalon.core.main.TestCaseMain.startTestSuite(TestCaseMain.java:185)
	at com.kms.katalon.core.main.TestCaseMain$startTestSuite$0.call(Unknown Source)
	at TempTestSuite1665158278242.run(TempTestSuite1665158278242.groovy:36)
"/>
         <system-out><![CDATA[2022-10-07 22:59:15 - [TEST_CASE][ERROR] - Test Cases/MyAdmin/Profile/KO-3215 Verify change password failed: Test Cases/MyAdmin/Profile/KO-3215 Verify change password failed FAILED.
Reason:
org.codehaus.groovy.control.MultipleCompilationErrorsException: startup failed:
file:/Users/nhu.tqnguyen/Documents/QUALITY%20ENGINEERING%20-%20SOURCE/LastCode_QE%20Automation/katalon-platform-qengineer-automation/Scripts/MyAdmin/Profile/KO-3215%20Verify%20change%20password%20failed/Script1664699021746.groovy: 18: unable to resolve class katalon.common.ChangePasswordPopup
 @ line 18, column 1.
   import katalon.common.ChangePasswordPopup
   ^

file:/Users/nhu.tqnguyen/Documents/QUALITY%20ENGINEERING%20-%20SOURCE/LastCode_QE%20Automation/katalon-platform-qengineer-automation/Scripts/MyAdmin/Profile/KO-3215%20Verify%20change%20password%20failed/Script1664699021746.groovy: 17: unable to resolve class katalon.common.ProfilePage
 @ line 17, column 1.
   import katalon.common.ProfilePage
   ^

2 errors

	at com.kms.katalon.core.main.ScriptEngine.getScript(ScriptEngine.java:199)
	at com.kms.katalon.core.main.ScriptEngine.run(ScriptEngine.java:194)
	at com.kms.katalon.core.main.ScriptEngine.runScriptAsRawText(ScriptEngine.java:119)
	at com.kms.katalon.core.main.TestCaseExecutor.runScript(TestCaseExecutor.java:448)
	at com.kms.katalon.core.main.TestCaseExecutor.doExecute(TestCaseExecutor.java:439)
	at com.kms.katalon.core.main.TestCaseExecutor.processExecutionPhase(TestCaseExecutor.java:418)
	at com.kms.katalon.core.main.TestCaseExecutor.accessMainPhase(TestCaseExecutor.java:410)
	at com.kms.katalon.core.main.TestCaseExecutor.execute(TestCaseExecutor.java:285)
	at com.kms.katalon.core.main.TestCaseExecutor.execute(TestCaseExecutor.java:369)
	at com.kms.katalon.core.main.TestCaseExecutor.execute(TestCaseExecutor.java:369)
	at com.kms.katalon.core.main.TestCaseExecutor.execute(TestCaseExecutor.java:369)
	at com.kms.katalon.core.common.CommonExecutor.accessTestCaseMainPhase(CommonExecutor.java:65)
	at com.kms.katalon.core.main.TestSuiteExecutor.accessTestSuiteMainPhase(TestSuiteExecutor.java:151)
	at com.kms.katalon.core.main.TestSuiteExecutor.execute(TestSuiteExecutor.java:106)
	at com.kms.katalon.core.main.TestCaseMain.startTestSuite(TestCaseMain.java:185)
	at com.kms.katalon.core.main.TestCaseMain$startTestSuite$0.call(Unknown Source)
	at TempTestSuite1665158278242.run(TempTestSuite1665158278242.groovy:36)


2022-10-07 22:59:15 - [TEST_STEP][PASSED] - Start listener action : sampleBeforeTestCase: Current window maximized

2022-10-07 22:59:15 - [TEST_STEP][PASSED] - openBrowser(null): Browser is opened with url: 'null'

2022-10-07 22:59:15 - [MESSAGE][INFO] - Starting 'Chrome' driver

2022-10-07 22:59:15 - [MESSAGE][INFO] - Action delay is set to 0 milliseconds

2022-10-07 22:59:16 - [MESSAGE][PASSED] - Browser is opened with url: 'null'

2022-10-07 22:59:16 - [TEST_STEP][PASSED] - maximizeWindow(): Current window maximized

2022-10-07 22:59:16 - [MESSAGE][PASSED] - Current window maximized

2022-10-07 22:59:16 - [TEST_STEP][PASSED] - Start listener action : sampleAfterTestCase: Browser is closed

2022-10-07 22:59:16 - [TEST_STEP][PASSED] - if (!(getTestCaseStatus().equalsIgnoreCase("PASSED"))): Browser is closed

2022-10-07 22:59:16 - [TEST_STEP][PASSED] - takeScreenshot(): Taking screenshot successfully

2022-10-07 22:59:17 - [MESSAGE][PASSED] - Taking screenshot successfully
[[ATTACHMENT|/Users/nhu.tqnguyen/Documents/QUALITY ENGINEERING - SOURCE/LastCode_QE Automation/katalon-platform-qengineer-automation/Reports/20221007_225758/Change Password/20221007_225758/1665158356867.png]]

2022-10-07 22:59:17 - [TEST_STEP][PASSED] - closeBrowser(): Browser is closed

2022-10-07 22:59:17 - [MESSAGE][PASSED] - Browser is closed

2022-10-07 22:59:17 - [TEST_STEP][PASSED] - closeBrowser(): Browser is closed

2022-10-07 22:59:17 - [MESSAGE][PASSED] - Browser is closed]]></system-out>
         <system-err><![CDATA[2022-10-07 22:59:15 - [TEST_CASE][ERROR] - Test Cases/MyAdmin/Profile/KO-3215 Verify change password failed: Test Cases/MyAdmin/Profile/KO-3215 Verify change password failed FAILED.
Reason:
org.codehaus.groovy.control.MultipleCompilationErrorsException: startup failed:
file:/Users/nhu.tqnguyen/Documents/QUALITY%20ENGINEERING%20-%20SOURCE/LastCode_QE%20Automation/katalon-platform-qengineer-automation/Scripts/MyAdmin/Profile/KO-3215%20Verify%20change%20password%20failed/Script1664699021746.groovy: 18: unable to resolve class katalon.common.ChangePasswordPopup
 @ line 18, column 1.
   import katalon.common.ChangePasswordPopup
   ^

file:/Users/nhu.tqnguyen/Documents/QUALITY%20ENGINEERING%20-%20SOURCE/LastCode_QE%20Automation/katalon-platform-qengineer-automation/Scripts/MyAdmin/Profile/KO-3215%20Verify%20change%20password%20failed/Script1664699021746.groovy: 17: unable to resolve class katalon.common.ProfilePage
 @ line 17, column 1.
   import katalon.common.ProfilePage
   ^

2 errors

	at com.kms.katalon.core.main.ScriptEngine.getScript(ScriptEngine.java:199)
	at com.kms.katalon.core.main.ScriptEngine.run(ScriptEngine.java:194)
	at com.kms.katalon.core.main.ScriptEngine.runScriptAsRawText(ScriptEngine.java:119)
	at com.kms.katalon.core.main.TestCaseExecutor.runScript(TestCaseExecutor.java:448)
	at com.kms.katalon.core.main.TestCaseExecutor.doExecute(TestCaseExecutor.java:439)
	at com.kms.katalon.core.main.TestCaseExecutor.processExecutionPhase(TestCaseExecutor.java:418)
	at com.kms.katalon.core.main.TestCaseExecutor.accessMainPhase(TestCaseExecutor.java:410)
	at com.kms.katalon.core.main.TestCaseExecutor.execute(TestCaseExecutor.java:285)
	at com.kms.katalon.core.main.TestCaseExecutor.execute(TestCaseExecutor.java:369)
	at com.kms.katalon.core.main.TestCaseExecutor.execute(TestCaseExecutor.java:369)
	at com.kms.katalon.core.main.TestCaseExecutor.execute(TestCaseExecutor.java:369)
	at com.kms.katalon.core.common.CommonExecutor.accessTestCaseMainPhase(CommonExecutor.java:65)
	at com.kms.katalon.core.main.TestSuiteExecutor.accessTestSuiteMainPhase(TestSuiteExecutor.java:151)
	at com.kms.katalon.core.main.TestSuiteExecutor.execute(TestSuiteExecutor.java:106)
	at com.kms.katalon.core.main.TestCaseMain.startTestSuite(TestCaseMain.java:185)
	at com.kms.katalon.core.main.TestCaseMain$startTestSuite$0.call(Unknown Source)
	at TempTestSuite1665158278242.run(TempTestSuite1665158278242.groovy:36)]]></system-err>
      </testcase>
      <testcase name="Test Cases/MyAdmin/Profile/KO-3215 Verify change password failed" time="1.925" classname="Test Cases/MyAdmin/Profile/KO-3215 Verify change password failed" status="ERROR">
         <error type="ERROR" message="Test Cases/MyAdmin/Profile/KO-3215 Verify change password failed FAILED.
Reason:
org.codehaus.groovy.control.MultipleCompilationErrorsException: startup failed:
file:/Users/nhu.tqnguyen/Documents/QUALITY%20ENGINEERING%20-%20SOURCE/LastCode_QE%20Automation/katalon-platform-qengineer-automation/Scripts/MyAdmin/Profile/KO-3215%20Verify%20change%20password%20failed/Script1664699021746.groovy: 18: unable to resolve class katalon.common.ChangePasswordPopup
 @ line 18, column 1.
   import katalon.common.ChangePasswordPopup
   ^

file:/Users/nhu.tqnguyen/Documents/QUALITY%20ENGINEERING%20-%20SOURCE/LastCode_QE%20Automation/katalon-platform-qengineer-automation/Scripts/MyAdmin/Profile/KO-3215%20Verify%20change%20password%20failed/Script1664699021746.groovy: 17: unable to resolve class katalon.common.ProfilePage
 @ line 17, column 1.
   import katalon.common.ProfilePage
   ^

2 errors

	at com.kms.katalon.core.main.ScriptEngine.getScript(ScriptEngine.java:199)
	at com.kms.katalon.core.main.ScriptEngine.run(ScriptEngine.java:194)
	at com.kms.katalon.core.main.ScriptEngine.runScriptAsRawText(ScriptEngine.java:119)
	at com.kms.katalon.core.main.TestCaseExecutor.runScript(TestCaseExecutor.java:448)
	at com.kms.katalon.core.main.TestCaseExecutor.doExecute(TestCaseExecutor.java:439)
	at com.kms.katalon.core.main.TestCaseExecutor.processExecutionPhase(TestCaseExecutor.java:418)
	at com.kms.katalon.core.main.TestCaseExecutor.accessMainPhase(TestCaseExecutor.java:410)
	at com.kms.katalon.core.main.TestCaseExecutor.execute(TestCaseExecutor.java:285)
	at com.kms.katalon.core.main.TestCaseExecutor.execute(TestCaseExecutor.java:369)
	at com.kms.katalon.core.main.TestCaseExecutor.execute(TestCaseExecutor.java:369)
	at com.kms.katalon.core.main.TestCaseExecutor.execute(TestCaseExecutor.java:369)
	at com.kms.katalon.core.common.CommonExecutor.accessTestCaseMainPhase(CommonExecutor.java:65)
	at com.kms.katalon.core.main.TestSuiteExecutor.accessTestSuiteMainPhase(TestSuiteExecutor.java:151)
	at com.kms.katalon.core.main.TestSuiteExecutor.execute(TestSuiteExecutor.java:106)
	at com.kms.katalon.core.main.TestCaseMain.startTestSuite(TestCaseMain.java:185)
	at com.kms.katalon.core.main.TestCaseMain$startTestSuite$0.call(Unknown Source)
	at TempTestSuite1665158278242.run(TempTestSuite1665158278242.groovy:36)
"/>
         <system-out><![CDATA[2022-10-07 22:59:23 - [TEST_CASE][ERROR] - Test Cases/MyAdmin/Profile/KO-3215 Verify change password failed: Test Cases/MyAdmin/Profile/KO-3215 Verify change password failed FAILED.
Reason:
org.codehaus.groovy.control.MultipleCompilationErrorsException: startup failed:
file:/Users/nhu.tqnguyen/Documents/QUALITY%20ENGINEERING%20-%20SOURCE/LastCode_QE%20Automation/katalon-platform-qengineer-automation/Scripts/MyAdmin/Profile/KO-3215%20Verify%20change%20password%20failed/Script1664699021746.groovy: 18: unable to resolve class katalon.common.ChangePasswordPopup
 @ line 18, column 1.
   import katalon.common.ChangePasswordPopup
   ^

file:/Users/nhu.tqnguyen/Documents/QUALITY%20ENGINEERING%20-%20SOURCE/LastCode_QE%20Automation/katalon-platform-qengineer-automation/Scripts/MyAdmin/Profile/KO-3215%20Verify%20change%20password%20failed/Script1664699021746.groovy: 17: unable to resolve class katalon.common.ProfilePage
 @ line 17, column 1.
   import katalon.common.ProfilePage
   ^

2 errors

	at com.kms.katalon.core.main.ScriptEngine.getScript(ScriptEngine.java:199)
	at com.kms.katalon.core.main.ScriptEngine.run(ScriptEngine.java:194)
	at com.kms.katalon.core.main.ScriptEngine.runScriptAsRawText(ScriptEngine.java:119)
	at com.kms.katalon.core.main.TestCaseExecutor.runScript(TestCaseExecutor.java:448)
	at com.kms.katalon.core.main.TestCaseExecutor.doExecute(TestCaseExecutor.java:439)
	at com.kms.katalon.core.main.TestCaseExecutor.processExecutionPhase(TestCaseExecutor.java:418)
	at com.kms.katalon.core.main.TestCaseExecutor.accessMainPhase(TestCaseExecutor.java:410)
	at com.kms.katalon.core.main.TestCaseExecutor.execute(TestCaseExecutor.java:285)
	at com.kms.katalon.core.main.TestCaseExecutor.execute(TestCaseExecutor.java:369)
	at com.kms.katalon.core.main.TestCaseExecutor.execute(TestCaseExecutor.java:369)
	at com.kms.katalon.core.main.TestCaseExecutor.execute(TestCaseExecutor.java:369)
	at com.kms.katalon.core.common.CommonExecutor.accessTestCaseMainPhase(CommonExecutor.java:65)
	at com.kms.katalon.core.main.TestSuiteExecutor.accessTestSuiteMainPhase(TestSuiteExecutor.java:151)
	at com.kms.katalon.core.main.TestSuiteExecutor.execute(TestSuiteExecutor.java:106)
	at com.kms.katalon.core.main.TestCaseMain.startTestSuite(TestCaseMain.java:185)
	at com.kms.katalon.core.main.TestCaseMain$startTestSuite$0.call(Unknown Source)
	at TempTestSuite1665158278242.run(TempTestSuite1665158278242.groovy:36)


2022-10-07 22:59:23 - [TEST_STEP][PASSED] - Start listener action : sampleBeforeTestCase: Current window maximized

2022-10-07 22:59:23 - [TEST_STEP][PASSED] - openBrowser(null): Browser is opened with url: 'null'

2022-10-07 22:59:23 - [MESSAGE][INFO] - Starting 'Chrome' driver

2022-10-07 22:59:23 - [MESSAGE][INFO] - Action delay is set to 0 milliseconds

2022-10-07 22:59:24 - [MESSAGE][PASSED] - Browser is opened with url: 'null'

2022-10-07 22:59:24 - [TEST_STEP][PASSED] - maximizeWindow(): Current window maximized

2022-10-07 22:59:24 - [MESSAGE][PASSED] - Current window maximized

2022-10-07 22:59:24 - [TEST_STEP][PASSED] - Start listener action : sampleAfterTestCase: Browser is closed

2022-10-07 22:59:24 - [TEST_STEP][PASSED] - if (!(getTestCaseStatus().equalsIgnoreCase("PASSED"))): Browser is closed

2022-10-07 22:59:24 - [TEST_STEP][PASSED] - takeScreenshot(): Taking screenshot successfully

2022-10-07 22:59:25 - [MESSAGE][PASSED] - Taking screenshot successfully
[[ATTACHMENT|/Users/nhu.tqnguyen/Documents/QUALITY ENGINEERING - SOURCE/LastCode_QE Automation/katalon-platform-qengineer-automation/Reports/20221007_225758/Change Password/20221007_225758/1665158364887.png]]

2022-10-07 22:59:25 - [TEST_STEP][PASSED] - closeBrowser(): Browser is closed

2022-10-07 22:59:25 - [MESSAGE][PASSED] - Browser is closed

2022-10-07 22:59:25 - [TEST_STEP][PASSED] - closeBrowser(): Browser is closed

2022-10-07 22:59:25 - [MESSAGE][PASSED] - Browser is closed]]></system-out>
         <system-err><![CDATA[2022-10-07 22:59:23 - [TEST_CASE][ERROR] - Test Cases/MyAdmin/Profile/KO-3215 Verify change password failed: Test Cases/MyAdmin/Profile/KO-3215 Verify change password failed FAILED.
Reason:
org.codehaus.groovy.control.MultipleCompilationErrorsException: startup failed:
file:/Users/nhu.tqnguyen/Documents/QUALITY%20ENGINEERING%20-%20SOURCE/LastCode_QE%20Automation/katalon-platform-qengineer-automation/Scripts/MyAdmin/Profile/KO-3215%20Verify%20change%20password%20failed/Script1664699021746.groovy: 18: unable to resolve class katalon.common.ChangePasswordPopup
 @ line 18, column 1.
   import katalon.common.ChangePasswordPopup
   ^

file:/Users/nhu.tqnguyen/Documents/QUALITY%20ENGINEERING%20-%20SOURCE/LastCode_QE%20Automation/katalon-platform-qengineer-automation/Scripts/MyAdmin/Profile/KO-3215%20Verify%20change%20password%20failed/Script1664699021746.groovy: 17: unable to resolve class katalon.common.ProfilePage
 @ line 17, column 1.
   import katalon.common.ProfilePage
   ^

2 errors

	at com.kms.katalon.core.main.ScriptEngine.getScript(ScriptEngine.java:199)
	at com.kms.katalon.core.main.ScriptEngine.run(ScriptEngine.java:194)
	at com.kms.katalon.core.main.ScriptEngine.runScriptAsRawText(ScriptEngine.java:119)
	at com.kms.katalon.core.main.TestCaseExecutor.runScript(TestCaseExecutor.java:448)
	at com.kms.katalon.core.main.TestCaseExecutor.doExecute(TestCaseExecutor.java:439)
	at com.kms.katalon.core.main.TestCaseExecutor.processExecutionPhase(TestCaseExecutor.java:418)
	at com.kms.katalon.core.main.TestCaseExecutor.accessMainPhase(TestCaseExecutor.java:410)
	at com.kms.katalon.core.main.TestCaseExecutor.execute(TestCaseExecutor.java:285)
	at com.kms.katalon.core.main.TestCaseExecutor.execute(TestCaseExecutor.java:369)
	at com.kms.katalon.core.main.TestCaseExecutor.execute(TestCaseExecutor.java:369)
	at com.kms.katalon.core.main.TestCaseExecutor.execute(TestCaseExecutor.java:369)
	at com.kms.katalon.core.common.CommonExecutor.accessTestCaseMainPhase(CommonExecutor.java:65)
	at com.kms.katalon.core.main.TestSuiteExecutor.accessTestSuiteMainPhase(TestSuiteExecutor.java:151)
	at com.kms.katalon.core.main.TestSuiteExecutor.execute(TestSuiteExecutor.java:106)
	at com.kms.katalon.core.main.TestCaseMain.startTestSuite(TestCaseMain.java:185)
	at com.kms.katalon.core.main.TestCaseMain$startTestSuite$0.call(Unknown Source)
	at TempTestSuite1665158278242.run(TempTestSuite1665158278242.groovy:36)]]></system-err>
      </testcase>
      <testcase name="Test Cases/MyAdmin/Profile/KO-3215 Verify change password failed" time="1.969" classname="Test Cases/MyAdmin/Profile/KO-3215 Verify change password failed" status="ERROR">
         <error type="ERROR" message="Test Cases/MyAdmin/Profile/KO-3215 Verify change password failed FAILED.
Reason:
org.codehaus.groovy.control.MultipleCompilationErrorsException: startup failed:
file:/Users/nhu.tqnguyen/Documents/QUALITY%20ENGINEERING%20-%20SOURCE/LastCode_QE%20Automation/katalon-platform-qengineer-automation/Scripts/MyAdmin/Profile/KO-3215%20Verify%20change%20password%20failed/Script1664699021746.groovy: 18: unable to resolve class katalon.common.ChangePasswordPopup
 @ line 18, column 1.
   import katalon.common.ChangePasswordPopup
   ^

file:/Users/nhu.tqnguyen/Documents/QUALITY%20ENGINEERING%20-%20SOURCE/LastCode_QE%20Automation/katalon-platform-qengineer-automation/Scripts/MyAdmin/Profile/KO-3215%20Verify%20change%20password%20failed/Script1664699021746.groovy: 17: unable to resolve class katalon.common.ProfilePage
 @ line 17, column 1.
   import katalon.common.ProfilePage
   ^

2 errors

	at com.kms.katalon.core.main.ScriptEngine.getScript(ScriptEngine.java:199)
	at com.kms.katalon.core.main.ScriptEngine.run(ScriptEngine.java:194)
	at com.kms.katalon.core.main.ScriptEngine.runScriptAsRawText(ScriptEngine.java:119)
	at com.kms.katalon.core.main.TestCaseExecutor.runScript(TestCaseExecutor.java:448)
	at com.kms.katalon.core.main.TestCaseExecutor.doExecute(TestCaseExecutor.java:439)
	at com.kms.katalon.core.main.TestCaseExecutor.processExecutionPhase(TestCaseExecutor.java:418)
	at com.kms.katalon.core.main.TestCaseExecutor.accessMainPhase(TestCaseExecutor.java:410)
	at com.kms.katalon.core.main.TestCaseExecutor.execute(TestCaseExecutor.java:285)
	at com.kms.katalon.core.main.TestCaseExecutor.execute(TestCaseExecutor.java:369)
	at com.kms.katalon.core.main.TestCaseExecutor.execute(TestCaseExecutor.java:369)
	at com.kms.katalon.core.main.TestCaseExecutor.execute(TestCaseExecutor.java:369)
	at com.kms.katalon.core.common.CommonExecutor.accessTestCaseMainPhase(CommonExecutor.java:65)
	at com.kms.katalon.core.main.TestSuiteExecutor.accessTestSuiteMainPhase(TestSuiteExecutor.java:151)
	at com.kms.katalon.core.main.TestSuiteExecutor.execute(TestSuiteExecutor.java:106)
	at com.kms.katalon.core.main.TestCaseMain.startTestSuite(TestCaseMain.java:185)
	at com.kms.katalon.core.main.TestCaseMain$startTestSuite$0.call(Unknown Source)
	at TempTestSuite1665158278242.run(TempTestSuite1665158278242.groovy:36)
"/>
         <system-out><![CDATA[2022-10-07 22:59:31 - [TEST_CASE][ERROR] - Test Cases/MyAdmin/Profile/KO-3215 Verify change password failed: Test Cases/MyAdmin/Profile/KO-3215 Verify change password failed FAILED.
Reason:
org.codehaus.groovy.control.MultipleCompilationErrorsException: startup failed:
file:/Users/nhu.tqnguyen/Documents/QUALITY%20ENGINEERING%20-%20SOURCE/LastCode_QE%20Automation/katalon-platform-qengineer-automation/Scripts/MyAdmin/Profile/KO-3215%20Verify%20change%20password%20failed/Script1664699021746.groovy: 18: unable to resolve class katalon.common.ChangePasswordPopup
 @ line 18, column 1.
   import katalon.common.ChangePasswordPopup
   ^

file:/Users/nhu.tqnguyen/Documents/QUALITY%20ENGINEERING%20-%20SOURCE/LastCode_QE%20Automation/katalon-platform-qengineer-automation/Scripts/MyAdmin/Profile/KO-3215%20Verify%20change%20password%20failed/Script1664699021746.groovy: 17: unable to resolve class katalon.common.ProfilePage
 @ line 17, column 1.
   import katalon.common.ProfilePage
   ^

2 errors

	at com.kms.katalon.core.main.ScriptEngine.getScript(ScriptEngine.java:199)
	at com.kms.katalon.core.main.ScriptEngine.run(ScriptEngine.java:194)
	at com.kms.katalon.core.main.ScriptEngine.runScriptAsRawText(ScriptEngine.java:119)
	at com.kms.katalon.core.main.TestCaseExecutor.runScript(TestCaseExecutor.java:448)
	at com.kms.katalon.core.main.TestCaseExecutor.doExecute(TestCaseExecutor.java:439)
	at com.kms.katalon.core.main.TestCaseExecutor.processExecutionPhase(TestCaseExecutor.java:418)
	at com.kms.katalon.core.main.TestCaseExecutor.accessMainPhase(TestCaseExecutor.java:410)
	at com.kms.katalon.core.main.TestCaseExecutor.execute(TestCaseExecutor.java:285)
	at com.kms.katalon.core.main.TestCaseExecutor.execute(TestCaseExecutor.java:369)
	at com.kms.katalon.core.main.TestCaseExecutor.execute(TestCaseExecutor.java:369)
	at com.kms.katalon.core.main.TestCaseExecutor.execute(TestCaseExecutor.java:369)
	at com.kms.katalon.core.common.CommonExecutor.accessTestCaseMainPhase(CommonExecutor.java:65)
	at com.kms.katalon.core.main.TestSuiteExecutor.accessTestSuiteMainPhase(TestSuiteExecutor.java:151)
	at com.kms.katalon.core.main.TestSuiteExecutor.execute(TestSuiteExecutor.java:106)
	at com.kms.katalon.core.main.TestCaseMain.startTestSuite(TestCaseMain.java:185)
	at com.kms.katalon.core.main.TestCaseMain$startTestSuite$0.call(Unknown Source)
	at TempTestSuite1665158278242.run(TempTestSuite1665158278242.groovy:36)


2022-10-07 22:59:31 - [TEST_STEP][PASSED] - Start listener action : sampleBeforeTestCase: Current window maximized

2022-10-07 22:59:31 - [TEST_STEP][PASSED] - openBrowser(null): Browser is opened with url: 'null'

2022-10-07 22:59:31 - [MESSAGE][INFO] - Starting 'Chrome' driver

2022-10-07 22:59:31 - [MESSAGE][INFO] - Action delay is set to 0 milliseconds

2022-10-07 22:59:32 - [MESSAGE][PASSED] - Browser is opened with url: 'null'

2022-10-07 22:59:32 - [TEST_STEP][PASSED] - maximizeWindow(): Current window maximized

2022-10-07 22:59:32 - [MESSAGE][PASSED] - Current window maximized

2022-10-07 22:59:32 - [TEST_STEP][PASSED] - Start listener action : sampleAfterTestCase: Browser is closed

2022-10-07 22:59:32 - [TEST_STEP][PASSED] - if (!(getTestCaseStatus().equalsIgnoreCase("PASSED"))): Browser is closed

2022-10-07 22:59:32 - [TEST_STEP][PASSED] - takeScreenshot(): Taking screenshot successfully

2022-10-07 22:59:33 - [MESSAGE][PASSED] - Taking screenshot successfully
[[ATTACHMENT|/Users/nhu.tqnguyen/Documents/QUALITY ENGINEERING - SOURCE/LastCode_QE Automation/katalon-platform-qengineer-automation/Reports/20221007_225758/Change Password/20221007_225758/1665158372826.png]]

2022-10-07 22:59:33 - [TEST_STEP][PASSED] - closeBrowser(): Browser is closed

2022-10-07 22:59:33 - [MESSAGE][PASSED] - Browser is closed

2022-10-07 22:59:33 - [TEST_STEP][PASSED] - closeBrowser(): Browser is closed

2022-10-07 22:59:33 - [MESSAGE][PASSED] - Browser is closed]]></system-out>
         <system-err><![CDATA[2022-10-07 22:59:31 - [TEST_CASE][ERROR] - Test Cases/MyAdmin/Profile/KO-3215 Verify change password failed: Test Cases/MyAdmin/Profile/KO-3215 Verify change password failed FAILED.
Reason:
org.codehaus.groovy.control.MultipleCompilationErrorsException: startup failed:
file:/Users/nhu.tqnguyen/Documents/QUALITY%20ENGINEERING%20-%20SOURCE/LastCode_QE%20Automation/katalon-platform-qengineer-automation/Scripts/MyAdmin/Profile/KO-3215%20Verify%20change%20password%20failed/Script1664699021746.groovy: 18: unable to resolve class katalon.common.ChangePasswordPopup
 @ line 18, column 1.
   import katalon.common.ChangePasswordPopup
   ^

file:/Users/nhu.tqnguyen/Documents/QUALITY%20ENGINEERING%20-%20SOURCE/LastCode_QE%20Automation/katalon-platform-qengineer-automation/Scripts/MyAdmin/Profile/KO-3215%20Verify%20change%20password%20failed/Script1664699021746.groovy: 17: unable to resolve class katalon.common.ProfilePage
 @ line 17, column 1.
   import katalon.common.ProfilePage
   ^

2 errors

	at com.kms.katalon.core.main.ScriptEngine.getScript(ScriptEngine.java:199)
	at com.kms.katalon.core.main.ScriptEngine.run(ScriptEngine.java:194)
	at com.kms.katalon.core.main.ScriptEngine.runScriptAsRawText(ScriptEngine.java:119)
	at com.kms.katalon.core.main.TestCaseExecutor.runScript(TestCaseExecutor.java:448)
	at com.kms.katalon.core.main.TestCaseExecutor.doExecute(TestCaseExecutor.java:439)
	at com.kms.katalon.core.main.TestCaseExecutor.processExecutionPhase(TestCaseExecutor.java:418)
	at com.kms.katalon.core.main.TestCaseExecutor.accessMainPhase(TestCaseExecutor.java:410)
	at com.kms.katalon.core.main.TestCaseExecutor.execute(TestCaseExecutor.java:285)
	at com.kms.katalon.core.main.TestCaseExecutor.execute(TestCaseExecutor.java:369)
	at com.kms.katalon.core.main.TestCaseExecutor.execute(TestCaseExecutor.java:369)
	at com.kms.katalon.core.main.TestCaseExecutor.execute(TestCaseExecutor.java:369)
	at com.kms.katalon.core.common.CommonExecutor.accessTestCaseMainPhase(CommonExecutor.java:65)
	at com.kms.katalon.core.main.TestSuiteExecutor.accessTestSuiteMainPhase(TestSuiteExecutor.java:151)
	at com.kms.katalon.core.main.TestSuiteExecutor.execute(TestSuiteExecutor.java:106)
	at com.kms.katalon.core.main.TestCaseMain.startTestSuite(TestCaseMain.java:185)
	at com.kms.katalon.core.main.TestCaseMain$startTestSuite$0.call(Unknown Source)
	at TempTestSuite1665158278242.run(TempTestSuite1665158278242.groovy:36)]]></system-err>
      </testcase>
      <testcase name="Test Cases/MyAdmin/Profile/KO-3215 Verify change password failed" time="1.824" classname="Test Cases/MyAdmin/Profile/KO-3215 Verify change password failed" status="ERROR">
         <error type="ERROR" message="Test Cases/MyAdmin/Profile/KO-3215 Verify change password failed FAILED.
Reason:
org.codehaus.groovy.control.MultipleCompilationErrorsException: startup failed:
file:/Users/nhu.tqnguyen/Documents/QUALITY%20ENGINEERING%20-%20SOURCE/LastCode_QE%20Automation/katalon-platform-qengineer-automation/Scripts/MyAdmin/Profile/KO-3215%20Verify%20change%20password%20failed/Script1664699021746.groovy: 18: unable to resolve class katalon.common.ChangePasswordPopup
 @ line 18, column 1.
   import katalon.common.ChangePasswordPopup
   ^

file:/Users/nhu.tqnguyen/Documents/QUALITY%20ENGINEERING%20-%20SOURCE/LastCode_QE%20Automation/katalon-platform-qengineer-automation/Scripts/MyAdmin/Profile/KO-3215%20Verify%20change%20password%20failed/Script1664699021746.groovy: 17: unable to resolve class katalon.common.ProfilePage
 @ line 17, column 1.
   import katalon.common.ProfilePage
   ^

2 errors

	at com.kms.katalon.core.main.ScriptEngine.getScript(ScriptEngine.java:199)
	at com.kms.katalon.core.main.ScriptEngine.run(ScriptEngine.java:194)
	at com.kms.katalon.core.main.ScriptEngine.runScriptAsRawText(ScriptEngine.java:119)
	at com.kms.katalon.core.main.TestCaseExecutor.runScript(TestCaseExecutor.java:448)
	at com.kms.katalon.core.main.TestCaseExecutor.doExecute(TestCaseExecutor.java:439)
	at com.kms.katalon.core.main.TestCaseExecutor.processExecutionPhase(TestCaseExecutor.java:418)
	at com.kms.katalon.core.main.TestCaseExecutor.accessMainPhase(TestCaseExecutor.java:410)
	at com.kms.katalon.core.main.TestCaseExecutor.execute(TestCaseExecutor.java:285)
	at com.kms.katalon.core.main.TestCaseExecutor.execute(TestCaseExecutor.java:369)
	at com.kms.katalon.core.main.TestCaseExecutor.execute(TestCaseExecutor.java:369)
	at com.kms.katalon.core.main.TestCaseExecutor.execute(TestCaseExecutor.java:369)
	at com.kms.katalon.core.common.CommonExecutor.accessTestCaseMainPhase(CommonExecutor.java:65)
	at com.kms.katalon.core.main.TestSuiteExecutor.accessTestSuiteMainPhase(TestSuiteExecutor.java:151)
	at com.kms.katalon.core.main.TestSuiteExecutor.execute(TestSuiteExecutor.java:106)
	at com.kms.katalon.core.main.TestCaseMain.startTestSuite(TestCaseMain.java:185)
	at com.kms.katalon.core.main.TestCaseMain$startTestSuite$0.call(Unknown Source)
	at TempTestSuite1665158278242.run(TempTestSuite1665158278242.groovy:36)
"/>
         <system-out><![CDATA[2022-10-07 23:00:18 - [TEST_CASE][ERROR] - Test Cases/MyAdmin/Profile/KO-3215 Verify change password failed: Test Cases/MyAdmin/Profile/KO-3215 Verify change password failed FAILED.
Reason:
org.codehaus.groovy.control.MultipleCompilationErrorsException: startup failed:
file:/Users/nhu.tqnguyen/Documents/QUALITY%20ENGINEERING%20-%20SOURCE/LastCode_QE%20Automation/katalon-platform-qengineer-automation/Scripts/MyAdmin/Profile/KO-3215%20Verify%20change%20password%20failed/Script1664699021746.groovy: 18: unable to resolve class katalon.common.ChangePasswordPopup
 @ line 18, column 1.
   import katalon.common.ChangePasswordPopup
   ^

file:/Users/nhu.tqnguyen/Documents/QUALITY%20ENGINEERING%20-%20SOURCE/LastCode_QE%20Automation/katalon-platform-qengineer-automation/Scripts/MyAdmin/Profile/KO-3215%20Verify%20change%20password%20failed/Script1664699021746.groovy: 17: unable to resolve class katalon.common.ProfilePage
 @ line 17, column 1.
   import katalon.common.ProfilePage
   ^

2 errors

	at com.kms.katalon.core.main.ScriptEngine.getScript(ScriptEngine.java:199)
	at com.kms.katalon.core.main.ScriptEngine.run(ScriptEngine.java:194)
	at com.kms.katalon.core.main.ScriptEngine.runScriptAsRawText(ScriptEngine.java:119)
	at com.kms.katalon.core.main.TestCaseExecutor.runScript(TestCaseExecutor.java:448)
	at com.kms.katalon.core.main.TestCaseExecutor.doExecute(TestCaseExecutor.java:439)
	at com.kms.katalon.core.main.TestCaseExecutor.processExecutionPhase(TestCaseExecutor.java:418)
	at com.kms.katalon.core.main.TestCaseExecutor.accessMainPhase(TestCaseExecutor.java:410)
	at com.kms.katalon.core.main.TestCaseExecutor.execute(TestCaseExecutor.java:285)
	at com.kms.katalon.core.main.TestCaseExecutor.execute(TestCaseExecutor.java:369)
	at com.kms.katalon.core.main.TestCaseExecutor.execute(TestCaseExecutor.java:369)
	at com.kms.katalon.core.main.TestCaseExecutor.execute(TestCaseExecutor.java:369)
	at com.kms.katalon.core.common.CommonExecutor.accessTestCaseMainPhase(CommonExecutor.java:65)
	at com.kms.katalon.core.main.TestSuiteExecutor.accessTestSuiteMainPhase(TestSuiteExecutor.java:151)
	at com.kms.katalon.core.main.TestSuiteExecutor.execute(TestSuiteExecutor.java:106)
	at com.kms.katalon.core.main.TestCaseMain.startTestSuite(TestCaseMain.java:185)
	at com.kms.katalon.core.main.TestCaseMain$startTestSuite$0.call(Unknown Source)
	at TempTestSuite1665158278242.run(TempTestSuite1665158278242.groovy:36)


2022-10-07 23:00:18 - [TEST_STEP][PASSED] - Start listener action : sampleBeforeTestCase: Current window maximized

2022-10-07 23:00:18 - [TEST_STEP][PASSED] - openBrowser(null): Browser is opened with url: 'null'

2022-10-07 23:00:18 - [MESSAGE][INFO] - Starting 'Chrome' driver

2022-10-07 23:00:18 - [MESSAGE][INFO] - Action delay is set to 0 milliseconds

2022-10-07 23:00:19 - [MESSAGE][PASSED] - Browser is opened with url: 'null'

2022-10-07 23:00:19 - [TEST_STEP][PASSED] - maximizeWindow(): Current window maximized

2022-10-07 23:00:19 - [MESSAGE][PASSED] - Current window maximized

2022-10-07 23:00:19 - [TEST_STEP][PASSED] - Start listener action : sampleAfterTestCase: Browser is closed

2022-10-07 23:00:19 - [TEST_STEP][PASSED] - if (!(getTestCaseStatus().equalsIgnoreCase("PASSED"))): Browser is closed

2022-10-07 23:00:19 - [TEST_STEP][PASSED] - takeScreenshot(): Taking screenshot successfully

2022-10-07 23:00:20 - [MESSAGE][PASSED] - Taking screenshot successfully
[[ATTACHMENT|/Users/nhu.tqnguyen/Documents/QUALITY ENGINEERING - SOURCE/LastCode_QE Automation/katalon-platform-qengineer-automation/Reports/20221007_225758/Change Password/20221007_225758/1665158419861.png]]

2022-10-07 23:00:20 - [TEST_STEP][PASSED] - closeBrowser(): Browser is closed

2022-10-07 23:00:20 - [MESSAGE][PASSED] - Browser is closed

2022-10-07 23:00:20 - [TEST_STEP][PASSED] - closeBrowser(): Browser is closed

2022-10-07 23:00:20 - [MESSAGE][PASSED] - Browser is closed]]></system-out>
         <system-err><![CDATA[2022-10-07 23:00:18 - [TEST_CASE][ERROR] - Test Cases/MyAdmin/Profile/KO-3215 Verify change password failed: Test Cases/MyAdmin/Profile/KO-3215 Verify change password failed FAILED.
Reason:
org.codehaus.groovy.control.MultipleCompilationErrorsException: startup failed:
file:/Users/nhu.tqnguyen/Documents/QUALITY%20ENGINEERING%20-%20SOURCE/LastCode_QE%20Automation/katalon-platform-qengineer-automation/Scripts/MyAdmin/Profile/KO-3215%20Verify%20change%20password%20failed/Script1664699021746.groovy: 18: unable to resolve class katalon.common.ChangePasswordPopup
 @ line 18, column 1.
   import katalon.common.ChangePasswordPopup
   ^

file:/Users/nhu.tqnguyen/Documents/QUALITY%20ENGINEERING%20-%20SOURCE/LastCode_QE%20Automation/katalon-platform-qengineer-automation/Scripts/MyAdmin/Profile/KO-3215%20Verify%20change%20password%20failed/Script1664699021746.groovy: 17: unable to resolve class katalon.common.ProfilePage
 @ line 17, column 1.
   import katalon.common.ProfilePage
   ^

2 errors

	at com.kms.katalon.core.main.ScriptEngine.getScript(ScriptEngine.java:199)
	at com.kms.katalon.core.main.ScriptEngine.run(ScriptEngine.java:194)
	at com.kms.katalon.core.main.ScriptEngine.runScriptAsRawText(ScriptEngine.java:119)
	at com.kms.katalon.core.main.TestCaseExecutor.runScript(TestCaseExecutor.java:448)
	at com.kms.katalon.core.main.TestCaseExecutor.doExecute(TestCaseExecutor.java:439)
	at com.kms.katalon.core.main.TestCaseExecutor.processExecutionPhase(TestCaseExecutor.java:418)
	at com.kms.katalon.core.main.TestCaseExecutor.accessMainPhase(TestCaseExecutor.java:410)
	at com.kms.katalon.core.main.TestCaseExecutor.execute(TestCaseExecutor.java:285)
	at com.kms.katalon.core.main.TestCaseExecutor.execute(TestCaseExecutor.java:369)
	at com.kms.katalon.core.main.TestCaseExecutor.execute(TestCaseExecutor.java:369)
	at com.kms.katalon.core.main.TestCaseExecutor.execute(TestCaseExecutor.java:369)
	at com.kms.katalon.core.common.CommonExecutor.accessTestCaseMainPhase(CommonExecutor.java:65)
	at com.kms.katalon.core.main.TestSuiteExecutor.accessTestSuiteMainPhase(TestSuiteExecutor.java:151)
	at com.kms.katalon.core.main.TestSuiteExecutor.execute(TestSuiteExecutor.java:106)
	at com.kms.katalon.core.main.TestCaseMain.startTestSuite(TestCaseMain.java:185)
	at com.kms.katalon.core.main.TestCaseMain$startTestSuite$0.call(Unknown Source)
	at TempTestSuite1665158278242.run(TempTestSuite1665158278242.groovy:36)]]></system-err>
      </testcase>
      <testcase name="Test Cases/MyAdmin/Profile/KO-3215 Verify change password failed" time="1.906" classname="Test Cases/MyAdmin/Profile/KO-3215 Verify change password failed" status="ERROR">
         <error type="ERROR" message="Test Cases/MyAdmin/Profile/KO-3215 Verify change password failed FAILED.
Reason:
org.codehaus.groovy.control.MultipleCompilationErrorsException: startup failed:
file:/Users/nhu.tqnguyen/Documents/QUALITY%20ENGINEERING%20-%20SOURCE/LastCode_QE%20Automation/katalon-platform-qengineer-automation/Scripts/MyAdmin/Profile/KO-3215%20Verify%20change%20password%20failed/Script1664699021746.groovy: 18: unable to resolve class katalon.common.ChangePasswordPopup
 @ line 18, column 1.
   import katalon.common.ChangePasswordPopup
   ^

file:/Users/nhu.tqnguyen/Documents/QUALITY%20ENGINEERING%20-%20SOURCE/LastCode_QE%20Automation/katalon-platform-qengineer-automation/Scripts/MyAdmin/Profile/KO-3215%20Verify%20change%20password%20failed/Script1664699021746.groovy: 17: unable to resolve class katalon.common.ProfilePage
 @ line 17, column 1.
   import katalon.common.ProfilePage
   ^

2 errors

	at com.kms.katalon.core.main.ScriptEngine.getScript(ScriptEngine.java:199)
	at com.kms.katalon.core.main.ScriptEngine.run(ScriptEngine.java:194)
	at com.kms.katalon.core.main.ScriptEngine.runScriptAsRawText(ScriptEngine.java:119)
	at com.kms.katalon.core.main.TestCaseExecutor.runScript(TestCaseExecutor.java:448)
	at com.kms.katalon.core.main.TestCaseExecutor.doExecute(TestCaseExecutor.java:439)
	at com.kms.katalon.core.main.TestCaseExecutor.processExecutionPhase(TestCaseExecutor.java:418)
	at com.kms.katalon.core.main.TestCaseExecutor.accessMainPhase(TestCaseExecutor.java:410)
	at com.kms.katalon.core.main.TestCaseExecutor.execute(TestCaseExecutor.java:285)
	at com.kms.katalon.core.main.TestCaseExecutor.execute(TestCaseExecutor.java:369)
	at com.kms.katalon.core.main.TestCaseExecutor.execute(TestCaseExecutor.java:369)
	at com.kms.katalon.core.main.TestCaseExecutor.execute(TestCaseExecutor.java:369)
	at com.kms.katalon.core.common.CommonExecutor.accessTestCaseMainPhase(CommonExecutor.java:65)
	at com.kms.katalon.core.main.TestSuiteExecutor.accessTestSuiteMainPhase(TestSuiteExecutor.java:151)
	at com.kms.katalon.core.main.TestSuiteExecutor.execute(TestSuiteExecutor.java:106)
	at com.kms.katalon.core.main.TestCaseMain.startTestSuite(TestCaseMain.java:185)
	at com.kms.katalon.core.main.TestCaseMain$startTestSuite$0.call(Unknown Source)
	at TempTestSuite1665158278242.run(TempTestSuite1665158278242.groovy:36)
"/>
         <system-out><![CDATA[2022-10-07 23:00:25 - [TEST_CASE][ERROR] - Test Cases/MyAdmin/Profile/KO-3215 Verify change password failed: Test Cases/MyAdmin/Profile/KO-3215 Verify change password failed FAILED.
Reason:
org.codehaus.groovy.control.MultipleCompilationErrorsException: startup failed:
file:/Users/nhu.tqnguyen/Documents/QUALITY%20ENGINEERING%20-%20SOURCE/LastCode_QE%20Automation/katalon-platform-qengineer-automation/Scripts/MyAdmin/Profile/KO-3215%20Verify%20change%20password%20failed/Script1664699021746.groovy: 18: unable to resolve class katalon.common.ChangePasswordPopup
 @ line 18, column 1.
   import katalon.common.ChangePasswordPopup
   ^

file:/Users/nhu.tqnguyen/Documents/QUALITY%20ENGINEERING%20-%20SOURCE/LastCode_QE%20Automation/katalon-platform-qengineer-automation/Scripts/MyAdmin/Profile/KO-3215%20Verify%20change%20password%20failed/Script1664699021746.groovy: 17: unable to resolve class katalon.common.ProfilePage
 @ line 17, column 1.
   import katalon.common.ProfilePage
   ^

2 errors

	at com.kms.katalon.core.main.ScriptEngine.getScript(ScriptEngine.java:199)
	at com.kms.katalon.core.main.ScriptEngine.run(ScriptEngine.java:194)
	at com.kms.katalon.core.main.ScriptEngine.runScriptAsRawText(ScriptEngine.java:119)
	at com.kms.katalon.core.main.TestCaseExecutor.runScript(TestCaseExecutor.java:448)
	at com.kms.katalon.core.main.TestCaseExecutor.doExecute(TestCaseExecutor.java:439)
	at com.kms.katalon.core.main.TestCaseExecutor.processExecutionPhase(TestCaseExecutor.java:418)
	at com.kms.katalon.core.main.TestCaseExecutor.accessMainPhase(TestCaseExecutor.java:410)
	at com.kms.katalon.core.main.TestCaseExecutor.execute(TestCaseExecutor.java:285)
	at com.kms.katalon.core.main.TestCaseExecutor.execute(TestCaseExecutor.java:369)
	at com.kms.katalon.core.main.TestCaseExecutor.execute(TestCaseExecutor.java:369)
	at com.kms.katalon.core.main.TestCaseExecutor.execute(TestCaseExecutor.java:369)
	at com.kms.katalon.core.common.CommonExecutor.accessTestCaseMainPhase(CommonExecutor.java:65)
	at com.kms.katalon.core.main.TestSuiteExecutor.accessTestSuiteMainPhase(TestSuiteExecutor.java:151)
	at com.kms.katalon.core.main.TestSuiteExecutor.execute(TestSuiteExecutor.java:106)
	at com.kms.katalon.core.main.TestCaseMain.startTestSuite(TestCaseMain.java:185)
	at com.kms.katalon.core.main.TestCaseMain$startTestSuite$0.call(Unknown Source)
	at TempTestSuite1665158278242.run(TempTestSuite1665158278242.groovy:36)


2022-10-07 23:00:25 - [TEST_STEP][PASSED] - Start listener action : sampleBeforeTestCase: Current window maximized

2022-10-07 23:00:25 - [TEST_STEP][PASSED] - openBrowser(null): Browser is opened with url: 'null'

2022-10-07 23:00:25 - [MESSAGE][INFO] - Starting 'Chrome' driver

2022-10-07 23:00:25 - [MESSAGE][INFO] - Action delay is set to 0 milliseconds

2022-10-07 23:00:27 - [MESSAGE][PASSED] - Browser is opened with url: 'null'

2022-10-07 23:00:27 - [TEST_STEP][PASSED] - maximizeWindow(): Current window maximized

2022-10-07 23:00:27 - [MESSAGE][PASSED] - Current window maximized

2022-10-07 23:00:27 - [TEST_STEP][PASSED] - Start listener action : sampleAfterTestCase: Browser is closed

2022-10-07 23:00:27 - [TEST_STEP][PASSED] - if (!(getTestCaseStatus().equalsIgnoreCase("PASSED"))): Browser is closed

2022-10-07 23:00:27 - [TEST_STEP][PASSED] - takeScreenshot(): Taking screenshot successfully

2022-10-07 23:00:27 - [MESSAGE][PASSED] - Taking screenshot successfully
[[ATTACHMENT|/Users/nhu.tqnguyen/Documents/QUALITY ENGINEERING - SOURCE/LastCode_QE Automation/katalon-platform-qengineer-automation/Reports/20221007_225758/Change Password/20221007_225758/1665158427371.png]]

2022-10-07 23:00:27 - [TEST_STEP][PASSED] - closeBrowser(): Browser is closed

2022-10-07 23:00:27 - [MESSAGE][PASSED] - Browser is closed

2022-10-07 23:00:27 - [TEST_STEP][PASSED] - closeBrowser(): Browser is closed

2022-10-07 23:00:27 - [MESSAGE][PASSED] - Browser is closed]]></system-out>
         <system-err><![CDATA[2022-10-07 23:00:25 - [TEST_CASE][ERROR] - Test Cases/MyAdmin/Profile/KO-3215 Verify change password failed: Test Cases/MyAdmin/Profile/KO-3215 Verify change password failed FAILED.
Reason:
org.codehaus.groovy.control.MultipleCompilationErrorsException: startup failed:
file:/Users/nhu.tqnguyen/Documents/QUALITY%20ENGINEERING%20-%20SOURCE/LastCode_QE%20Automation/katalon-platform-qengineer-automation/Scripts/MyAdmin/Profile/KO-3215%20Verify%20change%20password%20failed/Script1664699021746.groovy: 18: unable to resolve class katalon.common.ChangePasswordPopup
 @ line 18, column 1.
   import katalon.common.ChangePasswordPopup
   ^

file:/Users/nhu.tqnguyen/Documents/QUALITY%20ENGINEERING%20-%20SOURCE/LastCode_QE%20Automation/katalon-platform-qengineer-automation/Scripts/MyAdmin/Profile/KO-3215%20Verify%20change%20password%20failed/Script1664699021746.groovy: 17: unable to resolve class katalon.common.ProfilePage
 @ line 17, column 1.
   import katalon.common.ProfilePage
   ^

2 errors

	at com.kms.katalon.core.main.ScriptEngine.getScript(ScriptEngine.java:199)
	at com.kms.katalon.core.main.ScriptEngine.run(ScriptEngine.java:194)
	at com.kms.katalon.core.main.ScriptEngine.runScriptAsRawText(ScriptEngine.java:119)
	at com.kms.katalon.core.main.TestCaseExecutor.runScript(TestCaseExecutor.java:448)
	at com.kms.katalon.core.main.TestCaseExecutor.doExecute(TestCaseExecutor.java:439)
	at com.kms.katalon.core.main.TestCaseExecutor.processExecutionPhase(TestCaseExecutor.java:418)
	at com.kms.katalon.core.main.TestCaseExecutor.accessMainPhase(TestCaseExecutor.java:410)
	at com.kms.katalon.core.main.TestCaseExecutor.execute(TestCaseExecutor.java:285)
	at com.kms.katalon.core.main.TestCaseExecutor.execute(TestCaseExecutor.java:369)
	at com.kms.katalon.core.main.TestCaseExecutor.execute(TestCaseExecutor.java:369)
	at com.kms.katalon.core.main.TestCaseExecutor.execute(TestCaseExecutor.java:369)
	at com.kms.katalon.core.common.CommonExecutor.accessTestCaseMainPhase(CommonExecutor.java:65)
	at com.kms.katalon.core.main.TestSuiteExecutor.accessTestSuiteMainPhase(TestSuiteExecutor.java:151)
	at com.kms.katalon.core.main.TestSuiteExecutor.execute(TestSuiteExecutor.java:106)
	at com.kms.katalon.core.main.TestCaseMain.startTestSuite(TestCaseMain.java:185)
	at com.kms.katalon.core.main.TestCaseMain$startTestSuite$0.call(Unknown Source)
	at TempTestSuite1665158278242.run(TempTestSuite1665158278242.groovy:36)]]></system-err>
      </testcase>
      <testcase name="Test Cases/MyAdmin/Profile/KO-3215 Verify change password failed" time="43.339" classname="Test Cases/MyAdmin/Profile/KO-3215 Verify change password failed" status="ERROR">
         <error type="ERROR" message="Test Cases/MyAdmin/Profile/KO-3215 Verify change password failed FAILED.
Reason:
org.codehaus.groovy.control.MultipleCompilationErrorsException: startup failed:
file:/Users/nhu.tqnguyen/Documents/QUALITY%20ENGINEERING%20-%20SOURCE/LastCode_QE%20Automation/katalon-platform-qengineer-automation/Scripts/MyAdmin/Profile/KO-3215%20Verify%20change%20password%20failed/Script1664699021746.groovy: 18: unable to resolve class katalon.common.ChangePasswordPopup
 @ line 18, column 1.
   import katalon.common.ChangePasswordPopup
   ^

file:/Users/nhu.tqnguyen/Documents/QUALITY%20ENGINEERING%20-%20SOURCE/LastCode_QE%20Automation/katalon-platform-qengineer-automation/Scripts/MyAdmin/Profile/KO-3215%20Verify%20change%20password%20failed/Script1664699021746.groovy: 17: unable to resolve class katalon.common.ProfilePage
 @ line 17, column 1.
   import katalon.common.ProfilePage
   ^

2 errors

	at com.kms.katalon.core.main.ScriptEngine.getScript(ScriptEngine.java:199)
	at com.kms.katalon.core.main.ScriptEngine.run(ScriptEngine.java:194)
	at com.kms.katalon.core.main.ScriptEngine.runScriptAsRawText(ScriptEngine.java:119)
	at com.kms.katalon.core.main.TestCaseExecutor.runScript(TestCaseExecutor.java:448)
	at com.kms.katalon.core.main.TestCaseExecutor.doExecute(TestCaseExecutor.java:439)
	at com.kms.katalon.core.main.TestCaseExecutor.processExecutionPhase(TestCaseExecutor.java:418)
	at com.kms.katalon.core.main.TestCaseExecutor.accessMainPhase(TestCaseExecutor.java:410)
	at com.kms.katalon.core.main.TestCaseExecutor.execute(TestCaseExecutor.java:285)
	at com.kms.katalon.core.main.TestCaseExecutor.execute(TestCaseExecutor.java:369)
	at com.kms.katalon.core.main.TestCaseExecutor.execute(TestCaseExecutor.java:369)
	at com.kms.katalon.core.main.TestCaseExecutor.execute(TestCaseExecutor.java:369)
	at com.kms.katalon.core.common.CommonExecutor.accessTestCaseMainPhase(CommonExecutor.java:65)
	at com.kms.katalon.core.main.TestSuiteExecutor.accessTestSuiteMainPhase(TestSuiteExecutor.java:151)
	at com.kms.katalon.core.main.TestSuiteExecutor.execute(TestSuiteExecutor.java:106)
	at com.kms.katalon.core.main.TestCaseMain.startTestSuite(TestCaseMain.java:185)
	at com.kms.katalon.core.main.TestCaseMain$startTestSuite$0.call(Unknown Source)
	at TempTestSuite1665158278242.run(TempTestSuite1665158278242.groovy:36)
"/>
         <system-out><![CDATA[2022-10-07 23:00:33 - [TEST_CASE][ERROR] - Test Cases/MyAdmin/Profile/KO-3215 Verify change password failed: Test Cases/MyAdmin/Profile/KO-3215 Verify change password failed FAILED.
Reason:
org.codehaus.groovy.control.MultipleCompilationErrorsException: startup failed:
file:/Users/nhu.tqnguyen/Documents/QUALITY%20ENGINEERING%20-%20SOURCE/LastCode_QE%20Automation/katalon-platform-qengineer-automation/Scripts/MyAdmin/Profile/KO-3215%20Verify%20change%20password%20failed/Script1664699021746.groovy: 18: unable to resolve class katalon.common.ChangePasswordPopup
 @ line 18, column 1.
   import katalon.common.ChangePasswordPopup
   ^

file:/Users/nhu.tqnguyen/Documents/QUALITY%20ENGINEERING%20-%20SOURCE/LastCode_QE%20Automation/katalon-platform-qengineer-automation/Scripts/MyAdmin/Profile/KO-3215%20Verify%20change%20password%20failed/Script1664699021746.groovy: 17: unable to resolve class katalon.common.ProfilePage
 @ line 17, column 1.
   import katalon.common.ProfilePage
   ^

2 errors

	at com.kms.katalon.core.main.ScriptEngine.getScript(ScriptEngine.java:199)
	at com.kms.katalon.core.main.ScriptEngine.run(ScriptEngine.java:194)
	at com.kms.katalon.core.main.ScriptEngine.runScriptAsRawText(ScriptEngine.java:119)
	at com.kms.katalon.core.main.TestCaseExecutor.runScript(TestCaseExecutor.java:448)
	at com.kms.katalon.core.main.TestCaseExecutor.doExecute(TestCaseExecutor.java:439)
	at com.kms.katalon.core.main.TestCaseExecutor.processExecutionPhase(TestCaseExecutor.java:418)
	at com.kms.katalon.core.main.TestCaseExecutor.accessMainPhase(TestCaseExecutor.java:410)
	at com.kms.katalon.core.main.TestCaseExecutor.execute(TestCaseExecutor.java:285)
	at com.kms.katalon.core.main.TestCaseExecutor.execute(TestCaseExecutor.java:369)
	at com.kms.katalon.core.main.TestCaseExecutor.execute(TestCaseExecutor.java:369)
	at com.kms.katalon.core.main.TestCaseExecutor.execute(TestCaseExecutor.java:369)
	at com.kms.katalon.core.common.CommonExecutor.accessTestCaseMainPhase(CommonExecutor.java:65)
	at com.kms.katalon.core.main.TestSuiteExecutor.accessTestSuiteMainPhase(TestSuiteExecutor.java:151)
	at com.kms.katalon.core.main.TestSuiteExecutor.execute(TestSuiteExecutor.java:106)
	at com.kms.katalon.core.main.TestCaseMain.startTestSuite(TestCaseMain.java:185)
	at com.kms.katalon.core.main.TestCaseMain$startTestSuite$0.call(Unknown Source)
	at TempTestSuite1665158278242.run(TempTestSuite1665158278242.groovy:36)


2022-10-07 23:00:33 - [TEST_STEP][PASSED] - Start listener action : sampleBeforeTestCase: Current window maximized

2022-10-07 23:00:33 - [TEST_STEP][PASSED] - openBrowser(null): Browser is opened with url: 'null'

2022-10-07 23:00:33 - [MESSAGE][INFO] - Starting 'Chrome' driver

2022-10-07 23:00:33 - [MESSAGE][INFO] - Action delay is set to 0 milliseconds

2022-10-07 23:00:34 - [MESSAGE][PASSED] - Browser is opened with url: 'null'

2022-10-07 23:00:34 - [TEST_STEP][PASSED] - maximizeWindow(): Current window maximized

2022-10-07 23:00:34 - [MESSAGE][PASSED] - Current window maximized

2022-10-07 23:01:16 - [TEST_STEP][PASSED] - Start listener action : sampleAfterTestCase: Browser is closed

2022-10-07 23:01:16 - [TEST_STEP][PASSED] - if (!(getTestCaseStatus().equalsIgnoreCase("PASSED"))): Browser is closed

2022-10-07 23:01:16 - [TEST_STEP][PASSED] - takeScreenshot(): Taking screenshot successfully

2022-10-07 23:01:16 - [MESSAGE][PASSED] - Taking screenshot successfully
[[ATTACHMENT|/Users/nhu.tqnguyen/Documents/QUALITY ENGINEERING - SOURCE/LastCode_QE Automation/katalon-platform-qengineer-automation/Reports/20221007_225758/Change Password/20221007_225758/1665158476408.png]]

2022-10-07 23:01:16 - [TEST_STEP][PASSED] - closeBrowser(): Browser is closed

2022-10-07 23:01:16 - [MESSAGE][PASSED] - Browser is closed

2022-10-07 23:01:16 - [TEST_STEP][PASSED] - closeBrowser(): Browser is closed

2022-10-07 23:01:16 - [MESSAGE][PASSED] - Browser is closed]]></system-out>
         <system-err><![CDATA[2022-10-07 23:00:33 - [TEST_CASE][ERROR] - Test Cases/MyAdmin/Profile/KO-3215 Verify change password failed: Test Cases/MyAdmin/Profile/KO-3215 Verify change password failed FAILED.
Reason:
org.codehaus.groovy.control.MultipleCompilationErrorsException: startup failed:
file:/Users/nhu.tqnguyen/Documents/QUALITY%20ENGINEERING%20-%20SOURCE/LastCode_QE%20Automation/katalon-platform-qengineer-automation/Scripts/MyAdmin/Profile/KO-3215%20Verify%20change%20password%20failed/Script1664699021746.groovy: 18: unable to resolve class katalon.common.ChangePasswordPopup
 @ line 18, column 1.
   import katalon.common.ChangePasswordPopup
   ^

file:/Users/nhu.tqnguyen/Documents/QUALITY%20ENGINEERING%20-%20SOURCE/LastCode_QE%20Automation/katalon-platform-qengineer-automation/Scripts/MyAdmin/Profile/KO-3215%20Verify%20change%20password%20failed/Script1664699021746.groovy: 17: unable to resolve class katalon.common.ProfilePage
 @ line 17, column 1.
   import katalon.common.ProfilePage
   ^

2 errors

	at com.kms.katalon.core.main.ScriptEngine.getScript(ScriptEngine.java:199)
	at com.kms.katalon.core.main.ScriptEngine.run(ScriptEngine.java:194)
	at com.kms.katalon.core.main.ScriptEngine.runScriptAsRawText(ScriptEngine.java:119)
	at com.kms.katalon.core.main.TestCaseExecutor.runScript(TestCaseExecutor.java:448)
	at com.kms.katalon.core.main.TestCaseExecutor.doExecute(TestCaseExecutor.java:439)
	at com.kms.katalon.core.main.TestCaseExecutor.processExecutionPhase(TestCaseExecutor.java:418)
	at com.kms.katalon.core.main.TestCaseExecutor.accessMainPhase(TestCaseExecutor.java:410)
	at com.kms.katalon.core.main.TestCaseExecutor.execute(TestCaseExecutor.java:285)
	at com.kms.katalon.core.main.TestCaseExecutor.execute(TestCaseExecutor.java:369)
	at com.kms.katalon.core.main.TestCaseExecutor.execute(TestCaseExecutor.java:369)
	at com.kms.katalon.core.main.TestCaseExecutor.execute(TestCaseExecutor.java:369)
	at com.kms.katalon.core.common.CommonExecutor.accessTestCaseMainPhase(CommonExecutor.java:65)
	at com.kms.katalon.core.main.TestSuiteExecutor.accessTestSuiteMainPhase(TestSuiteExecutor.java:151)
	at com.kms.katalon.core.main.TestSuiteExecutor.execute(TestSuiteExecutor.java:106)
	at com.kms.katalon.core.main.TestCaseMain.startTestSuite(TestCaseMain.java:185)
	at com.kms.katalon.core.main.TestCaseMain$startTestSuite$0.call(Unknown Source)
	at TempTestSuite1665158278242.run(TempTestSuite1665158278242.groovy:36)]]></system-err>
      </testcase>
      <testcase name="Test Cases/MyAdmin/Profile/KO-3215 Verify change password failed" time="1.85" classname="Test Cases/MyAdmin/Profile/KO-3215 Verify change password failed" status="ERROR">
         <error type="ERROR" message="Test Cases/MyAdmin/Profile/KO-3215 Verify change password failed FAILED.
Reason:
org.codehaus.groovy.control.MultipleCompilationErrorsException: startup failed:
file:/Users/nhu.tqnguyen/Documents/QUALITY%20ENGINEERING%20-%20SOURCE/LastCode_QE%20Automation/katalon-platform-qengineer-automation/Scripts/MyAdmin/Profile/KO-3215%20Verify%20change%20password%20failed/Script1664699021746.groovy: 18: unable to resolve class katalon.common.ChangePasswordPopup
 @ line 18, column 1.
   import katalon.common.ChangePasswordPopup
   ^

file:/Users/nhu.tqnguyen/Documents/QUALITY%20ENGINEERING%20-%20SOURCE/LastCode_QE%20Automation/katalon-platform-qengineer-automation/Scripts/MyAdmin/Profile/KO-3215%20Verify%20change%20password%20failed/Script1664699021746.groovy: 17: unable to resolve class katalon.common.ProfilePage
 @ line 17, column 1.
   import katalon.common.ProfilePage
   ^

2 errors

	at com.kms.katalon.core.main.ScriptEngine.getScript(ScriptEngine.java:199)
	at com.kms.katalon.core.main.ScriptEngine.run(ScriptEngine.java:194)
	at com.kms.katalon.core.main.ScriptEngine.runScriptAsRawText(ScriptEngine.java:119)
	at com.kms.katalon.core.main.TestCaseExecutor.runScript(TestCaseExecutor.java:448)
	at com.kms.katalon.core.main.TestCaseExecutor.doExecute(TestCaseExecutor.java:439)
	at com.kms.katalon.core.main.TestCaseExecutor.processExecutionPhase(TestCaseExecutor.java:418)
	at com.kms.katalon.core.main.TestCaseExecutor.accessMainPhase(TestCaseExecutor.java:410)
	at com.kms.katalon.core.main.TestCaseExecutor.execute(TestCaseExecutor.java:285)
	at com.kms.katalon.core.main.TestCaseExecutor.execute(TestCaseExecutor.java:369)
	at com.kms.katalon.core.main.TestCaseExecutor.execute(TestCaseExecutor.java:369)
	at com.kms.katalon.core.main.TestCaseExecutor.execute(TestCaseExecutor.java:369)
	at com.kms.katalon.core.common.CommonExecutor.accessTestCaseMainPhase(CommonExecutor.java:65)
	at com.kms.katalon.core.main.TestSuiteExecutor.accessTestSuiteMainPhase(TestSuiteExecutor.java:151)
	at com.kms.katalon.core.main.TestSuiteExecutor.execute(TestSuiteExecutor.java:106)
	at com.kms.katalon.core.main.TestCaseMain.startTestSuite(TestCaseMain.java:185)
	at com.kms.katalon.core.main.TestCaseMain$startTestSuite$0.call(Unknown Source)
	at TempTestSuite1665158278242.run(TempTestSuite1665158278242.groovy:36)
"/>
         <system-out><![CDATA[2022-10-07 23:01:22 - [TEST_CASE][ERROR] - Test Cases/MyAdmin/Profile/KO-3215 Verify change password failed: Test Cases/MyAdmin/Profile/KO-3215 Verify change password failed FAILED.
Reason:
org.codehaus.groovy.control.MultipleCompilationErrorsException: startup failed:
file:/Users/nhu.tqnguyen/Documents/QUALITY%20ENGINEERING%20-%20SOURCE/LastCode_QE%20Automation/katalon-platform-qengineer-automation/Scripts/MyAdmin/Profile/KO-3215%20Verify%20change%20password%20failed/Script1664699021746.groovy: 18: unable to resolve class katalon.common.ChangePasswordPopup
 @ line 18, column 1.
   import katalon.common.ChangePasswordPopup
   ^

file:/Users/nhu.tqnguyen/Documents/QUALITY%20ENGINEERING%20-%20SOURCE/LastCode_QE%20Automation/katalon-platform-qengineer-automation/Scripts/MyAdmin/Profile/KO-3215%20Verify%20change%20password%20failed/Script1664699021746.groovy: 17: unable to resolve class katalon.common.ProfilePage
 @ line 17, column 1.
   import katalon.common.ProfilePage
   ^

2 errors

	at com.kms.katalon.core.main.ScriptEngine.getScript(ScriptEngine.java:199)
	at com.kms.katalon.core.main.ScriptEngine.run(ScriptEngine.java:194)
	at com.kms.katalon.core.main.ScriptEngine.runScriptAsRawText(ScriptEngine.java:119)
	at com.kms.katalon.core.main.TestCaseExecutor.runScript(TestCaseExecutor.java:448)
	at com.kms.katalon.core.main.TestCaseExecutor.doExecute(TestCaseExecutor.java:439)
	at com.kms.katalon.core.main.TestCaseExecutor.processExecutionPhase(TestCaseExecutor.java:418)
	at com.kms.katalon.core.main.TestCaseExecutor.accessMainPhase(TestCaseExecutor.java:410)
	at com.kms.katalon.core.main.TestCaseExecutor.execute(TestCaseExecutor.java:285)
	at com.kms.katalon.core.main.TestCaseExecutor.execute(TestCaseExecutor.java:369)
	at com.kms.katalon.core.main.TestCaseExecutor.execute(TestCaseExecutor.java:369)
	at com.kms.katalon.core.main.TestCaseExecutor.execute(TestCaseExecutor.java:369)
	at com.kms.katalon.core.common.CommonExecutor.accessTestCaseMainPhase(CommonExecutor.java:65)
	at com.kms.katalon.core.main.TestSuiteExecutor.accessTestSuiteMainPhase(TestSuiteExecutor.java:151)
	at com.kms.katalon.core.main.TestSuiteExecutor.execute(TestSuiteExecutor.java:106)
	at com.kms.katalon.core.main.TestCaseMain.startTestSuite(TestCaseMain.java:185)
	at com.kms.katalon.core.main.TestCaseMain$startTestSuite$0.call(Unknown Source)
	at TempTestSuite1665158278242.run(TempTestSuite1665158278242.groovy:36)


2022-10-07 23:01:22 - [TEST_STEP][PASSED] - Start listener action : sampleBeforeTestCase: Current window maximized

2022-10-07 23:01:22 - [TEST_STEP][PASSED] - openBrowser(null): Browser is opened with url: 'null'

2022-10-07 23:01:22 - [MESSAGE][INFO] - Starting 'Chrome' driver

2022-10-07 23:01:22 - [MESSAGE][INFO] - Action delay is set to 0 milliseconds

2022-10-07 23:01:23 - [MESSAGE][PASSED] - Browser is opened with url: 'null'

2022-10-07 23:01:23 - [TEST_STEP][PASSED] - maximizeWindow(): Current window maximized

2022-10-07 23:01:23 - [MESSAGE][PASSED] - Current window maximized

2022-10-07 23:01:23 - [TEST_STEP][PASSED] - Start listener action : sampleAfterTestCase: Browser is closed

2022-10-07 23:01:23 - [TEST_STEP][PASSED] - if (!(getTestCaseStatus().equalsIgnoreCase("PASSED"))): Browser is closed

2022-10-07 23:01:23 - [TEST_STEP][PASSED] - takeScreenshot(): Taking screenshot successfully

2022-10-07 23:01:24 - [MESSAGE][PASSED] - Taking screenshot successfully
[[ATTACHMENT|/Users/nhu.tqnguyen/Documents/QUALITY ENGINEERING - SOURCE/LastCode_QE Automation/katalon-platform-qengineer-automation/Reports/20221007_225758/Change Password/20221007_225758/1665158483828.png]]

2022-10-07 23:01:24 - [TEST_STEP][PASSED] - closeBrowser(): Browser is closed

2022-10-07 23:01:24 - [MESSAGE][PASSED] - Browser is closed

2022-10-07 23:01:24 - [TEST_STEP][PASSED] - closeBrowser(): Browser is closed

2022-10-07 23:01:24 - [MESSAGE][PASSED] - Browser is closed]]></system-out>
         <system-err><![CDATA[2022-10-07 23:01:22 - [TEST_CASE][ERROR] - Test Cases/MyAdmin/Profile/KO-3215 Verify change password failed: Test Cases/MyAdmin/Profile/KO-3215 Verify change password failed FAILED.
Reason:
org.codehaus.groovy.control.MultipleCompilationErrorsException: startup failed:
file:/Users/nhu.tqnguyen/Documents/QUALITY%20ENGINEERING%20-%20SOURCE/LastCode_QE%20Automation/katalon-platform-qengineer-automation/Scripts/MyAdmin/Profile/KO-3215%20Verify%20change%20password%20failed/Script1664699021746.groovy: 18: unable to resolve class katalon.common.ChangePasswordPopup
 @ line 18, column 1.
   import katalon.common.ChangePasswordPopup
   ^

file:/Users/nhu.tqnguyen/Documents/QUALITY%20ENGINEERING%20-%20SOURCE/LastCode_QE%20Automation/katalon-platform-qengineer-automation/Scripts/MyAdmin/Profile/KO-3215%20Verify%20change%20password%20failed/Script1664699021746.groovy: 17: unable to resolve class katalon.common.ProfilePage
 @ line 17, column 1.
   import katalon.common.ProfilePage
   ^

2 errors

	at com.kms.katalon.core.main.ScriptEngine.getScript(ScriptEngine.java:199)
	at com.kms.katalon.core.main.ScriptEngine.run(ScriptEngine.java:194)
	at com.kms.katalon.core.main.ScriptEngine.runScriptAsRawText(ScriptEngine.java:119)
	at com.kms.katalon.core.main.TestCaseExecutor.runScript(TestCaseExecutor.java:448)
	at com.kms.katalon.core.main.TestCaseExecutor.doExecute(TestCaseExecutor.java:439)
	at com.kms.katalon.core.main.TestCaseExecutor.processExecutionPhase(TestCaseExecutor.java:418)
	at com.kms.katalon.core.main.TestCaseExecutor.accessMainPhase(TestCaseExecutor.java:410)
	at com.kms.katalon.core.main.TestCaseExecutor.execute(TestCaseExecutor.java:285)
	at com.kms.katalon.core.main.TestCaseExecutor.execute(TestCaseExecutor.java:369)
	at com.kms.katalon.core.main.TestCaseExecutor.execute(TestCaseExecutor.java:369)
	at com.kms.katalon.core.main.TestCaseExecutor.execute(TestCaseExecutor.java:369)
	at com.kms.katalon.core.common.CommonExecutor.accessTestCaseMainPhase(CommonExecutor.java:65)
	at com.kms.katalon.core.main.TestSuiteExecutor.accessTestSuiteMainPhase(TestSuiteExecutor.java:151)
	at com.kms.katalon.core.main.TestSuiteExecutor.execute(TestSuiteExecutor.java:106)
	at com.kms.katalon.core.main.TestCaseMain.startTestSuite(TestCaseMain.java:185)
	at com.kms.katalon.core.main.TestCaseMain$startTestSuite$0.call(Unknown Source)
	at TempTestSuite1665158278242.run(TempTestSuite1665158278242.groovy:36)]]></system-err>
      </testcase>
      <testcase name="Test Cases/MyAdmin/Profile/KO-3215 Verify change password failed" time="1.849" classname="Test Cases/MyAdmin/Profile/KO-3215 Verify change password failed" status="ERROR">
         <error type="ERROR" message="Test Cases/MyAdmin/Profile/KO-3215 Verify change password failed FAILED.
Reason:
org.codehaus.groovy.control.MultipleCompilationErrorsException: startup failed:
file:/Users/nhu.tqnguyen/Documents/QUALITY%20ENGINEERING%20-%20SOURCE/LastCode_QE%20Automation/katalon-platform-qengineer-automation/Scripts/MyAdmin/Profile/KO-3215%20Verify%20change%20password%20failed/Script1664699021746.groovy: 18: unable to resolve class katalon.common.ChangePasswordPopup
 @ line 18, column 1.
   import katalon.common.ChangePasswordPopup
   ^

file:/Users/nhu.tqnguyen/Documents/QUALITY%20ENGINEERING%20-%20SOURCE/LastCode_QE%20Automation/katalon-platform-qengineer-automation/Scripts/MyAdmin/Profile/KO-3215%20Verify%20change%20password%20failed/Script1664699021746.groovy: 17: unable to resolve class katalon.common.ProfilePage
 @ line 17, column 1.
   import katalon.common.ProfilePage
   ^

2 errors

	at com.kms.katalon.core.main.ScriptEngine.getScript(ScriptEngine.java:199)
	at com.kms.katalon.core.main.ScriptEngine.run(ScriptEngine.java:194)
	at com.kms.katalon.core.main.ScriptEngine.runScriptAsRawText(ScriptEngine.java:119)
	at com.kms.katalon.core.main.TestCaseExecutor.runScript(TestCaseExecutor.java:448)
	at com.kms.katalon.core.main.TestCaseExecutor.doExecute(TestCaseExecutor.java:439)
	at com.kms.katalon.core.main.TestCaseExecutor.processExecutionPhase(TestCaseExecutor.java:418)
	at com.kms.katalon.core.main.TestCaseExecutor.accessMainPhase(TestCaseExecutor.java:410)
	at com.kms.katalon.core.main.TestCaseExecutor.execute(TestCaseExecutor.java:285)
	at com.kms.katalon.core.main.TestCaseExecutor.execute(TestCaseExecutor.java:369)
	at com.kms.katalon.core.main.TestCaseExecutor.execute(TestCaseExecutor.java:369)
	at com.kms.katalon.core.main.TestCaseExecutor.execute(TestCaseExecutor.java:369)
	at com.kms.katalon.core.common.CommonExecutor.accessTestCaseMainPhase(CommonExecutor.java:65)
	at com.kms.katalon.core.main.TestSuiteExecutor.accessTestSuiteMainPhase(TestSuiteExecutor.java:151)
	at com.kms.katalon.core.main.TestSuiteExecutor.execute(TestSuiteExecutor.java:106)
	at com.kms.katalon.core.main.TestCaseMain.startTestSuite(TestCaseMain.java:185)
	at com.kms.katalon.core.main.TestCaseMain$startTestSuite$0.call(Unknown Source)
	at TempTestSuite1665158278242.run(TempTestSuite1665158278242.groovy:36)
"/>
         <system-out><![CDATA[2022-10-07 23:01:29 - [TEST_CASE][ERROR] - Test Cases/MyAdmin/Profile/KO-3215 Verify change password failed: Test Cases/MyAdmin/Profile/KO-3215 Verify change password failed FAILED.
Reason:
org.codehaus.groovy.control.MultipleCompilationErrorsException: startup failed:
file:/Users/nhu.tqnguyen/Documents/QUALITY%20ENGINEERING%20-%20SOURCE/LastCode_QE%20Automation/katalon-platform-qengineer-automation/Scripts/MyAdmin/Profile/KO-3215%20Verify%20change%20password%20failed/Script1664699021746.groovy: 18: unable to resolve class katalon.common.ChangePasswordPopup
 @ line 18, column 1.
   import katalon.common.ChangePasswordPopup
   ^

file:/Users/nhu.tqnguyen/Documents/QUALITY%20ENGINEERING%20-%20SOURCE/LastCode_QE%20Automation/katalon-platform-qengineer-automation/Scripts/MyAdmin/Profile/KO-3215%20Verify%20change%20password%20failed/Script1664699021746.groovy: 17: unable to resolve class katalon.common.ProfilePage
 @ line 17, column 1.
   import katalon.common.ProfilePage
   ^

2 errors

	at com.kms.katalon.core.main.ScriptEngine.getScript(ScriptEngine.java:199)
	at com.kms.katalon.core.main.ScriptEngine.run(ScriptEngine.java:194)
	at com.kms.katalon.core.main.ScriptEngine.runScriptAsRawText(ScriptEngine.java:119)
	at com.kms.katalon.core.main.TestCaseExecutor.runScript(TestCaseExecutor.java:448)
	at com.kms.katalon.core.main.TestCaseExecutor.doExecute(TestCaseExecutor.java:439)
	at com.kms.katalon.core.main.TestCaseExecutor.processExecutionPhase(TestCaseExecutor.java:418)
	at com.kms.katalon.core.main.TestCaseExecutor.accessMainPhase(TestCaseExecutor.java:410)
	at com.kms.katalon.core.main.TestCaseExecutor.execute(TestCaseExecutor.java:285)
	at com.kms.katalon.core.main.TestCaseExecutor.execute(TestCaseExecutor.java:369)
	at com.kms.katalon.core.main.TestCaseExecutor.execute(TestCaseExecutor.java:369)
	at com.kms.katalon.core.main.TestCaseExecutor.execute(TestCaseExecutor.java:369)
	at com.kms.katalon.core.common.CommonExecutor.accessTestCaseMainPhase(CommonExecutor.java:65)
	at com.kms.katalon.core.main.TestSuiteExecutor.accessTestSuiteMainPhase(TestSuiteExecutor.java:151)
	at com.kms.katalon.core.main.TestSuiteExecutor.execute(TestSuiteExecutor.java:106)
	at com.kms.katalon.core.main.TestCaseMain.startTestSuite(TestCaseMain.java:185)
	at com.kms.katalon.core.main.TestCaseMain$startTestSuite$0.call(Unknown Source)
	at TempTestSuite1665158278242.run(TempTestSuite1665158278242.groovy:36)


2022-10-07 23:01:29 - [TEST_STEP][PASSED] - Start listener action : sampleBeforeTestCase: Current window maximized

2022-10-07 23:01:29 - [TEST_STEP][PASSED] - openBrowser(null): Browser is opened with url: 'null'

2022-10-07 23:01:29 - [MESSAGE][INFO] - Starting 'Chrome' driver

2022-10-07 23:01:29 - [MESSAGE][INFO] - Action delay is set to 0 milliseconds

2022-10-07 23:01:31 - [MESSAGE][PASSED] - Browser is opened with url: 'null'

2022-10-07 23:01:31 - [TEST_STEP][PASSED] - maximizeWindow(): Current window maximized

2022-10-07 23:01:31 - [MESSAGE][PASSED] - Current window maximized

2022-10-07 23:01:31 - [TEST_STEP][PASSED] - Start listener action : sampleAfterTestCase: Browser is closed

2022-10-07 23:01:31 - [TEST_STEP][PASSED] - if (!(getTestCaseStatus().equalsIgnoreCase("PASSED"))): Browser is closed

2022-10-07 23:01:31 - [TEST_STEP][PASSED] - takeScreenshot(): Taking screenshot successfully

2022-10-07 23:01:31 - [MESSAGE][PASSED] - Taking screenshot successfully
[[ATTACHMENT|/Users/nhu.tqnguyen/Documents/QUALITY ENGINEERING - SOURCE/LastCode_QE Automation/katalon-platform-qengineer-automation/Reports/20221007_225758/Change Password/20221007_225758/1665158491362.png]]

2022-10-07 23:01:31 - [TEST_STEP][PASSED] - closeBrowser(): Browser is closed

2022-10-07 23:01:31 - [MESSAGE][PASSED] - Browser is closed

2022-10-07 23:01:31 - [TEST_STEP][PASSED] - closeBrowser(): Browser is closed

2022-10-07 23:01:31 - [MESSAGE][PASSED] - Browser is closed]]></system-out>
         <system-err><![CDATA[2022-10-07 23:01:29 - [TEST_CASE][ERROR] - Test Cases/MyAdmin/Profile/KO-3215 Verify change password failed: Test Cases/MyAdmin/Profile/KO-3215 Verify change password failed FAILED.
Reason:
org.codehaus.groovy.control.MultipleCompilationErrorsException: startup failed:
file:/Users/nhu.tqnguyen/Documents/QUALITY%20ENGINEERING%20-%20SOURCE/LastCode_QE%20Automation/katalon-platform-qengineer-automation/Scripts/MyAdmin/Profile/KO-3215%20Verify%20change%20password%20failed/Script1664699021746.groovy: 18: unable to resolve class katalon.common.ChangePasswordPopup
 @ line 18, column 1.
   import katalon.common.ChangePasswordPopup
   ^

file:/Users/nhu.tqnguyen/Documents/QUALITY%20ENGINEERING%20-%20SOURCE/LastCode_QE%20Automation/katalon-platform-qengineer-automation/Scripts/MyAdmin/Profile/KO-3215%20Verify%20change%20password%20failed/Script1664699021746.groovy: 17: unable to resolve class katalon.common.ProfilePage
 @ line 17, column 1.
   import katalon.common.ProfilePage
   ^

2 errors

	at com.kms.katalon.core.main.ScriptEngine.getScript(ScriptEngine.java:199)
	at com.kms.katalon.core.main.ScriptEngine.run(ScriptEngine.java:194)
	at com.kms.katalon.core.main.ScriptEngine.runScriptAsRawText(ScriptEngine.java:119)
	at com.kms.katalon.core.main.TestCaseExecutor.runScript(TestCaseExecutor.java:448)
	at com.kms.katalon.core.main.TestCaseExecutor.doExecute(TestCaseExecutor.java:439)
	at com.kms.katalon.core.main.TestCaseExecutor.processExecutionPhase(TestCaseExecutor.java:418)
	at com.kms.katalon.core.main.TestCaseExecutor.accessMainPhase(TestCaseExecutor.java:410)
	at com.kms.katalon.core.main.TestCaseExecutor.execute(TestCaseExecutor.java:285)
	at com.kms.katalon.core.main.TestCaseExecutor.execute(TestCaseExecutor.java:369)
	at com.kms.katalon.core.main.TestCaseExecutor.execute(TestCaseExecutor.java:369)
	at com.kms.katalon.core.main.TestCaseExecutor.execute(TestCaseExecutor.java:369)
	at com.kms.katalon.core.common.CommonExecutor.accessTestCaseMainPhase(CommonExecutor.java:65)
	at com.kms.katalon.core.main.TestSuiteExecutor.accessTestSuiteMainPhase(TestSuiteExecutor.java:151)
	at com.kms.katalon.core.main.TestSuiteExecutor.execute(TestSuiteExecutor.java:106)
	at com.kms.katalon.core.main.TestCaseMain.startTestSuite(TestCaseMain.java:185)
	at com.kms.katalon.core.main.TestCaseMain$startTestSuite$0.call(Unknown Source)
	at TempTestSuite1665158278242.run(TempTestSuite1665158278242.groovy:36)]]></system-err>
      </testcase>
      <testcase name="Test Cases/MyAdmin/Profile/KO-3215 Verify change password failed" time="2.047" classname="Test Cases/MyAdmin/Profile/KO-3215 Verify change password failed" status="ERROR">
         <error type="ERROR" message="Test Cases/MyAdmin/Profile/KO-3215 Verify change password failed FAILED.
Reason:
org.codehaus.groovy.control.MultipleCompilationErrorsException: startup failed:
file:/Users/nhu.tqnguyen/Documents/QUALITY%20ENGINEERING%20-%20SOURCE/LastCode_QE%20Automation/katalon-platform-qengineer-automation/Scripts/MyAdmin/Profile/KO-3215%20Verify%20change%20password%20failed/Script1664699021746.groovy: 18: unable to resolve class katalon.common.ChangePasswordPopup
 @ line 18, column 1.
   import katalon.common.ChangePasswordPopup
   ^

file:/Users/nhu.tqnguyen/Documents/QUALITY%20ENGINEERING%20-%20SOURCE/LastCode_QE%20Automation/katalon-platform-qengineer-automation/Scripts/MyAdmin/Profile/KO-3215%20Verify%20change%20password%20failed/Script1664699021746.groovy: 17: unable to resolve class katalon.common.ProfilePage
 @ line 17, column 1.
   import katalon.common.ProfilePage
   ^

2 errors

	at com.kms.katalon.core.main.ScriptEngine.getScript(ScriptEngine.java:199)
	at com.kms.katalon.core.main.ScriptEngine.run(ScriptEngine.java:194)
	at com.kms.katalon.core.main.ScriptEngine.runScriptAsRawText(ScriptEngine.java:119)
	at com.kms.katalon.core.main.TestCaseExecutor.runScript(TestCaseExecutor.java:448)
	at com.kms.katalon.core.main.TestCaseExecutor.doExecute(TestCaseExecutor.java:439)
	at com.kms.katalon.core.main.TestCaseExecutor.processExecutionPhase(TestCaseExecutor.java:418)
	at com.kms.katalon.core.main.TestCaseExecutor.accessMainPhase(TestCaseExecutor.java:410)
	at com.kms.katalon.core.main.TestCaseExecutor.execute(TestCaseExecutor.java:285)
	at com.kms.katalon.core.main.TestCaseExecutor.execute(TestCaseExecutor.java:369)
	at com.kms.katalon.core.main.TestCaseExecutor.execute(TestCaseExecutor.java:369)
	at com.kms.katalon.core.main.TestCaseExecutor.execute(TestCaseExecutor.java:369)
	at com.kms.katalon.core.common.CommonExecutor.accessTestCaseMainPhase(CommonExecutor.java:65)
	at com.kms.katalon.core.main.TestSuiteExecutor.accessTestSuiteMainPhase(TestSuiteExecutor.java:151)
	at com.kms.katalon.core.main.TestSuiteExecutor.execute(TestSuiteExecutor.java:106)
	at com.kms.katalon.core.main.TestCaseMain.startTestSuite(TestCaseMain.java:185)
	at com.kms.katalon.core.main.TestCaseMain$startTestSuite$0.call(Unknown Source)
	at TempTestSuite1665158278242.run(TempTestSuite1665158278242.groovy:36)
"/>
         <system-out><![CDATA[2022-10-07 23:02:21 - [TEST_CASE][ERROR] - Test Cases/MyAdmin/Profile/KO-3215 Verify change password failed: Test Cases/MyAdmin/Profile/KO-3215 Verify change password failed FAILED.
Reason:
org.codehaus.groovy.control.MultipleCompilationErrorsException: startup failed:
file:/Users/nhu.tqnguyen/Documents/QUALITY%20ENGINEERING%20-%20SOURCE/LastCode_QE%20Automation/katalon-platform-qengineer-automation/Scripts/MyAdmin/Profile/KO-3215%20Verify%20change%20password%20failed/Script1664699021746.groovy: 18: unable to resolve class katalon.common.ChangePasswordPopup
 @ line 18, column 1.
   import katalon.common.ChangePasswordPopup
   ^

file:/Users/nhu.tqnguyen/Documents/QUALITY%20ENGINEERING%20-%20SOURCE/LastCode_QE%20Automation/katalon-platform-qengineer-automation/Scripts/MyAdmin/Profile/KO-3215%20Verify%20change%20password%20failed/Script1664699021746.groovy: 17: unable to resolve class katalon.common.ProfilePage
 @ line 17, column 1.
   import katalon.common.ProfilePage
   ^

2 errors

	at com.kms.katalon.core.main.ScriptEngine.getScript(ScriptEngine.java:199)
	at com.kms.katalon.core.main.ScriptEngine.run(ScriptEngine.java:194)
	at com.kms.katalon.core.main.ScriptEngine.runScriptAsRawText(ScriptEngine.java:119)
	at com.kms.katalon.core.main.TestCaseExecutor.runScript(TestCaseExecutor.java:448)
	at com.kms.katalon.core.main.TestCaseExecutor.doExecute(TestCaseExecutor.java:439)
	at com.kms.katalon.core.main.TestCaseExecutor.processExecutionPhase(TestCaseExecutor.java:418)
	at com.kms.katalon.core.main.TestCaseExecutor.accessMainPhase(TestCaseExecutor.java:410)
	at com.kms.katalon.core.main.TestCaseExecutor.execute(TestCaseExecutor.java:285)
	at com.kms.katalon.core.main.TestCaseExecutor.execute(TestCaseExecutor.java:369)
	at com.kms.katalon.core.main.TestCaseExecutor.execute(TestCaseExecutor.java:369)
	at com.kms.katalon.core.main.TestCaseExecutor.execute(TestCaseExecutor.java:369)
	at com.kms.katalon.core.common.CommonExecutor.accessTestCaseMainPhase(CommonExecutor.java:65)
	at com.kms.katalon.core.main.TestSuiteExecutor.accessTestSuiteMainPhase(TestSuiteExecutor.java:151)
	at com.kms.katalon.core.main.TestSuiteExecutor.execute(TestSuiteExecutor.java:106)
	at com.kms.katalon.core.main.TestCaseMain.startTestSuite(TestCaseMain.java:185)
	at com.kms.katalon.core.main.TestCaseMain$startTestSuite$0.call(Unknown Source)
	at TempTestSuite1665158278242.run(TempTestSuite1665158278242.groovy:36)


2022-10-07 23:02:21 - [TEST_STEP][PASSED] - Start listener action : sampleBeforeTestCase: Current window maximized

2022-10-07 23:02:21 - [TEST_STEP][PASSED] - openBrowser(null): Browser is opened with url: 'null'

2022-10-07 23:02:21 - [MESSAGE][INFO] - Starting 'Chrome' driver

2022-10-07 23:02:21 - [MESSAGE][INFO] - Action delay is set to 0 milliseconds

2022-10-07 23:02:22 - [MESSAGE][PASSED] - Browser is opened with url: 'null'

2022-10-07 23:02:22 - [TEST_STEP][PASSED] - maximizeWindow(): Current window maximized

2022-10-07 23:02:22 - [MESSAGE][PASSED] - Current window maximized

2022-10-07 23:02:22 - [TEST_STEP][PASSED] - Start listener action : sampleAfterTestCase: Browser is closed

2022-10-07 23:02:22 - [TEST_STEP][PASSED] - if (!(getTestCaseStatus().equalsIgnoreCase("PASSED"))): Browser is closed

2022-10-07 23:02:22 - [TEST_STEP][PASSED] - takeScreenshot(): Taking screenshot successfully

2022-10-07 23:02:23 - [MESSAGE][PASSED] - Taking screenshot successfully
[[ATTACHMENT|/Users/nhu.tqnguyen/Documents/QUALITY ENGINEERING - SOURCE/LastCode_QE Automation/katalon-platform-qengineer-automation/Reports/20221007_225758/Change Password/20221007_225758/1665158542753.png]]

2022-10-07 23:02:23 - [TEST_STEP][PASSED] - closeBrowser(): Browser is closed

2022-10-07 23:02:23 - [MESSAGE][PASSED] - Browser is closed

2022-10-07 23:02:23 - [TEST_STEP][PASSED] - closeBrowser(): Browser is closed

2022-10-07 23:02:23 - [MESSAGE][PASSED] - Browser is closed]]></system-out>
         <system-err><![CDATA[2022-10-07 23:02:21 - [TEST_CASE][ERROR] - Test Cases/MyAdmin/Profile/KO-3215 Verify change password failed: Test Cases/MyAdmin/Profile/KO-3215 Verify change password failed FAILED.
Reason:
org.codehaus.groovy.control.MultipleCompilationErrorsException: startup failed:
file:/Users/nhu.tqnguyen/Documents/QUALITY%20ENGINEERING%20-%20SOURCE/LastCode_QE%20Automation/katalon-platform-qengineer-automation/Scripts/MyAdmin/Profile/KO-3215%20Verify%20change%20password%20failed/Script1664699021746.groovy: 18: unable to resolve class katalon.common.ChangePasswordPopup
 @ line 18, column 1.
   import katalon.common.ChangePasswordPopup
   ^

file:/Users/nhu.tqnguyen/Documents/QUALITY%20ENGINEERING%20-%20SOURCE/LastCode_QE%20Automation/katalon-platform-qengineer-automation/Scripts/MyAdmin/Profile/KO-3215%20Verify%20change%20password%20failed/Script1664699021746.groovy: 17: unable to resolve class katalon.common.ProfilePage
 @ line 17, column 1.
   import katalon.common.ProfilePage
   ^

2 errors

	at com.kms.katalon.core.main.ScriptEngine.getScript(ScriptEngine.java:199)
	at com.kms.katalon.core.main.ScriptEngine.run(ScriptEngine.java:194)
	at com.kms.katalon.core.main.ScriptEngine.runScriptAsRawText(ScriptEngine.java:119)
	at com.kms.katalon.core.main.TestCaseExecutor.runScript(TestCaseExecutor.java:448)
	at com.kms.katalon.core.main.TestCaseExecutor.doExecute(TestCaseExecutor.java:439)
	at com.kms.katalon.core.main.TestCaseExecutor.processExecutionPhase(TestCaseExecutor.java:418)
	at com.kms.katalon.core.main.TestCaseExecutor.accessMainPhase(TestCaseExecutor.java:410)
	at com.kms.katalon.core.main.TestCaseExecutor.execute(TestCaseExecutor.java:285)
	at com.kms.katalon.core.main.TestCaseExecutor.execute(TestCaseExecutor.java:369)
	at com.kms.katalon.core.main.TestCaseExecutor.execute(TestCaseExecutor.java:369)
	at com.kms.katalon.core.main.TestCaseExecutor.execute(TestCaseExecutor.java:369)
	at com.kms.katalon.core.common.CommonExecutor.accessTestCaseMainPhase(CommonExecutor.java:65)
	at com.kms.katalon.core.main.TestSuiteExecutor.accessTestSuiteMainPhase(TestSuiteExecutor.java:151)
	at com.kms.katalon.core.main.TestSuiteExecutor.execute(TestSuiteExecutor.java:106)
	at com.kms.katalon.core.main.TestCaseMain.startTestSuite(TestCaseMain.java:185)
	at com.kms.katalon.core.main.TestCaseMain$startTestSuite$0.call(Unknown Source)
	at TempTestSuite1665158278242.run(TempTestSuite1665158278242.groovy:36)]]></system-err>
      </testcase>
      <testcase name="Test Cases/MyAdmin/Profile/KO-3215 Verify change password failed" time="1.817" classname="Test Cases/MyAdmin/Profile/KO-3215 Verify change password failed" status="ERROR">
         <error type="ERROR" message="Test Cases/MyAdmin/Profile/KO-3215 Verify change password failed FAILED.
Reason:
org.codehaus.groovy.control.MultipleCompilationErrorsException: startup failed:
file:/Users/nhu.tqnguyen/Documents/QUALITY%20ENGINEERING%20-%20SOURCE/LastCode_QE%20Automation/katalon-platform-qengineer-automation/Scripts/MyAdmin/Profile/KO-3215%20Verify%20change%20password%20failed/Script1664699021746.groovy: 18: unable to resolve class katalon.common.ChangePasswordPopup
 @ line 18, column 1.
   import katalon.common.ChangePasswordPopup
   ^

file:/Users/nhu.tqnguyen/Documents/QUALITY%20ENGINEERING%20-%20SOURCE/LastCode_QE%20Automation/katalon-platform-qengineer-automation/Scripts/MyAdmin/Profile/KO-3215%20Verify%20change%20password%20failed/Script1664699021746.groovy: 17: unable to resolve class katalon.common.ProfilePage
 @ line 17, column 1.
   import katalon.common.ProfilePage
   ^

2 errors

	at com.kms.katalon.core.main.ScriptEngine.getScript(ScriptEngine.java:199)
	at com.kms.katalon.core.main.ScriptEngine.run(ScriptEngine.java:194)
	at com.kms.katalon.core.main.ScriptEngine.runScriptAsRawText(ScriptEngine.java:119)
	at com.kms.katalon.core.main.TestCaseExecutor.runScript(TestCaseExecutor.java:448)
	at com.kms.katalon.core.main.TestCaseExecutor.doExecute(TestCaseExecutor.java:439)
	at com.kms.katalon.core.main.TestCaseExecutor.processExecutionPhase(TestCaseExecutor.java:418)
	at com.kms.katalon.core.main.TestCaseExecutor.accessMainPhase(TestCaseExecutor.java:410)
	at com.kms.katalon.core.main.TestCaseExecutor.execute(TestCaseExecutor.java:285)
	at com.kms.katalon.core.main.TestCaseExecutor.execute(TestCaseExecutor.java:369)
	at com.kms.katalon.core.main.TestCaseExecutor.execute(TestCaseExecutor.java:369)
	at com.kms.katalon.core.main.TestCaseExecutor.execute(TestCaseExecutor.java:369)
	at com.kms.katalon.core.common.CommonExecutor.accessTestCaseMainPhase(CommonExecutor.java:65)
	at com.kms.katalon.core.main.TestSuiteExecutor.accessTestSuiteMainPhase(TestSuiteExecutor.java:151)
	at com.kms.katalon.core.main.TestSuiteExecutor.execute(TestSuiteExecutor.java:106)
	at com.kms.katalon.core.main.TestCaseMain.startTestSuite(TestCaseMain.java:185)
	at com.kms.katalon.core.main.TestCaseMain$startTestSuite$0.call(Unknown Source)
	at TempTestSuite1665158278242.run(TempTestSuite1665158278242.groovy:36)
"/>
         <system-out><![CDATA[2022-10-07 23:02:28 - [TEST_CASE][ERROR] - Test Cases/MyAdmin/Profile/KO-3215 Verify change password failed: Test Cases/MyAdmin/Profile/KO-3215 Verify change password failed FAILED.
Reason:
org.codehaus.groovy.control.MultipleCompilationErrorsException: startup failed:
file:/Users/nhu.tqnguyen/Documents/QUALITY%20ENGINEERING%20-%20SOURCE/LastCode_QE%20Automation/katalon-platform-qengineer-automation/Scripts/MyAdmin/Profile/KO-3215%20Verify%20change%20password%20failed/Script1664699021746.groovy: 18: unable to resolve class katalon.common.ChangePasswordPopup
 @ line 18, column 1.
   import katalon.common.ChangePasswordPopup
   ^

file:/Users/nhu.tqnguyen/Documents/QUALITY%20ENGINEERING%20-%20SOURCE/LastCode_QE%20Automation/katalon-platform-qengineer-automation/Scripts/MyAdmin/Profile/KO-3215%20Verify%20change%20password%20failed/Script1664699021746.groovy: 17: unable to resolve class katalon.common.ProfilePage
 @ line 17, column 1.
   import katalon.common.ProfilePage
   ^

2 errors

	at com.kms.katalon.core.main.ScriptEngine.getScript(ScriptEngine.java:199)
	at com.kms.katalon.core.main.ScriptEngine.run(ScriptEngine.java:194)
	at com.kms.katalon.core.main.ScriptEngine.runScriptAsRawText(ScriptEngine.java:119)
	at com.kms.katalon.core.main.TestCaseExecutor.runScript(TestCaseExecutor.java:448)
	at com.kms.katalon.core.main.TestCaseExecutor.doExecute(TestCaseExecutor.java:439)
	at com.kms.katalon.core.main.TestCaseExecutor.processExecutionPhase(TestCaseExecutor.java:418)
	at com.kms.katalon.core.main.TestCaseExecutor.accessMainPhase(TestCaseExecutor.java:410)
	at com.kms.katalon.core.main.TestCaseExecutor.execute(TestCaseExecutor.java:285)
	at com.kms.katalon.core.main.TestCaseExecutor.execute(TestCaseExecutor.java:369)
	at com.kms.katalon.core.main.TestCaseExecutor.execute(TestCaseExecutor.java:369)
	at com.kms.katalon.core.main.TestCaseExecutor.execute(TestCaseExecutor.java:369)
	at com.kms.katalon.core.common.CommonExecutor.accessTestCaseMainPhase(CommonExecutor.java:65)
	at com.kms.katalon.core.main.TestSuiteExecutor.accessTestSuiteMainPhase(TestSuiteExecutor.java:151)
	at com.kms.katalon.core.main.TestSuiteExecutor.execute(TestSuiteExecutor.java:106)
	at com.kms.katalon.core.main.TestCaseMain.startTestSuite(TestCaseMain.java:185)
	at com.kms.katalon.core.main.TestCaseMain$startTestSuite$0.call(Unknown Source)
	at TempTestSuite1665158278242.run(TempTestSuite1665158278242.groovy:36)


2022-10-07 23:02:28 - [TEST_STEP][PASSED] - Start listener action : sampleBeforeTestCase: Current window maximized

2022-10-07 23:02:28 - [TEST_STEP][PASSED] - openBrowser(null): Browser is opened with url: 'null'

2022-10-07 23:02:28 - [MESSAGE][INFO] - Starting 'Chrome' driver

2022-10-07 23:02:28 - [MESSAGE][INFO] - Action delay is set to 0 milliseconds

2022-10-07 23:02:29 - [MESSAGE][PASSED] - Browser is opened with url: 'null'

2022-10-07 23:02:29 - [TEST_STEP][PASSED] - maximizeWindow(): Current window maximized

2022-10-07 23:02:30 - [MESSAGE][PASSED] - Current window maximized

2022-10-07 23:02:30 - [TEST_STEP][PASSED] - Start listener action : sampleAfterTestCase: Browser is closed

2022-10-07 23:02:30 - [TEST_STEP][PASSED] - if (!(getTestCaseStatus().equalsIgnoreCase("PASSED"))): Browser is closed

2022-10-07 23:02:30 - [TEST_STEP][PASSED] - takeScreenshot(): Taking screenshot successfully

2022-10-07 23:02:30 - [MESSAGE][PASSED] - Taking screenshot successfully
[[ATTACHMENT|/Users/nhu.tqnguyen/Documents/QUALITY ENGINEERING - SOURCE/LastCode_QE Automation/katalon-platform-qengineer-automation/Reports/20221007_225758/Change Password/20221007_225758/1665158550282.png]]

2022-10-07 23:02:30 - [TEST_STEP][PASSED] - closeBrowser(): Browser is closed

2022-10-07 23:02:30 - [MESSAGE][PASSED] - Browser is closed

2022-10-07 23:02:30 - [TEST_STEP][PASSED] - closeBrowser(): Browser is closed

2022-10-07 23:02:30 - [MESSAGE][PASSED] - Browser is closed]]></system-out>
         <system-err><![CDATA[2022-10-07 23:02:28 - [TEST_CASE][ERROR] - Test Cases/MyAdmin/Profile/KO-3215 Verify change password failed: Test Cases/MyAdmin/Profile/KO-3215 Verify change password failed FAILED.
Reason:
org.codehaus.groovy.control.MultipleCompilationErrorsException: startup failed:
file:/Users/nhu.tqnguyen/Documents/QUALITY%20ENGINEERING%20-%20SOURCE/LastCode_QE%20Automation/katalon-platform-qengineer-automation/Scripts/MyAdmin/Profile/KO-3215%20Verify%20change%20password%20failed/Script1664699021746.groovy: 18: unable to resolve class katalon.common.ChangePasswordPopup
 @ line 18, column 1.
   import katalon.common.ChangePasswordPopup
   ^

file:/Users/nhu.tqnguyen/Documents/QUALITY%20ENGINEERING%20-%20SOURCE/LastCode_QE%20Automation/katalon-platform-qengineer-automation/Scripts/MyAdmin/Profile/KO-3215%20Verify%20change%20password%20failed/Script1664699021746.groovy: 17: unable to resolve class katalon.common.ProfilePage
 @ line 17, column 1.
   import katalon.common.ProfilePage
   ^

2 errors

	at com.kms.katalon.core.main.ScriptEngine.getScript(ScriptEngine.java:199)
	at com.kms.katalon.core.main.ScriptEngine.run(ScriptEngine.java:194)
	at com.kms.katalon.core.main.ScriptEngine.runScriptAsRawText(ScriptEngine.java:119)
	at com.kms.katalon.core.main.TestCaseExecutor.runScript(TestCaseExecutor.java:448)
	at com.kms.katalon.core.main.TestCaseExecutor.doExecute(TestCaseExecutor.java:439)
	at com.kms.katalon.core.main.TestCaseExecutor.processExecutionPhase(TestCaseExecutor.java:418)
	at com.kms.katalon.core.main.TestCaseExecutor.accessMainPhase(TestCaseExecutor.java:410)
	at com.kms.katalon.core.main.TestCaseExecutor.execute(TestCaseExecutor.java:285)
	at com.kms.katalon.core.main.TestCaseExecutor.execute(TestCaseExecutor.java:369)
	at com.kms.katalon.core.main.TestCaseExecutor.execute(TestCaseExecutor.java:369)
	at com.kms.katalon.core.main.TestCaseExecutor.execute(TestCaseExecutor.java:369)
	at com.kms.katalon.core.common.CommonExecutor.accessTestCaseMainPhase(CommonExecutor.java:65)
	at com.kms.katalon.core.main.TestSuiteExecutor.accessTestSuiteMainPhase(TestSuiteExecutor.java:151)
	at com.kms.katalon.core.main.TestSuiteExecutor.execute(TestSuiteExecutor.java:106)
	at com.kms.katalon.core.main.TestCaseMain.startTestSuite(TestCaseMain.java:185)
	at com.kms.katalon.core.main.TestCaseMain$startTestSuite$0.call(Unknown Source)
	at TempTestSuite1665158278242.run(TempTestSuite1665158278242.groovy:36)]]></system-err>
      </testcase>
      <testcase name="Test Cases/MyAdmin/Profile/KO-3215 Verify change password failed" time="1.884" classname="Test Cases/MyAdmin/Profile/KO-3215 Verify change password failed" status="ERROR">
         <error type="ERROR" message="Test Cases/MyAdmin/Profile/KO-3215 Verify change password failed FAILED.
Reason:
org.codehaus.groovy.control.MultipleCompilationErrorsException: startup failed:
file:/Users/nhu.tqnguyen/Documents/QUALITY%20ENGINEERING%20-%20SOURCE/LastCode_QE%20Automation/katalon-platform-qengineer-automation/Scripts/MyAdmin/Profile/KO-3215%20Verify%20change%20password%20failed/Script1664699021746.groovy: 18: unable to resolve class katalon.common.ChangePasswordPopup
 @ line 18, column 1.
   import katalon.common.ChangePasswordPopup
   ^

file:/Users/nhu.tqnguyen/Documents/QUALITY%20ENGINEERING%20-%20SOURCE/LastCode_QE%20Automation/katalon-platform-qengineer-automation/Scripts/MyAdmin/Profile/KO-3215%20Verify%20change%20password%20failed/Script1664699021746.groovy: 17: unable to resolve class katalon.common.ProfilePage
 @ line 17, column 1.
   import katalon.common.ProfilePage
   ^

2 errors

	at com.kms.katalon.core.main.ScriptEngine.getScript(ScriptEngine.java:199)
	at com.kms.katalon.core.main.ScriptEngine.run(ScriptEngine.java:194)
	at com.kms.katalon.core.main.ScriptEngine.runScriptAsRawText(ScriptEngine.java:119)
	at com.kms.katalon.core.main.TestCaseExecutor.runScript(TestCaseExecutor.java:448)
	at com.kms.katalon.core.main.TestCaseExecutor.doExecute(TestCaseExecutor.java:439)
	at com.kms.katalon.core.main.TestCaseExecutor.processExecutionPhase(TestCaseExecutor.java:418)
	at com.kms.katalon.core.main.TestCaseExecutor.accessMainPhase(TestCaseExecutor.java:410)
	at com.kms.katalon.core.main.TestCaseExecutor.execute(TestCaseExecutor.java:285)
	at com.kms.katalon.core.main.TestCaseExecutor.execute(TestCaseExecutor.java:369)
	at com.kms.katalon.core.main.TestCaseExecutor.execute(TestCaseExecutor.java:369)
	at com.kms.katalon.core.main.TestCaseExecutor.execute(TestCaseExecutor.java:369)
	at com.kms.katalon.core.common.CommonExecutor.accessTestCaseMainPhase(CommonExecutor.java:65)
	at com.kms.katalon.core.main.TestSuiteExecutor.accessTestSuiteMainPhase(TestSuiteExecutor.java:151)
	at com.kms.katalon.core.main.TestSuiteExecutor.execute(TestSuiteExecutor.java:106)
	at com.kms.katalon.core.main.TestCaseMain.startTestSuite(TestCaseMain.java:185)
	at com.kms.katalon.core.main.TestCaseMain$startTestSuite$0.call(Unknown Source)
	at TempTestSuite1665158278242.run(TempTestSuite1665158278242.groovy:36)
"/>
         <system-out><![CDATA[2022-10-07 23:02:36 - [TEST_CASE][ERROR] - Test Cases/MyAdmin/Profile/KO-3215 Verify change password failed: Test Cases/MyAdmin/Profile/KO-3215 Verify change password failed FAILED.
Reason:
org.codehaus.groovy.control.MultipleCompilationErrorsException: startup failed:
file:/Users/nhu.tqnguyen/Documents/QUALITY%20ENGINEERING%20-%20SOURCE/LastCode_QE%20Automation/katalon-platform-qengineer-automation/Scripts/MyAdmin/Profile/KO-3215%20Verify%20change%20password%20failed/Script1664699021746.groovy: 18: unable to resolve class katalon.common.ChangePasswordPopup
 @ line 18, column 1.
   import katalon.common.ChangePasswordPopup
   ^

file:/Users/nhu.tqnguyen/Documents/QUALITY%20ENGINEERING%20-%20SOURCE/LastCode_QE%20Automation/katalon-platform-qengineer-automation/Scripts/MyAdmin/Profile/KO-3215%20Verify%20change%20password%20failed/Script1664699021746.groovy: 17: unable to resolve class katalon.common.ProfilePage
 @ line 17, column 1.
   import katalon.common.ProfilePage
   ^

2 errors

	at com.kms.katalon.core.main.ScriptEngine.getScript(ScriptEngine.java:199)
	at com.kms.katalon.core.main.ScriptEngine.run(ScriptEngine.java:194)
	at com.kms.katalon.core.main.ScriptEngine.runScriptAsRawText(ScriptEngine.java:119)
	at com.kms.katalon.core.main.TestCaseExecutor.runScript(TestCaseExecutor.java:448)
	at com.kms.katalon.core.main.TestCaseExecutor.doExecute(TestCaseExecutor.java:439)
	at com.kms.katalon.core.main.TestCaseExecutor.processExecutionPhase(TestCaseExecutor.java:418)
	at com.kms.katalon.core.main.TestCaseExecutor.accessMainPhase(TestCaseExecutor.java:410)
	at com.kms.katalon.core.main.TestCaseExecutor.execute(TestCaseExecutor.java:285)
	at com.kms.katalon.core.main.TestCaseExecutor.execute(TestCaseExecutor.java:369)
	at com.kms.katalon.core.main.TestCaseExecutor.execute(TestCaseExecutor.java:369)
	at com.kms.katalon.core.main.TestCaseExecutor.execute(TestCaseExecutor.java:369)
	at com.kms.katalon.core.common.CommonExecutor.accessTestCaseMainPhase(CommonExecutor.java:65)
	at com.kms.katalon.core.main.TestSuiteExecutor.accessTestSuiteMainPhase(TestSuiteExecutor.java:151)
	at com.kms.katalon.core.main.TestSuiteExecutor.execute(TestSuiteExecutor.java:106)
	at com.kms.katalon.core.main.TestCaseMain.startTestSuite(TestCaseMain.java:185)
	at com.kms.katalon.core.main.TestCaseMain$startTestSuite$0.call(Unknown Source)
	at TempTestSuite1665158278242.run(TempTestSuite1665158278242.groovy:36)


2022-10-07 23:02:36 - [TEST_STEP][PASSED] - Start listener action : sampleBeforeTestCase: Current window maximized

2022-10-07 23:02:36 - [TEST_STEP][PASSED] - openBrowser(null): Browser is opened with url: 'null'

2022-10-07 23:02:36 - [MESSAGE][INFO] - Starting 'Chrome' driver

2022-10-07 23:02:36 - [MESSAGE][INFO] - Action delay is set to 0 milliseconds

2022-10-07 23:02:37 - [MESSAGE][PASSED] - Browser is opened with url: 'null'

2022-10-07 23:02:37 - [TEST_STEP][PASSED] - maximizeWindow(): Current window maximized

2022-10-07 23:02:37 - [MESSAGE][PASSED] - Current window maximized

2022-10-07 23:02:37 - [TEST_STEP][PASSED] - Start listener action : sampleAfterTestCase: Browser is closed

2022-10-07 23:02:37 - [TEST_STEP][PASSED] - if (!(getTestCaseStatus().equalsIgnoreCase("PASSED"))): Browser is closed

2022-10-07 23:02:37 - [TEST_STEP][PASSED] - takeScreenshot(): Taking screenshot successfully

2022-10-07 23:02:38 - [MESSAGE][PASSED] - Taking screenshot successfully
[[ATTACHMENT|/Users/nhu.tqnguyen/Documents/QUALITY ENGINEERING - SOURCE/LastCode_QE Automation/katalon-platform-qengineer-automation/Reports/20221007_225758/Change Password/20221007_225758/1665158557778.png]]

2022-10-07 23:02:38 - [TEST_STEP][PASSED] - closeBrowser(): Browser is closed

2022-10-07 23:02:38 - [MESSAGE][PASSED] - Browser is closed

2022-10-07 23:02:38 - [TEST_STEP][PASSED] - closeBrowser(): Browser is closed

2022-10-07 23:02:38 - [MESSAGE][PASSED] - Browser is closed]]></system-out>
         <system-err><![CDATA[2022-10-07 23:02:36 - [TEST_CASE][ERROR] - Test Cases/MyAdmin/Profile/KO-3215 Verify change password failed: Test Cases/MyAdmin/Profile/KO-3215 Verify change password failed FAILED.
Reason:
org.codehaus.groovy.control.MultipleCompilationErrorsException: startup failed:
file:/Users/nhu.tqnguyen/Documents/QUALITY%20ENGINEERING%20-%20SOURCE/LastCode_QE%20Automation/katalon-platform-qengineer-automation/Scripts/MyAdmin/Profile/KO-3215%20Verify%20change%20password%20failed/Script1664699021746.groovy: 18: unable to resolve class katalon.common.ChangePasswordPopup
 @ line 18, column 1.
   import katalon.common.ChangePasswordPopup
   ^

file:/Users/nhu.tqnguyen/Documents/QUALITY%20ENGINEERING%20-%20SOURCE/LastCode_QE%20Automation/katalon-platform-qengineer-automation/Scripts/MyAdmin/Profile/KO-3215%20Verify%20change%20password%20failed/Script1664699021746.groovy: 17: unable to resolve class katalon.common.ProfilePage
 @ line 17, column 1.
   import katalon.common.ProfilePage
   ^

2 errors

	at com.kms.katalon.core.main.ScriptEngine.getScript(ScriptEngine.java:199)
	at com.kms.katalon.core.main.ScriptEngine.run(ScriptEngine.java:194)
	at com.kms.katalon.core.main.ScriptEngine.runScriptAsRawText(ScriptEngine.java:119)
	at com.kms.katalon.core.main.TestCaseExecutor.runScript(TestCaseExecutor.java:448)
	at com.kms.katalon.core.main.TestCaseExecutor.doExecute(TestCaseExecutor.java:439)
	at com.kms.katalon.core.main.TestCaseExecutor.processExecutionPhase(TestCaseExecutor.java:418)
	at com.kms.katalon.core.main.TestCaseExecutor.accessMainPhase(TestCaseExecutor.java:410)
	at com.kms.katalon.core.main.TestCaseExecutor.execute(TestCaseExecutor.java:285)
	at com.kms.katalon.core.main.TestCaseExecutor.execute(TestCaseExecutor.java:369)
	at com.kms.katalon.core.main.TestCaseExecutor.execute(TestCaseExecutor.java:369)
	at com.kms.katalon.core.main.TestCaseExecutor.execute(TestCaseExecutor.java:369)
	at com.kms.katalon.core.common.CommonExecutor.accessTestCaseMainPhase(CommonExecutor.java:65)
	at com.kms.katalon.core.main.TestSuiteExecutor.accessTestSuiteMainPhase(TestSuiteExecutor.java:151)
	at com.kms.katalon.core.main.TestSuiteExecutor.execute(TestSuiteExecutor.java:106)
	at com.kms.katalon.core.main.TestCaseMain.startTestSuite(TestCaseMain.java:185)
	at com.kms.katalon.core.main.TestCaseMain$startTestSuite$0.call(Unknown Source)
	at TempTestSuite1665158278242.run(TempTestSuite1665158278242.groovy:36)]]></system-err>
      </testcase>
      <testcase name="Test Cases/MyAdmin/Profile/KO-3215 Verify change password failed" time="1.798" classname="Test Cases/MyAdmin/Profile/KO-3215 Verify change password failed" status="ERROR">
         <error type="ERROR" message="Test Cases/MyAdmin/Profile/KO-3215 Verify change password failed FAILED.
Reason:
org.codehaus.groovy.control.MultipleCompilationErrorsException: startup failed:
file:/Users/nhu.tqnguyen/Documents/QUALITY%20ENGINEERING%20-%20SOURCE/LastCode_QE%20Automation/katalon-platform-qengineer-automation/Scripts/MyAdmin/Profile/KO-3215%20Verify%20change%20password%20failed/Script1664699021746.groovy: 18: unable to resolve class katalon.common.ChangePasswordPopup
 @ line 18, column 1.
   import katalon.common.ChangePasswordPopup
   ^

file:/Users/nhu.tqnguyen/Documents/QUALITY%20ENGINEERING%20-%20SOURCE/LastCode_QE%20Automation/katalon-platform-qengineer-automation/Scripts/MyAdmin/Profile/KO-3215%20Verify%20change%20password%20failed/Script1664699021746.groovy: 17: unable to resolve class katalon.common.ProfilePage
 @ line 17, column 1.
   import katalon.common.ProfilePage
   ^

2 errors

	at com.kms.katalon.core.main.ScriptEngine.getScript(ScriptEngine.java:199)
	at com.kms.katalon.core.main.ScriptEngine.run(ScriptEngine.java:194)
	at com.kms.katalon.core.main.ScriptEngine.runScriptAsRawText(ScriptEngine.java:119)
	at com.kms.katalon.core.main.TestCaseExecutor.runScript(TestCaseExecutor.java:448)
	at com.kms.katalon.core.main.TestCaseExecutor.doExecute(TestCaseExecutor.java:439)
	at com.kms.katalon.core.main.TestCaseExecutor.processExecutionPhase(TestCaseExecutor.java:418)
	at com.kms.katalon.core.main.TestCaseExecutor.accessMainPhase(TestCaseExecutor.java:410)
	at com.kms.katalon.core.main.TestCaseExecutor.execute(TestCaseExecutor.java:285)
	at com.kms.katalon.core.main.TestCaseExecutor.execute(TestCaseExecutor.java:369)
	at com.kms.katalon.core.main.TestCaseExecutor.execute(TestCaseExecutor.java:369)
	at com.kms.katalon.core.main.TestCaseExecutor.execute(TestCaseExecutor.java:369)
	at com.kms.katalon.core.common.CommonExecutor.accessTestCaseMainPhase(CommonExecutor.java:65)
	at com.kms.katalon.core.main.TestSuiteExecutor.accessTestSuiteMainPhase(TestSuiteExecutor.java:151)
	at com.kms.katalon.core.main.TestSuiteExecutor.execute(TestSuiteExecutor.java:106)
	at com.kms.katalon.core.main.TestCaseMain.startTestSuite(TestCaseMain.java:185)
	at com.kms.katalon.core.main.TestCaseMain$startTestSuite$0.call(Unknown Source)
	at TempTestSuite1665158278242.run(TempTestSuite1665158278242.groovy:36)
"/>
         <system-out><![CDATA[2022-10-07 23:04:42 - [TEST_CASE][ERROR] - Test Cases/MyAdmin/Profile/KO-3215 Verify change password failed: Test Cases/MyAdmin/Profile/KO-3215 Verify change password failed FAILED.
Reason:
org.codehaus.groovy.control.MultipleCompilationErrorsException: startup failed:
file:/Users/nhu.tqnguyen/Documents/QUALITY%20ENGINEERING%20-%20SOURCE/LastCode_QE%20Automation/katalon-platform-qengineer-automation/Scripts/MyAdmin/Profile/KO-3215%20Verify%20change%20password%20failed/Script1664699021746.groovy: 18: unable to resolve class katalon.common.ChangePasswordPopup
 @ line 18, column 1.
   import katalon.common.ChangePasswordPopup
   ^

file:/Users/nhu.tqnguyen/Documents/QUALITY%20ENGINEERING%20-%20SOURCE/LastCode_QE%20Automation/katalon-platform-qengineer-automation/Scripts/MyAdmin/Profile/KO-3215%20Verify%20change%20password%20failed/Script1664699021746.groovy: 17: unable to resolve class katalon.common.ProfilePage
 @ line 17, column 1.
   import katalon.common.ProfilePage
   ^

2 errors

	at com.kms.katalon.core.main.ScriptEngine.getScript(ScriptEngine.java:199)
	at com.kms.katalon.core.main.ScriptEngine.run(ScriptEngine.java:194)
	at com.kms.katalon.core.main.ScriptEngine.runScriptAsRawText(ScriptEngine.java:119)
	at com.kms.katalon.core.main.TestCaseExecutor.runScript(TestCaseExecutor.java:448)
	at com.kms.katalon.core.main.TestCaseExecutor.doExecute(TestCaseExecutor.java:439)
	at com.kms.katalon.core.main.TestCaseExecutor.processExecutionPhase(TestCaseExecutor.java:418)
	at com.kms.katalon.core.main.TestCaseExecutor.accessMainPhase(TestCaseExecutor.java:410)
	at com.kms.katalon.core.main.TestCaseExecutor.execute(TestCaseExecutor.java:285)
	at com.kms.katalon.core.main.TestCaseExecutor.execute(TestCaseExecutor.java:369)
	at com.kms.katalon.core.main.TestCaseExecutor.execute(TestCaseExecutor.java:369)
	at com.kms.katalon.core.main.TestCaseExecutor.execute(TestCaseExecutor.java:369)
	at com.kms.katalon.core.common.CommonExecutor.accessTestCaseMainPhase(CommonExecutor.java:65)
	at com.kms.katalon.core.main.TestSuiteExecutor.accessTestSuiteMainPhase(TestSuiteExecutor.java:151)
	at com.kms.katalon.core.main.TestSuiteExecutor.execute(TestSuiteExecutor.java:106)
	at com.kms.katalon.core.main.TestCaseMain.startTestSuite(TestCaseMain.java:185)
	at com.kms.katalon.core.main.TestCaseMain$startTestSuite$0.call(Unknown Source)
	at TempTestSuite1665158278242.run(TempTestSuite1665158278242.groovy:36)


2022-10-07 23:04:42 - [TEST_STEP][PASSED] - Start listener action : sampleBeforeTestCase: Current window maximized

2022-10-07 23:04:42 - [TEST_STEP][PASSED] - openBrowser(null): Browser is opened with url: 'null'

2022-10-07 23:04:42 - [MESSAGE][INFO] - Starting 'Chrome' driver

2022-10-07 23:04:42 - [MESSAGE][INFO] - Action delay is set to 0 milliseconds

2022-10-07 23:04:43 - [MESSAGE][PASSED] - Browser is opened with url: 'null'

2022-10-07 23:04:43 - [TEST_STEP][PASSED] - maximizeWindow(): Current window maximized

2022-10-07 23:04:44 - [MESSAGE][PASSED] - Current window maximized

2022-10-07 23:04:44 - [TEST_STEP][PASSED] - Start listener action : sampleAfterTestCase: Browser is closed

2022-10-07 23:04:44 - [TEST_STEP][PASSED] - if (!(getTestCaseStatus().equalsIgnoreCase("PASSED"))): Browser is closed

2022-10-07 23:04:44 - [TEST_STEP][PASSED] - takeScreenshot(): Taking screenshot successfully

2022-10-07 23:04:44 - [MESSAGE][PASSED] - Taking screenshot successfully
[[ATTACHMENT|/Users/nhu.tqnguyen/Documents/QUALITY ENGINEERING - SOURCE/LastCode_QE Automation/katalon-platform-qengineer-automation/Reports/20221007_225758/Change Password/20221007_225758/1665158684160.png]]

2022-10-07 23:04:44 - [TEST_STEP][PASSED] - closeBrowser(): Browser is closed

2022-10-07 23:04:44 - [MESSAGE][PASSED] - Browser is closed

2022-10-07 23:04:44 - [TEST_STEP][PASSED] - closeBrowser(): Browser is closed

2022-10-07 23:04:44 - [MESSAGE][PASSED] - Browser is closed]]></system-out>
         <system-err><![CDATA[2022-10-07 23:04:42 - [TEST_CASE][ERROR] - Test Cases/MyAdmin/Profile/KO-3215 Verify change password failed: Test Cases/MyAdmin/Profile/KO-3215 Verify change password failed FAILED.
Reason:
org.codehaus.groovy.control.MultipleCompilationErrorsException: startup failed:
file:/Users/nhu.tqnguyen/Documents/QUALITY%20ENGINEERING%20-%20SOURCE/LastCode_QE%20Automation/katalon-platform-qengineer-automation/Scripts/MyAdmin/Profile/KO-3215%20Verify%20change%20password%20failed/Script1664699021746.groovy: 18: unable to resolve class katalon.common.ChangePasswordPopup
 @ line 18, column 1.
   import katalon.common.ChangePasswordPopup
   ^

file:/Users/nhu.tqnguyen/Documents/QUALITY%20ENGINEERING%20-%20SOURCE/LastCode_QE%20Automation/katalon-platform-qengineer-automation/Scripts/MyAdmin/Profile/KO-3215%20Verify%20change%20password%20failed/Script1664699021746.groovy: 17: unable to resolve class katalon.common.ProfilePage
 @ line 17, column 1.
   import katalon.common.ProfilePage
   ^

2 errors

	at com.kms.katalon.core.main.ScriptEngine.getScript(ScriptEngine.java:199)
	at com.kms.katalon.core.main.ScriptEngine.run(ScriptEngine.java:194)
	at com.kms.katalon.core.main.ScriptEngine.runScriptAsRawText(ScriptEngine.java:119)
	at com.kms.katalon.core.main.TestCaseExecutor.runScript(TestCaseExecutor.java:448)
	at com.kms.katalon.core.main.TestCaseExecutor.doExecute(TestCaseExecutor.java:439)
	at com.kms.katalon.core.main.TestCaseExecutor.processExecutionPhase(TestCaseExecutor.java:418)
	at com.kms.katalon.core.main.TestCaseExecutor.accessMainPhase(TestCaseExecutor.java:410)
	at com.kms.katalon.core.main.TestCaseExecutor.execute(TestCaseExecutor.java:285)
	at com.kms.katalon.core.main.TestCaseExecutor.execute(TestCaseExecutor.java:369)
	at com.kms.katalon.core.main.TestCaseExecutor.execute(TestCaseExecutor.java:369)
	at com.kms.katalon.core.main.TestCaseExecutor.execute(TestCaseExecutor.java:369)
	at com.kms.katalon.core.common.CommonExecutor.accessTestCaseMainPhase(CommonExecutor.java:65)
	at com.kms.katalon.core.main.TestSuiteExecutor.accessTestSuiteMainPhase(TestSuiteExecutor.java:151)
	at com.kms.katalon.core.main.TestSuiteExecutor.execute(TestSuiteExecutor.java:106)
	at com.kms.katalon.core.main.TestCaseMain.startTestSuite(TestCaseMain.java:185)
	at com.kms.katalon.core.main.TestCaseMain$startTestSuite$0.call(Unknown Source)
	at TempTestSuite1665158278242.run(TempTestSuite1665158278242.groovy:36)]]></system-err>
      </testcase>
      <system-out><![CDATA[2022-10-07 22:58:08 - [TEST_SUITE][ERROR] - Change Password: Test Cases/MyAdmin/Profile/KO-3214 Verify change password successfully FAILED.
Reason:
org.codehaus.groovy.control.MultipleCompilationErrorsException: startup failed:
file:/Users/nhu.tqnguyen/Documents/QUALITY%20ENGINEERING%20-%20SOURCE/LastCode_QE%20Automation/katalon-platform-qengineer-automation/Scripts/MyAdmin/Profile/KO-3214%20Verify%20change%20password%20successfully/Script1665054504862.groovy: 17: unable to resolve class katalon.common.ProfilePage
 @ line 17, column 1.
   import katalon.common.ProfilePage
   ^

1 error

	at com.kms.katalon.core.main.ScriptEngine.getScript(ScriptEngine.java:199)
	at com.kms.katalon.core.main.ScriptEngine.run(ScriptEngine.java:194)
	at com.kms.katalon.core.main.ScriptEngine.runScriptAsRawText(ScriptEngine.java:119)
	at com.kms.katalon.core.main.TestCaseExecutor.runScript(TestCaseExecutor.java:448)
	at com.kms.katalon.core.main.TestCaseExecutor.doExecute(TestCaseExecutor.java:439)
	at com.kms.katalon.core.main.TestCaseExecutor.processExecutionPhase(TestCaseExecutor.java:418)
	at com.kms.katalon.core.main.TestCaseExecutor.accessMainPhase(TestCaseExecutor.java:410)
	at com.kms.katalon.core.main.TestCaseExecutor.execute(TestCaseExecutor.java:285)
	at com.kms.katalon.core.common.CommonExecutor.accessTestCaseMainPhase(CommonExecutor.java:65)
	at com.kms.katalon.core.main.TestSuiteExecutor.accessTestSuiteMainPhase(TestSuiteExecutor.java:151)
	at com.kms.katalon.core.main.TestSuiteExecutor.execute(TestSuiteExecutor.java:106)
	at com.kms.katalon.core.main.TestCaseMain.startTestSuite(TestCaseMain.java:185)
	at com.kms.katalon.core.main.TestCaseMain$startTestSuite$0.call(Unknown Source)
	at TempTestSuite1665158278242.run(TempTestSuite1665158278242.groovy:36)]]></system-out>
      <system-err><![CDATA[2022-10-07 22:58:08 - [TEST_SUITE][ERROR] - Change Password: Test Cases/MyAdmin/Profile/KO-3214 Verify change password successfully FAILED.
Reason:
org.codehaus.groovy.control.MultipleCompilationErrorsException: startup failed:
file:/Users/nhu.tqnguyen/Documents/QUALITY%20ENGINEERING%20-%20SOURCE/LastCode_QE%20Automation/katalon-platform-qengineer-automation/Scripts/MyAdmin/Profile/KO-3214%20Verify%20change%20password%20successfully/Script1665054504862.groovy: 17: unable to resolve class katalon.common.ProfilePage
 @ line 17, column 1.
   import katalon.common.ProfilePage
   ^

1 error

	at com.kms.katalon.core.main.ScriptEngine.getScript(ScriptEngine.java:199)
	at com.kms.katalon.core.main.ScriptEngine.run(ScriptEngine.java:194)
	at com.kms.katalon.core.main.ScriptEngine.runScriptAsRawText(ScriptEngine.java:119)
	at com.kms.katalon.core.main.TestCaseExecutor.runScript(TestCaseExecutor.java:448)
	at com.kms.katalon.core.main.TestCaseExecutor.doExecute(TestCaseExecutor.java:439)
	at com.kms.katalon.core.main.TestCaseExecutor.processExecutionPhase(TestCaseExecutor.java:418)
	at com.kms.katalon.core.main.TestCaseExecutor.accessMainPhase(TestCaseExecutor.java:410)
	at com.kms.katalon.core.main.TestCaseExecutor.execute(TestCaseExecutor.java:285)
	at com.kms.katalon.core.common.CommonExecutor.accessTestCaseMainPhase(CommonExecutor.java:65)
	at com.kms.katalon.core.main.TestSuiteExecutor.accessTestSuiteMainPhase(TestSuiteExecutor.java:151)
	at com.kms.katalon.core.main.TestSuiteExecutor.execute(TestSuiteExecutor.java:106)
	at com.kms.katalon.core.main.TestCaseMain.startTestSuite(TestCaseMain.java:185)
	at com.kms.katalon.core.main.TestCaseMain$startTestSuite$0.call(Unknown Source)
	at TempTestSuite1665158278242.run(TempTestSuite1665158278242.groovy:36)]]></system-err>
   </testsuite>
</testsuites>
